#
# A fatal error has been detected by the Java Runtime Environment:
#
#  EXCEPTION_ACCESS_VIOLATION (0xc0000005) at pc=0x00007fffb7353bcc, pid=4464, tid=8980
#
# JRE version: OpenJDK Runtime Environment (25.0.1+8) (build 25.0.1+8-27)
# Java VM: OpenJDK 64-Bit Server VM (25.0.1+8-27, mixed mode, sharing, tiered, compressed oops, compressed class ptrs, g1 gc, windows-amd64)
# Problematic frame:
# C  [igxelpicd64.dll+0x2c3bcc]
#
# No core dump will be written. Minidumps are not enabled by default on client versions of Windows
#
# If you would like to submit a bug report, please visit:
#   https://bugreport.java.com/bugreport/crash.jsp
#

---------------  S U M M A R Y ------------

Command Line: -javaagent:C:\Program Files\JetBrains\IntelliJ IDEA 2025.2.1\lib\idea_rt.jar=50105 -Dfile.encoding=UTF-8 -Dsun.stdout.encoding=UTF-8 -Dsun.stderr.encoding=UTF-8 Main

Host: 11th Gen Intel(R) Core(TM) i7-1165G7 @ 2.80GHz, 8 cores, 7G,  Windows 11 , 64 bit Build 26100 (10.0.26100.7623)
Time: Fri Feb  6 23:54:15 2026 ora solare Europa occidentale elapsed time: 340.455249 seconds (0d 0h 5m 40s)

---------------  T H R E A D  ---------------

Current thread (0x000002226a32f600):  VMThread "VM Thread"          [id=8980, stack(0x0000007a6e200000,0x0000007a6e300000) (1024K)]

Stack: [0x0000007a6e200000,0x0000007a6e300000],  sp=0x0000007a6e2fe680,  free space=1017k
Native frames: (J=compiled Java code, j=interpreted, Vv=VM code, C=native code)
C  [igxelpicd64.dll+0x2c3bcc]  (no source info available)
C  [igxelpicd64.dll+0x29e02c]  (no source info available)
C  [igxelpicd64.dll+0x2c1f8f]  (no source info available)
C  [igxelpicd64.dll+0x265efb]  (no source info available)
C  [igxelpicd64.dll+0x297beb]  (no source info available)
C  [igxelpicd64.dll+0x297d9b]  (no source info available)
C  [igxelpicd64.dll+0x2a697f]  (no source info available)
C  [igxelpicd64.dll+0x2a67b4]  (no source info available)
C  [igxelpicd64.dll+0x7dc7eb]  (no source info available)
C  [ntdll.dll+0x15f86e]  (no source info available)
C  [ntdll.dll+0xbcae]  (no source info available)
C  [ntdll.dll+0x8d4af]  (no source info available)
C  [ntdll.dll+0x8c67e]  (no source info available)
C  [KERNEL32.DLL+0x418ab]  (no source info available)
C  [ucrtbase.dll+0xa0093]  (no source info available)
V  [jvm.dll+0x79eb3a]  (no source info available)
V  [jvm.dll+0x79f001]  (no source info available)
V  [jvm.dll+0x79eb20]  (no source info available)
V  [jvm.dll+0x47a184]  (no source info available)
V  [jvm.dll+0x96f091]  (no source info available)
V  [jvm.dll+0x9703ad]  (no source info available)
V  [jvm.dll+0x970929]  (no source info available)
V  [jvm.dll+0x970bd3]  (no source info available)
V  [jvm.dll+0x906a0d]  (no source info available)
V  [jvm.dll+0x7a5135]  (no source info available)
C  [ucrtbase.dll+0x37b0]  (no source info available)
C  [KERNEL32.DLL+0x2e8d7]  (no source info available)
C  [ntdll.dll+0x8c53c]  (no source info available)


siginfo: EXCEPTION_ACCESS_VIOLATION (0xc0000005), reading address 0x0000000000035718


Registers:
RAX=0x0000022270f7f000, RBX=0x0000022270f7eeb0, RCX=0x0000000000000000, RDX=0x0000000000000001
RSP=0x0000007a6e2fe680, RBP=0x0000000000000000, RSI=0x0000022270f7f480, RDI=0x000002226f5e87d0
R8 =0x0000000000000014, R9 =0x0000007a6d752000, R10=0x0000000000000000, R11=0x0000000000000000
R12=0x0000000000000000, R13=0x0000000000000000, R14=0x0000000000000000, R15=0x0000000000000016
RIP=0x00007fffb7353bcc, EFLAGS=0x0000000000010206

XMM[0]=0x0000000000000000 0x0000000000000000
XMM[1]=0x0000000000000000 0x0000000000000000
XMM[2]=0x0000000000000000 0x0000000000000000
XMM[3]=0x0000000000000000 0x0000000000000000
XMM[4]=0x0000000000000000 0x0000000000000000
XMM[5]=0x0000000000000000 0x0000000000000000
XMM[6]=0x0000000000000000 0x0000000000000000
XMM[7]=0x0000000000000000 0x0000000000000000
XMM[8]=0x0000000000000000 0x404e000000000000
XMM[9]=0x0000000000000000 0x0000000000000000
XMM[10]=0x0000000000000000 0x0000000000000000
XMM[11]=0x0000000000000000 0x0000000000000000
XMM[12]=0x0000000000000000 0x0000000000000000
XMM[13]=0x0000000000000000 0x0000000000000000
XMM[14]=0x0000000000000000 0x0000000000000000
XMM[15]=0x0000000000000000 0x0000000000000000
  MXCSR=0x00001fa0


Register to memory mapping:

RAX=0x0000022270f7f000 points into unknown readable memory: 0x0000000000000039 | 39 00 00 00 00 00 00 00
RBX=0x0000022270f7eeb0 points into unknown readable memory: 0x000002226fd0aab0 | b0 aa d0 6f 22 02 00 00
RCX=0x0 is null
RDX=0x0000000000000001 is an unknown value
RSP=0x0000007a6e2fe680 points into unknown readable memory: 0x000002226fa8ff50 | 50 ff a8 6f 22 02 00 00
RBP=0x0 is null
RSI=0x0000022270f7f480 points into unknown readable memory: 0x0000000000000000 | 00 00 00 00 00 00 00 00
RDI=0x000002226f5e87d0 points into unknown readable memory: 0x0000007a6eefc700 | 00 c7 ef 6e 7a 00 00 00
R8 =0x0000000000000014 is an unknown value
R9 =0x0000007a6d752000 points into unknown readable memory: 0x0000000000000000 | 00 00 00 00 00 00 00 00
R10=0x0 is null
R11=0x0 is null
R12=0x0 is null
R13=0x0 is null
R14=0x0 is null
R15=0x0000000000000016 is an unknown value

Top of Stack: (sp=0x0000007a6e2fe680)
0x0000007a6e2fe680:   000002226fa8ff50 0000000000000000   P..o"...........
0x0000007a6e2fe690:   0000007a6e2fe8ff 00007ff8633e5be4   ../nz....[>c....
0x0000007a6e2fe6a0:   0000000000000001 0000000000000000   ................
0x0000007a6e2fe6b0:   0000000000000000 0000000000000000   ................
0x0000007a6e2fe6c0:   0000022270ad2ee0 000000000000003a   ...p"...:.......
0x0000007a6e2fe6d0:   0000000000000000 0000000000000012   ................
0x0000007a6e2fe6e0:   0000000000000000 0000000000000000   ................
0x0000007a6e2fe6f0:   0000007a6e2fe800 00007fffb732e02c   ../nz...,.2.....
0x0000007a6e2fe700:   000002226fa8ff50 000002226f5e87d0   P..o".....^o"...
0x0000007a6e2fe710:   0000000000000000 0000000000000000   ................
0x0000007a6e2fe720:   0000007a0000086c 0000b80219620000   l...z.....b.....
0x0000007a6e2fe730:   0000000000000000 0000000000000000   ................
0x0000007a6e2fe740:   0000000000000000 0000000000000000   ................
0x0000007a6e2fe750:   0000000000000000 0000000000000000   ................
0x0000007a6e2fe760:   0000000000000000 00007fffb73afdff   ..........:.....
0x0000007a6e2fe770:   0000000000000000 0000000000000000   ................
0x0000007a6e2fe780:   0000000000000000 0000000000000000   ................
0x0000007a6e2fe790:   0000000000000000 0000000000000000   ................
0x0000007a6e2fe7a0:   0000000000000000 00007fffb7132257   ........W"......
0x0000007a6e2fe7b0:   0000b80219620000 000000000000086c   ..b.....l.......
0x0000007a6e2fe7c0:   0000000000000000 4000250000000001   .............%.@
0x0000007a6e2fe7d0:   0000000000000000 0000000000000000   ................
0x0000007a6e2fe7e0:   0000000000000000 0000000000000000   ................
0x0000007a6e2fe7f0:   0000000000000000 0000000000000000   ................
0x0000007a6e2fe800:   0000000000000000 0000000000000000   ................
0x0000007a6e2fe810:   0000000000000000 0000000000000000   ................
0x0000007a6e2fe820:   0000000000000000 0000000000000000   ................
0x0000007a6e2fe830:   0000000000000000 0000000000000000   ................
0x0000007a6e2fe840:   0000000000000000 0000000000000000   ................
0x0000007a6e2fe850:   0000000000000000 0000000000000000   ................
0x0000007a6e2fe860:   0000000000000000 0000000000000000   ................
0x0000007a6e2fe870:   0000000000000000 0000000000000000   ................

Instructions: (pc=0x00007fffb7353bcc)
  0x00007fffb7353acc:   ec 40 45 8a e1 48 8b fa 48 8b e9 48 8b 1d b2 a2
  0x00007fffb7353adc:   c8 00 48 89 58 08 48 8b cb ff 15 25 16 82 00 90
  0x00007fffb7353aec:   4c 8b af 78 02 00 00 48 8b 05 f6 83 b8 00 44 8b
  0x00007fffb7353afc:   b8 58 0b 00 00 45 33 db 45 8a f3 4c 89 9f 78 02
  0x00007fffb7353b0c:   00 00 44 89 9f 80 02 00 00 4c 89 9f 98 02 00 00
  0x00007fffb7353b1c:   4c 89 9f 88 02 00 00 48 85 ed 75 38 8b 35 9a 7c
  0x00007fffb7353b2c:   c8 00 65 48 8b 04 25 58 00 00 00 b9 14 00 00 00
  0x00007fffb7353b3c:   48 8b 04 f0 44 38 1c 01 0f 84 ab 1f 70 00 65 48
  0x00007fffb7353b4c:   8b 04 25 58 00 00 00 bd 20 00 00 00 48 8b 04 f0
  0x00007fffb7353b5c:   48 8b 2c 28 48 3b 2d a9 a1 c8 00 45 0f 44 fb 4d
  0x00007fffb7353b6c:   85 ed 0f 84 21 01 00 00 44 8a a4 24 90 00 00 00
  0x00007fffb7353b7c:   49 8b dd 49 8d b5 d0 05 00 00 4c 8b 2e 45 84 e4
  0x00007fffb7353b8c:   0f 85 2a 03 00 00 8b 97 c8 01 00 00 48 8b 05 51
  0x00007fffb7353b9c:   83 b8 00 83 b8 78 03 00 00 02 75 31 83 fa 10 0f
  0x00007fffb7353bac:   83 17 01 00 00 48 8d 04 d5 21 00 00 00 48 03 c2
  0x00007fffb7353bbc:   48 8d 04 c3 48 85 c0 0f 85 2e 01 00 00 49 8b cb
=>0x00007fffb7353bcc:   48 3b 8d 18 57 03 00 0f 87 f3 02 00 00 4c 39 9b
  0x00007fffb7353bdc:   48 06 00 00 0f 85 4f 1f 70 00 44 8b 97 c8 01 00
  0x00007fffb7353bec:   00 48 8b 87 e0 01 00 00 4c 8b 08 8b 97 c8 01 00
  0x00007fffb7353bfc:   00 83 fa 10 0f 83 03 01 00 00 48 8d 04 d5 21 00
  0x00007fffb7353c0c:   00 00 48 03 c2 48 8d 04 c3 48 85 c0 0f 85 e2 00
  0x00007fffb7353c1c:   00 00 49 8b cb 49 3b c9 0f 86 0e 01 00 00 48 8b
  0x00007fffb7353c2c:   87 78 02 00 00 48 89 06 48 89 9f 78 02 00 00 ff
  0x00007fffb7353c3c:   87 80 02 00 00 48 8b 43 08 48 8b 88 18 01 00 00
  0x00007fffb7353c4c:   48 81 e1 00 00 ff ff 48 81 c1 00 00 01 00 48 01
  0x00007fffb7353c5c:   8f 88 02 00 00 48 8b 43 08 48 8b 88 18 01 00 00
  0x00007fffb7353c6c:   48 01 8f 98 02 00 00 4d 85 ed 0f 85 00 ff ff ff
  0x00007fffb7353c7c:   45 84 f6 44 8a a4 24 98 00 00 00 0f 85 82 03 00
  0x00007fffb7353c8c:   00 48 8b 9c 24 80 00 00 00 48 8b cf 45 84 e4 0f
  0x00007fffb7353c9c:   85 8a 03 00 00 e8 8a fa ff ff 90 48 8b cb 48 8b
  0x00007fffb7353cac:   9c 24 88 00 00 00 48 83 c4 40 41 5f 41 5e 41 5d
  0x00007fffb7353cbc:   41 5c 5f 5e 5d 48 ff 25 50 14 82 00 8d 4a f0 8b


Stack slot to memory mapping:

stack at sp + 0 slots: 0x000002226fa8ff50 points into unknown readable memory: 0xffffffffffffffff | ff ff ff ff ff ff ff ff
stack at sp + 1 slots: 0x0 is null
stack at sp + 2 slots: 0x0000007a6e2fe8ff points into unknown readable memory: 00
stack at sp + 3 slots: 0x00007ff8633e5be4 ntdll.dll
stack at sp + 4 slots: 0x0000000000000001 is an unknown value
stack at sp + 5 slots: 0x0 is null
stack at sp + 6 slots: 0x0 is null
stack at sp + 7 slots: 0x0 is null

VM_Operation (0x0000007a6daff5c0): Exit, mode: safepoint, requested by thread 0x000002224b1cba90


---------------  P R O C E S S  ---------------

Threads class SMR info:
_java_thread_list=0x00000222703ce570, length=14, elements={
0x000002224b73fbe0, 0x000002226a3419e0, 0x000002226a342440, 0x000002226a347b40,
0x000002226a350710, 0x000002226a353410, 0x000002226a35c110, 0x000002226a35fae0,
0x000002226a364710, 0x000002226a5263a0, 0x000002226a573a70, 0x000002226a574230,
0x000002226a7dd140, 0x000002224b1cba90
}

Java Threads: ( => current thread )
  0x000002224b73fbe0 JavaThread "main"                              [_thread_blocked, id=11260, stack(0x0000007a6db00000,0x0000007a6dc00000) (1024K)]
  0x000002226a3419e0 JavaThread "Reference Handler"          daemon [_thread_blocked, id=10792, stack(0x0000007a6e300000,0x0000007a6e400000) (1024K)]
  0x000002226a342440 JavaThread "Finalizer"                  daemon [_thread_blocked, id=14888, stack(0x0000007a6e400000,0x0000007a6e500000) (1024K)]
  0x000002226a347b40 JavaThread "Signal Dispatcher"          daemon [_thread_blocked, id=5956, stack(0x0000007a6e500000,0x0000007a6e600000) (1024K)]
  0x000002226a350710 JavaThread "Attach Listener"            daemon [_thread_blocked, id=14976, stack(0x0000007a6e600000,0x0000007a6e700000) (1024K)]
  0x000002226a353410 JavaThread "Service Thread"             daemon [_thread_blocked, id=6592, stack(0x0000007a6e700000,0x0000007a6e800000) (1024K)]
  0x000002226a35c110 JavaThread "Monitor Deflation Thread"   daemon [_thread_blocked, id=8144, stack(0x0000007a6e800000,0x0000007a6e900000) (1024K)]
  0x000002226a35fae0 JavaThread "C2 CompilerThread0"         daemon [_thread_blocked, id=10388, stack(0x0000007a6e900000,0x0000007a6ea00000) (1024K)]
  0x000002226a364710 JavaThread "C1 CompilerThread0"         daemon [_thread_blocked, id=4484, stack(0x0000007a6ea00000,0x0000007a6eb00000) (1024K)]
  0x000002226a5263a0 JavaThread "Common-Cleaner"             daemon [_thread_blocked, id=15988, stack(0x0000007a6eb00000,0x0000007a6ec00000) (1024K)]
  0x000002226a573a70 JavaThread "Monitor Ctrl-Break"         daemon [_thread_in_native, id=17368, stack(0x0000007a6ec00000,0x0000007a6ed00000) (1024K)]
  0x000002226a574230 JavaThread "Notification Thread"        daemon [_thread_blocked, id=6944, stack(0x0000007a6ed00000,0x0000007a6ee00000) (1024K)]
  0x000002226a7dd140 JavaThread "JavaCPP Deallocator"        daemon [_thread_blocked, id=6040, stack(0x0000007a6ef00000,0x0000007a6f000000) (1024K)]
  0x000002224b1cba90 JavaThread "SIGINT handler"             daemon [_thread_blocked, id=5804, stack(0x0000007a6da00000,0x0000007a6db00000) (1024K)]
Total: 14

Other Threads:
=>0x000002226a32f600 VMThread "VM Thread"                           [id=8980, stack(0x0000007a6e200000,0x0000007a6e300000) (1024K)]
  0x000002224b796f10 WorkerThread "GC Thread#0"                     [id=19444, stack(0x0000007a6dc00000,0x0000007a6dd00000) (1024K)]
  0x000002224b2bddd0 ConcurrentGCThread "G1 Main Marker"            terminated
  0x000002224b2be970 WorkerThread "G1 Conc#0"                       [id=9996, stack(0x0000007a6de00000,0x0000007a6df00000) (1024K)]
  0x000002224b7fe480 ConcurrentGCThread "G1 Refine#0"               terminated
  0x000002226a1f30a0 ConcurrentGCThread "G1 Service"                terminated
Total: 6

Threads with active compile tasks:
C1 CompilerThread0  340580 1059       3       java.lang.invoke.MethodType::genericMethodType (95 bytes)
Total: 1

VM state: at safepoint (shutting down)

VM Mutex/Monitor currently owned by a thread:  ([mutex/lock_event])
[0x00007fffbf4e91e8] ThreadsLockThrottle_lock - owner thread: 0x000002226a347b40
[0x00007fffbf4e94e8] Threads_lock - owner thread: 0x000002226a32f600
[0x00007fffbf4e9668] Heap_lock - owner thread: 0x000002224b1cba90

Heap address: 0x0000000083600000, size: 1994 MB, Compressed Oops mode: 32-bit

CDS archive(s) mapped at: [0x000000003d000000-0x000000003ddd0000-0x000000003ddd0000), size 14483456, SharedBaseAddress: 0x000000003d000000, ArchiveRelocationMode: 1.
Compressed class space mapped at: 0x000000003e000000-0x000000007e000000, reserved size: 1073741824
UseCompressedClassPointers 1, UseCompactObjectHeaders 0
Narrow klass pointer bits 32, Max shift 3
Narrow klass base: 0x000000003d000000, Narrow klass shift: 0
Encoding Range: [0x000000003d000000 - 0x000000013d000000), (4294967296 bytes)
Klass Range:    [0x000000003d010000 - 0x000000007e000000), (1090453504 bytes)
Klass ID Range:  [65536 - 1090519033) (1090453497)
Protection zone: [0x000000003d000000 - 0x000000003d010000), (65536 bytes)

GC Precious Log:
 CardTable entry size: 512
 Card Set container configuration: InlinePtr #cards 5 size 8 Array Of Cards #cards 10 size 36 Howl #buckets 4 coarsen threshold 1843 Howl Bitmap #cards 512 size 80 coarsen threshold 460 Card regions per heap region 1 cards per card region 2048
 CPUs: 8 total, 8 available
 Memory: 7971M
 Large Page Support: Disabled
 NUMA Support: Disabled
 Compressed Oops: Enabled (32-bit)
 Heap Region Size: 1M
 Heap Min Capacity: 8M
 Heap Initial Capacity: 126M
 Heap Max Capacity: 1994M
 Pre-touch: Disabled
 Parallel Workers: 8
 Concurrent Workers: 2
 Concurrent Refinement Workers: 8
 Periodic GC: Disabled

Heap:
 garbage-first heap   total reserved 2041856K, committed 131072K, used 23699K [0x0000000083600000, 0x0000000100000000)
  region size 1024K, 23 young (23552K), 0 survivors (0K)

Heap Regions: E=young(eden), S=young(survivor), O=old, HS=humongous(starts), HC=humongous(continues), CS=collection set, F=free, TAMS=top-at-mark-start, PB=parsable bottom
|   0|0x0000000083600000, 0x0000000083600000, 0x0000000083700000|  0%| F|  |TAMS 0x0000000083600000| PB 0x0000000083600000| Untracked |  0
|   1|0x0000000083700000, 0x0000000083700000, 0x0000000083800000|  0%| F|  |TAMS 0x0000000083700000| PB 0x0000000083700000| Untracked |  0
|   2|0x0000000083800000, 0x0000000083800000, 0x0000000083900000|  0%| F|  |TAMS 0x0000000083800000| PB 0x0000000083800000| Untracked |  0
|   3|0x0000000083900000, 0x0000000083900000, 0x0000000083a00000|  0%| F|  |TAMS 0x0000000083900000| PB 0x0000000083900000| Untracked |  0
|   4|0x0000000083a00000, 0x0000000083a00000, 0x0000000083b00000|  0%| F|  |TAMS 0x0000000083a00000| PB 0x0000000083a00000| Untracked |  0
|   5|0x0000000083b00000, 0x0000000083b00000, 0x0000000083c00000|  0%| F|  |TAMS 0x0000000083b00000| PB 0x0000000083b00000| Untracked |  0
|   6|0x0000000083c00000, 0x0000000083c00000, 0x0000000083d00000|  0%| F|  |TAMS 0x0000000083c00000| PB 0x0000000083c00000| Untracked |  0
|   7|0x0000000083d00000, 0x0000000083d00000, 0x0000000083e00000|  0%| F|  |TAMS 0x0000000083d00000| PB 0x0000000083d00000| Untracked |  0
|   8|0x0000000083e00000, 0x0000000083e00000, 0x0000000083f00000|  0%| F|  |TAMS 0x0000000083e00000| PB 0x0000000083e00000| Untracked |  0
|   9|0x0000000083f00000, 0x0000000083f00000, 0x0000000084000000|  0%| F|  |TAMS 0x0000000083f00000| PB 0x0000000083f00000| Untracked |  0
|  10|0x0000000084000000, 0x0000000084000000, 0x0000000084100000|  0%| F|  |TAMS 0x0000000084000000| PB 0x0000000084000000| Untracked |  0
|  11|0x0000000084100000, 0x0000000084100000, 0x0000000084200000|  0%| F|  |TAMS 0x0000000084100000| PB 0x0000000084100000| Untracked |  0
|  12|0x0000000084200000, 0x0000000084200000, 0x0000000084300000|  0%| F|  |TAMS 0x0000000084200000| PB 0x0000000084200000| Untracked |  0
|  13|0x0000000084300000, 0x0000000084300000, 0x0000000084400000|  0%| F|  |TAMS 0x0000000084300000| PB 0x0000000084300000| Untracked |  0
|  14|0x0000000084400000, 0x0000000084400000, 0x0000000084500000|  0%| F|  |TAMS 0x0000000084400000| PB 0x0000000084400000| Untracked |  0
|  15|0x0000000084500000, 0x0000000084500000, 0x0000000084600000|  0%| F|  |TAMS 0x0000000084500000| PB 0x0000000084500000| Untracked |  0
|  16|0x0000000084600000, 0x0000000084600000, 0x0000000084700000|  0%| F|  |TAMS 0x0000000084600000| PB 0x0000000084600000| Untracked |  0
|  17|0x0000000084700000, 0x0000000084700000, 0x0000000084800000|  0%| F|  |TAMS 0x0000000084700000| PB 0x0000000084700000| Untracked |  0
|  18|0x0000000084800000, 0x0000000084800000, 0x0000000084900000|  0%| F|  |TAMS 0x0000000084800000| PB 0x0000000084800000| Untracked |  0
|  19|0x0000000084900000, 0x0000000084900000, 0x0000000084a00000|  0%| F|  |TAMS 0x0000000084900000| PB 0x0000000084900000| Untracked |  0
|  20|0x0000000084a00000, 0x0000000084a00000, 0x0000000084b00000|  0%| F|  |TAMS 0x0000000084a00000| PB 0x0000000084a00000| Untracked |  0
|  21|0x0000000084b00000, 0x0000000084b00000, 0x0000000084c00000|  0%| F|  |TAMS 0x0000000084b00000| PB 0x0000000084b00000| Untracked |  0
|  22|0x0000000084c00000, 0x0000000084c00000, 0x0000000084d00000|  0%| F|  |TAMS 0x0000000084c00000| PB 0x0000000084c00000| Untracked |  0
|  23|0x0000000084d00000, 0x0000000084d00000, 0x0000000084e00000|  0%| F|  |TAMS 0x0000000084d00000| PB 0x0000000084d00000| Untracked |  0
|  24|0x0000000084e00000, 0x0000000084e00000, 0x0000000084f00000|  0%| F|  |TAMS 0x0000000084e00000| PB 0x0000000084e00000| Untracked |  0
|  25|0x0000000084f00000, 0x0000000084f00000, 0x0000000085000000|  0%| F|  |TAMS 0x0000000084f00000| PB 0x0000000084f00000| Untracked |  0
|  26|0x0000000085000000, 0x0000000085000000, 0x0000000085100000|  0%| F|  |TAMS 0x0000000085000000| PB 0x0000000085000000| Untracked |  0
|  27|0x0000000085100000, 0x0000000085100000, 0x0000000085200000|  0%| F|  |TAMS 0x0000000085100000| PB 0x0000000085100000| Untracked |  0
|  28|0x0000000085200000, 0x0000000085200000, 0x0000000085300000|  0%| F|  |TAMS 0x0000000085200000| PB 0x0000000085200000| Untracked |  0
|  29|0x0000000085300000, 0x0000000085300000, 0x0000000085400000|  0%| F|  |TAMS 0x0000000085300000| PB 0x0000000085300000| Untracked |  0
|  30|0x0000000085400000, 0x0000000085400000, 0x0000000085500000|  0%| F|  |TAMS 0x0000000085400000| PB 0x0000000085400000| Untracked |  0
|  31|0x0000000085500000, 0x0000000085500000, 0x0000000085600000|  0%| F|  |TAMS 0x0000000085500000| PB 0x0000000085500000| Untracked |  0
|  32|0x0000000085600000, 0x0000000085600000, 0x0000000085700000|  0%| F|  |TAMS 0x0000000085600000| PB 0x0000000085600000| Untracked |  0
|  33|0x0000000085700000, 0x0000000085700000, 0x0000000085800000|  0%| F|  |TAMS 0x0000000085700000| PB 0x0000000085700000| Untracked |  0
|  34|0x0000000085800000, 0x0000000085800000, 0x0000000085900000|  0%| F|  |TAMS 0x0000000085800000| PB 0x0000000085800000| Untracked |  0
|  35|0x0000000085900000, 0x0000000085900000, 0x0000000085a00000|  0%| F|  |TAMS 0x0000000085900000| PB 0x0000000085900000| Untracked |  0
|  36|0x0000000085a00000, 0x0000000085a00000, 0x0000000085b00000|  0%| F|  |TAMS 0x0000000085a00000| PB 0x0000000085a00000| Untracked |  0
|  37|0x0000000085b00000, 0x0000000085b00000, 0x0000000085c00000|  0%| F|  |TAMS 0x0000000085b00000| PB 0x0000000085b00000| Untracked |  0
|  38|0x0000000085c00000, 0x0000000085c00000, 0x0000000085d00000|  0%| F|  |TAMS 0x0000000085c00000| PB 0x0000000085c00000| Untracked |  0
|  39|0x0000000085d00000, 0x0000000085d00000, 0x0000000085e00000|  0%| F|  |TAMS 0x0000000085d00000| PB 0x0000000085d00000| Untracked |  0
|  40|0x0000000085e00000, 0x0000000085e00000, 0x0000000085f00000|  0%| F|  |TAMS 0x0000000085e00000| PB 0x0000000085e00000| Untracked |  0
|  41|0x0000000085f00000, 0x0000000085f00000, 0x0000000086000000|  0%| F|  |TAMS 0x0000000085f00000| PB 0x0000000085f00000| Untracked |  0
|  42|0x0000000086000000, 0x0000000086000000, 0x0000000086100000|  0%| F|  |TAMS 0x0000000086000000| PB 0x0000000086000000| Untracked |  0
|  43|0x0000000086100000, 0x0000000086100000, 0x0000000086200000|  0%| F|  |TAMS 0x0000000086100000| PB 0x0000000086100000| Untracked |  0
|  44|0x0000000086200000, 0x0000000086200000, 0x0000000086300000|  0%| F|  |TAMS 0x0000000086200000| PB 0x0000000086200000| Untracked |  0
|  45|0x0000000086300000, 0x0000000086300000, 0x0000000086400000|  0%| F|  |TAMS 0x0000000086300000| PB 0x0000000086300000| Untracked |  0
|  46|0x0000000086400000, 0x0000000086400000, 0x0000000086500000|  0%| F|  |TAMS 0x0000000086400000| PB 0x0000000086400000| Untracked |  0
|  47|0x0000000086500000, 0x0000000086500000, 0x0000000086600000|  0%| F|  |TAMS 0x0000000086500000| PB 0x0000000086500000| Untracked |  0
|  48|0x0000000086600000, 0x0000000086600000, 0x0000000086700000|  0%| F|  |TAMS 0x0000000086600000| PB 0x0000000086600000| Untracked |  0
|  49|0x0000000086700000, 0x0000000086700000, 0x0000000086800000|  0%| F|  |TAMS 0x0000000086700000| PB 0x0000000086700000| Untracked |  0
|  50|0x0000000086800000, 0x0000000086800000, 0x0000000086900000|  0%| F|  |TAMS 0x0000000086800000| PB 0x0000000086800000| Untracked |  0
|  51|0x0000000086900000, 0x0000000086900000, 0x0000000086a00000|  0%| F|  |TAMS 0x0000000086900000| PB 0x0000000086900000| Untracked |  0
|  52|0x0000000086a00000, 0x0000000086a00000, 0x0000000086b00000|  0%| F|  |TAMS 0x0000000086a00000| PB 0x0000000086a00000| Untracked |  0
|  53|0x0000000086b00000, 0x0000000086b00000, 0x0000000086c00000|  0%| F|  |TAMS 0x0000000086b00000| PB 0x0000000086b00000| Untracked |  0
|  54|0x0000000086c00000, 0x0000000086c00000, 0x0000000086d00000|  0%| F|  |TAMS 0x0000000086c00000| PB 0x0000000086c00000| Untracked |  0
|  55|0x0000000086d00000, 0x0000000086d00000, 0x0000000086e00000|  0%| F|  |TAMS 0x0000000086d00000| PB 0x0000000086d00000| Untracked |  0
|  56|0x0000000086e00000, 0x0000000086e00000, 0x0000000086f00000|  0%| F|  |TAMS 0x0000000086e00000| PB 0x0000000086e00000| Untracked |  0
|  57|0x0000000086f00000, 0x0000000086f00000, 0x0000000087000000|  0%| F|  |TAMS 0x0000000086f00000| PB 0x0000000086f00000| Untracked |  0
|  58|0x0000000087000000, 0x0000000087000000, 0x0000000087100000|  0%| F|  |TAMS 0x0000000087000000| PB 0x0000000087000000| Untracked |  0
|  59|0x0000000087100000, 0x0000000087100000, 0x0000000087200000|  0%| F|  |TAMS 0x0000000087100000| PB 0x0000000087100000| Untracked |  0
|  60|0x0000000087200000, 0x0000000087200000, 0x0000000087300000|  0%| F|  |TAMS 0x0000000087200000| PB 0x0000000087200000| Untracked |  0
|  61|0x0000000087300000, 0x0000000087300000, 0x0000000087400000|  0%| F|  |TAMS 0x0000000087300000| PB 0x0000000087300000| Untracked |  0
|  62|0x0000000087400000, 0x0000000087400000, 0x0000000087500000|  0%| F|  |TAMS 0x0000000087400000| PB 0x0000000087400000| Untracked |  0
|  63|0x0000000087500000, 0x0000000087500000, 0x0000000087600000|  0%| F|  |TAMS 0x0000000087500000| PB 0x0000000087500000| Untracked |  0
|  64|0x0000000087600000, 0x0000000087600000, 0x0000000087700000|  0%| F|  |TAMS 0x0000000087600000| PB 0x0000000087600000| Untracked |  0
|  65|0x0000000087700000, 0x0000000087700000, 0x0000000087800000|  0%| F|  |TAMS 0x0000000087700000| PB 0x0000000087700000| Untracked |  0
|  66|0x0000000087800000, 0x0000000087800000, 0x0000000087900000|  0%| F|  |TAMS 0x0000000087800000| PB 0x0000000087800000| Untracked |  0
|  67|0x0000000087900000, 0x0000000087900000, 0x0000000087a00000|  0%| F|  |TAMS 0x0000000087900000| PB 0x0000000087900000| Untracked |  0
|  68|0x0000000087a00000, 0x0000000087a00000, 0x0000000087b00000|  0%| F|  |TAMS 0x0000000087a00000| PB 0x0000000087a00000| Untracked |  0
|  69|0x0000000087b00000, 0x0000000087b00000, 0x0000000087c00000|  0%| F|  |TAMS 0x0000000087b00000| PB 0x0000000087b00000| Untracked |  0
|  70|0x0000000087c00000, 0x0000000087c00000, 0x0000000087d00000|  0%| F|  |TAMS 0x0000000087c00000| PB 0x0000000087c00000| Untracked |  0
|  71|0x0000000087d00000, 0x0000000087d00000, 0x0000000087e00000|  0%| F|  |TAMS 0x0000000087d00000| PB 0x0000000087d00000| Untracked |  0
|  72|0x0000000087e00000, 0x0000000087e00000, 0x0000000087f00000|  0%| F|  |TAMS 0x0000000087e00000| PB 0x0000000087e00000| Untracked |  0
|  73|0x0000000087f00000, 0x0000000087f00000, 0x0000000088000000|  0%| F|  |TAMS 0x0000000087f00000| PB 0x0000000087f00000| Untracked |  0
|  74|0x0000000088000000, 0x0000000088000000, 0x0000000088100000|  0%| F|  |TAMS 0x0000000088000000| PB 0x0000000088000000| Untracked |  0
|  75|0x0000000088100000, 0x0000000088100000, 0x0000000088200000|  0%| F|  |TAMS 0x0000000088100000| PB 0x0000000088100000| Untracked |  0
|  76|0x0000000088200000, 0x0000000088200000, 0x0000000088300000|  0%| F|  |TAMS 0x0000000088200000| PB 0x0000000088200000| Untracked |  0
|  77|0x0000000088300000, 0x0000000088300000, 0x0000000088400000|  0%| F|  |TAMS 0x0000000088300000| PB 0x0000000088300000| Untracked |  0
|  78|0x0000000088400000, 0x0000000088400000, 0x0000000088500000|  0%| F|  |TAMS 0x0000000088400000| PB 0x0000000088400000| Untracked |  0
|  79|0x0000000088500000, 0x0000000088500000, 0x0000000088600000|  0%| F|  |TAMS 0x0000000088500000| PB 0x0000000088500000| Untracked |  0
|  80|0x0000000088600000, 0x0000000088600000, 0x0000000088700000|  0%| F|  |TAMS 0x0000000088600000| PB 0x0000000088600000| Untracked |  0
|  81|0x0000000088700000, 0x0000000088700000, 0x0000000088800000|  0%| F|  |TAMS 0x0000000088700000| PB 0x0000000088700000| Untracked |  0
|  82|0x0000000088800000, 0x0000000088800000, 0x0000000088900000|  0%| F|  |TAMS 0x0000000088800000| PB 0x0000000088800000| Untracked |  0
|  83|0x0000000088900000, 0x0000000088900000, 0x0000000088a00000|  0%| F|  |TAMS 0x0000000088900000| PB 0x0000000088900000| Untracked |  0
|  84|0x0000000088a00000, 0x0000000088a00000, 0x0000000088b00000|  0%| F|  |TAMS 0x0000000088a00000| PB 0x0000000088a00000| Untracked |  0
|  85|0x0000000088b00000, 0x0000000088b00000, 0x0000000088c00000|  0%| F|  |TAMS 0x0000000088b00000| PB 0x0000000088b00000| Untracked |  0
|  86|0x0000000088c00000, 0x0000000088c00000, 0x0000000088d00000|  0%| F|  |TAMS 0x0000000088c00000| PB 0x0000000088c00000| Untracked |  0
|  87|0x0000000088d00000, 0x0000000088d00000, 0x0000000088e00000|  0%| F|  |TAMS 0x0000000088d00000| PB 0x0000000088d00000| Untracked |  0
|  88|0x0000000088e00000, 0x0000000088e00000, 0x0000000088f00000|  0%| F|  |TAMS 0x0000000088e00000| PB 0x0000000088e00000| Untracked |  0
|  89|0x0000000088f00000, 0x0000000088f00000, 0x0000000089000000|  0%| F|  |TAMS 0x0000000088f00000| PB 0x0000000088f00000| Untracked |  0
|  90|0x0000000089000000, 0x0000000089000000, 0x0000000089100000|  0%| F|  |TAMS 0x0000000089000000| PB 0x0000000089000000| Untracked |  0
|  91|0x0000000089100000, 0x0000000089100000, 0x0000000089200000|  0%| F|  |TAMS 0x0000000089100000| PB 0x0000000089100000| Untracked |  0
|  92|0x0000000089200000, 0x0000000089200000, 0x0000000089300000|  0%| F|  |TAMS 0x0000000089200000| PB 0x0000000089200000| Untracked |  0
|  93|0x0000000089300000, 0x0000000089300000, 0x0000000089400000|  0%| F|  |TAMS 0x0000000089300000| PB 0x0000000089300000| Untracked |  0
|  94|0x0000000089400000, 0x0000000089400000, 0x0000000089500000|  0%| F|  |TAMS 0x0000000089400000| PB 0x0000000089400000| Untracked |  0
|  95|0x0000000089500000, 0x0000000089500000, 0x0000000089600000|  0%| F|  |TAMS 0x0000000089500000| PB 0x0000000089500000| Untracked |  0
|  96|0x0000000089600000, 0x0000000089600000, 0x0000000089700000|  0%| F|  |TAMS 0x0000000089600000| PB 0x0000000089600000| Untracked |  0
|  97|0x0000000089700000, 0x0000000089700000, 0x0000000089800000|  0%| F|  |TAMS 0x0000000089700000| PB 0x0000000089700000| Untracked |  0
|  98|0x0000000089800000, 0x0000000089800000, 0x0000000089900000|  0%| F|  |TAMS 0x0000000089800000| PB 0x0000000089800000| Untracked |  0
|  99|0x0000000089900000, 0x0000000089900000, 0x0000000089a00000|  0%| F|  |TAMS 0x0000000089900000| PB 0x0000000089900000| Untracked |  0
| 100|0x0000000089a00000, 0x0000000089a00000, 0x0000000089b00000|  0%| F|  |TAMS 0x0000000089a00000| PB 0x0000000089a00000| Untracked |  0
| 101|0x0000000089b00000, 0x0000000089b00000, 0x0000000089c00000|  0%| F|  |TAMS 0x0000000089b00000| PB 0x0000000089b00000| Untracked |  0
| 102|0x0000000089c00000, 0x0000000089c00000, 0x0000000089d00000|  0%| F|  |TAMS 0x0000000089c00000| PB 0x0000000089c00000| Untracked |  0
| 103|0x0000000089d00000, 0x0000000089d80000, 0x0000000089e00000| 50%| E|  |TAMS 0x0000000089d00000| PB 0x0000000089d00000| Complete |  0
| 104|0x0000000089e00000, 0x0000000089f00000, 0x0000000089f00000|100%| E|CS|TAMS 0x0000000089e00000| PB 0x0000000089e00000| Complete |  0
| 105|0x0000000089f00000, 0x000000008a000000, 0x000000008a000000|100%| E|CS|TAMS 0x0000000089f00000| PB 0x0000000089f00000| Complete |  0
| 106|0x000000008a000000, 0x000000008a100000, 0x000000008a100000|100%| E|CS|TAMS 0x000000008a000000| PB 0x000000008a000000| Complete |  0
| 107|0x000000008a100000, 0x000000008a200000, 0x000000008a200000|100%| E|CS|TAMS 0x000000008a100000| PB 0x000000008a100000| Complete |  0
| 108|0x000000008a200000, 0x000000008a300000, 0x000000008a300000|100%| E|CS|TAMS 0x000000008a200000| PB 0x000000008a200000| Complete |  0
| 109|0x000000008a300000, 0x000000008a400000, 0x000000008a400000|100%| E|CS|TAMS 0x000000008a300000| PB 0x000000008a300000| Complete |  0
| 110|0x000000008a400000, 0x000000008a500000, 0x000000008a500000|100%| E|CS|TAMS 0x000000008a400000| PB 0x000000008a400000| Complete |  0
| 111|0x000000008a500000, 0x000000008a600000, 0x000000008a600000|100%| E|CS|TAMS 0x000000008a500000| PB 0x000000008a500000| Complete |  0
| 112|0x000000008a600000, 0x000000008a700000, 0x000000008a700000|100%| E|CS|TAMS 0x000000008a600000| PB 0x000000008a600000| Complete |  0
| 113|0x000000008a700000, 0x000000008a800000, 0x000000008a800000|100%| E|CS|TAMS 0x000000008a700000| PB 0x000000008a700000| Complete |  0
| 114|0x000000008a800000, 0x000000008a900000, 0x000000008a900000|100%| E|CS|TAMS 0x000000008a800000| PB 0x000000008a800000| Complete |  0
| 115|0x000000008a900000, 0x000000008aa00000, 0x000000008aa00000|100%| E|CS|TAMS 0x000000008a900000| PB 0x000000008a900000| Complete |  0
| 116|0x000000008aa00000, 0x000000008ab00000, 0x000000008ab00000|100%| E|CS|TAMS 0x000000008aa00000| PB 0x000000008aa00000| Complete |  0
| 117|0x000000008ab00000, 0x000000008ac00000, 0x000000008ac00000|100%| E|CS|TAMS 0x000000008ab00000| PB 0x000000008ab00000| Complete |  0
| 118|0x000000008ac00000, 0x000000008ad00000, 0x000000008ad00000|100%| E|CS|TAMS 0x000000008ac00000| PB 0x000000008ac00000| Complete |  0
| 119|0x000000008ad00000, 0x000000008ae00000, 0x000000008ae00000|100%| E|CS|TAMS 0x000000008ad00000| PB 0x000000008ad00000| Complete |  0
| 120|0x000000008ae00000, 0x000000008af00000, 0x000000008af00000|100%| E|CS|TAMS 0x000000008ae00000| PB 0x000000008ae00000| Complete |  0
| 121|0x000000008af00000, 0x000000008b000000, 0x000000008b000000|100%| E|CS|TAMS 0x000000008af00000| PB 0x000000008af00000| Complete |  0
| 122|0x000000008b000000, 0x000000008b100000, 0x000000008b100000|100%| E|CS|TAMS 0x000000008b000000| PB 0x000000008b000000| Complete |  0
| 123|0x000000008b100000, 0x000000008b200000, 0x000000008b200000|100%| E|CS|TAMS 0x000000008b100000| PB 0x000000008b100000| Complete |  0
| 124|0x000000008b200000, 0x000000008b300000, 0x000000008b300000|100%| E|CS|TAMS 0x000000008b200000| PB 0x000000008b200000| Complete |  0
| 125|0x000000008b300000, 0x000000008b400000, 0x000000008b400000|100%| E|CS|TAMS 0x000000008b300000| PB 0x000000008b300000| Complete |  0
|1992|0x00000000ffe00000, 0x00000000fff00000, 0x00000000fff00000|100%| O|  |TAMS 0x00000000ffe00000| PB 0x00000000ffe00000| Untracked |  0
|1993|0x00000000fff00000, 0x00000000fff24ea8, 0x0000000100000000| 14%| O|  |TAMS 0x00000000fff00000| PB 0x00000000fff00000| Untracked |  0

Card table byte_map: [0x00000222655c0000,0x00000222659b0000] _byte_map_base: 0x00000222651a5000

Marking Bits: (CMBitMap*) 0x000002224b7976a0
 Bits: [0x00000222659b0000, 0x00000222678d8000)

Polling page: 0x000002224b1b0000

Metaspace:
Metaspace        used 3150K, committed 3328K, reserved 1114112K
 class space     used 249K, committed 320K, reserved 1048576K

Usage:
  Non-class:      2.83 MB used.
      Class:    249.37 KB used.
       Both:      3.08 MB used.

Virtual space:
  Non-class space:       64.00 MB reserved,       2.94 MB (  5%) committed,  1 nodes.
      Class space:        1.00 GB reserved,     320.00 KB ( <1%) committed,  1 nodes.
             Both:        1.06 GB reserved,       3.25 MB ( <1%) committed. 

Chunk freelists:
   Non-Class:  11.09 MB
       Class:  15.63 MB
        Both:  26.72 MB

MaxMetaspaceSize: unlimited
CompressedClassSpaceSize: 1.00 GB
Initial GC threshold: 21.00 MB
Current GC threshold: 21.00 MB
CDS: on
 - commit_granule_bytes: 65536.
 - commit_granule_words: 8192.
 - virtual_space_node_default_size: 8388608.
 - enlarge_chunks_in_place: 1.
UseCompressedClassPointers 1, UseCompactObjectHeaders 0
Narrow klass pointer bits 32, Max shift 3
Narrow klass base: 0x000000003d000000, Narrow klass shift: 0
Encoding Range: [0x000000003d000000 - 0x000000013d000000), (4294967296 bytes)
Klass Range:    [0x000000003d010000 - 0x000000007e000000), (1090453504 bytes)
Klass ID Range:  [65536 - 1090519033) (1090453497)
Protection zone: [0x000000003d000000 - 0x000000003d010000), (65536 bytes)


Internal statistics:

num_allocs_failed_limit: 0.
num_arena_births: 48.
num_arena_deaths: 0.
num_vsnodes_births: 2.
num_vsnodes_deaths: 0.
num_space_committed: 52.
num_space_uncommitted: 0.
num_chunks_returned_to_freelist: 0.
num_chunks_taken_from_freelist: 97.
num_chunk_merges: 0.
num_chunk_splits: 68.
num_chunks_enlarged: 46.
num_inconsistent_stats: 0.

CodeHeap 'non-profiled nmethods': size=120064Kb used=424Kb max_used=424Kb free=119639Kb
 bounds [0x000002225d220000, 0x000002225d490000, 0x0000022264760000]
CodeHeap 'profiled nmethods': size=120000Kb used=1365Kb max_used=1365Kb free=118634Kb
 bounds [0x0000022255760000, 0x00000222559d0000, 0x000002225cc90000]
CodeHeap 'non-nmethods': size=5696Kb used=1524Kb max_used=1641Kb free=4171Kb
 bounds [0x000002225cc90000, 0x000002225cf00000, 0x000002225d220000]
CodeCache: size=245760Kb, used=3313Kb, max_used=3430Kb, free=242444Kb
 total_blobs=1578, nmethods=1047, adapters=435, full_count=0
Compilation: enabled, stopped_count=0, restarted_count=0

Compilation events (20 events):
Event: 32.912 Thread 0x000002226a364710 nmethod 1049 0x000002225d289c88 code [0x000002225d289d80, 0x000002225d289e48]
Event: 32.912 Thread 0x000002226a364710 1047       3       jdk.internal.constant.MethodTypeDescImpl::<init> (15 bytes)
Event: 32.912 Thread 0x000002226a35fae0 1053       4       java.lang.invoke.MethodType::parameterType (7 bytes)
Event: 32.912 Thread 0x000002226a364710 nmethod 1047 0x00000222558b2d08 code [0x00000222558b2e00, 0x00000222558b3020]
Event: 32.912 Thread 0x000002226a364710 1052       3       jdk.internal.classfile.impl.BufWriterImpl::writeU2U2 (61 bytes)
Event: 32.913 Thread 0x000002226a364710 nmethod 1052 0x00000222558b3088 code [0x00000222558b3180, 0x00000222558b34a8]
Event: 32.913 Thread 0x000002226a35fae0 nmethod 1053 0x000002225d289f88 code [0x000002225d28a080, 0x000002225d28a138]
Event: 32.913 Thread 0x000002226a364710 1050       3       java.lang.invoke.InvokerBytecodeGenerator::classDesc (88 bytes)
Event: 32.913 Thread 0x000002226a364710 nmethod 1050 0x00000222558b3508 code [0x00000222558b3600, 0x00000222558b4238]
Event: 32.913 Thread 0x000002226a364710 1056       3       java.lang.AbstractStringBuilder::append (102 bytes)
Event: 32.914 Thread 0x000002226a364710 nmethod 1056 0x00000222558b4288 code [0x00000222558b4380, 0x00000222558b47f0]
Event: 32.914 Thread 0x000002226a364710 1054       3       jdk.internal.classfile.impl.StackMapGenerator$Frame::decStack (29 bytes)
Event: 32.914 Thread 0x000002226a364710 nmethod 1054 0x00000222558b4808 code [0x00000222558b4900, 0x00000222558b4b08]
Event: 32.914 Thread 0x000002226a364710 1055       3       java.nio.charset.CoderResult::isUnderflow (13 bytes)
Event: 32.914 Thread 0x000002226a364710 nmethod 1055 0x00000222558b4b88 code [0x00000222558b4c80, 0x00000222558b4dd8]
Event: 32.914 Thread 0x000002226a364710 1057       3       java.lang.invoke.MethodType::parameterSlotCount (8 bytes)
Event: 32.914 Thread 0x000002226a364710 nmethod 1057 0x00000222558b4e88 code [0x00000222558b4f80, 0x00000222558b5128]
Event: 32.914 Thread 0x000002226a364710 1058       3       java.lang.invoke.MethodType::basicType (8 bytes)
Event: 32.914 Thread 0x000002226a364710 nmethod 1058 0x00000222558b5188 code [0x00000222558b5280, 0x00000222558b5428]
Event: 340.138 Thread 0x000002226a364710 1059       3       java.lang.invoke.MethodType::genericMethodType (95 bytes)

GC Heap Usage History (0 events):
No events

Metaspace Usage History (0 events):
No events

Dll operation events (20 events):
Event: 0.547 Loaded shared library C:\Users\Ivan\.jdks\openjdk-25.0.1\bin\api-ms-win-core-datetime-l1-1-0.dll
Event: 0.556 Loaded shared library C:\Users\Ivan\.jdks\openjdk-25.0.1\bin\api-ms-win-core-localization-l1-2-0.dll
Event: 0.564 Loaded shared library C:\Users\Ivan\.jdks\openjdk-25.0.1\bin\api-ms-win-core-sysinfo-l1-1-0.dll
Event: 0.573 Loaded shared library C:\Users\Ivan\.jdks\openjdk-25.0.1\bin\api-ms-win-core-synch-l1-2-0.dll
Event: 0.584 Loaded shared library C:\Users\Ivan\.jdks\openjdk-25.0.1\bin\api-ms-win-core-console-l1-1-0.dll
Event: 0.595 Loaded shared library C:\Users\Ivan\.jdks\openjdk-25.0.1\bin\api-ms-win-core-debug-l1-1-0.dll
Event: 0.605 Loaded shared library C:\Users\Ivan\.jdks\openjdk-25.0.1\bin\api-ms-win-core-rtlsupport-l1-1-0.dll
Event: 0.615 Loaded shared library C:\Users\Ivan\.jdks\openjdk-25.0.1\bin\api-ms-win-core-processthreads-l1-1-1.dll
Event: 0.622 Loaded shared library C:\Users\Ivan\.jdks\openjdk-25.0.1\bin\api-ms-win-core-file-l1-2-0.dll
Event: 0.631 Loaded shared library C:\Users\Ivan\.jdks\openjdk-25.0.1\bin\api-ms-win-core-profile-l1-1-0.dll
Event: 0.638 Loaded shared library C:\Users\Ivan\.jdks\openjdk-25.0.1\bin\api-ms-win-core-memory-l1-1-0.dll
Event: 0.645 Loaded shared library C:\Users\Ivan\.jdks\openjdk-25.0.1\bin\api-ms-win-core-util-l1-1-0.dll
Event: 0.656 Loaded shared library C:\Users\Ivan\.jdks\openjdk-25.0.1\bin\api-ms-win-core-interlocked-l1-1-0.dll
Event: 0.663 Loaded shared library C:\Users\Ivan\.jdks\openjdk-25.0.1\bin\ucrtbase.dll
Event: 0.670 Loaded shared library C:\Users\Ivan\.jdks\openjdk-25.0.1\bin\vcruntime140.dll
Event: 0.676 Loaded shared library C:\Users\Ivan\.jdks\openjdk-25.0.1\bin\vcruntime140_1.dll
Event: 0.683 Loaded shared library C:\Users\Ivan\.jdks\openjdk-25.0.1\bin\msvcp140.dll
Event: 0.694 Loaded shared library C:\Windows\System32\msvcp140_1.dll
Event: 0.707 Loaded shared library C:\Windows\System32\concrt140.dll
Event: 0.720 Loaded shared library C:\Windows\System32\vcomp140.dll

Deoptimization events (20 events):
Event: 32.902 Thread 0x000002224b73fbe0 Uncommon trap: trap_request=0xffffffde fr.pc=0x000002225d25d060 relative=0x00000000000000e0
Event: 32.902 Thread 0x000002224b73fbe0 Uncommon trap: reason=class_check action=maybe_recompile pc=0x000002225d25d060 method=java.util.ImmutableCollections$AbstractImmutableList.iterator()Ljava/util/Iterator; @ 6 c2
Event: 32.902 Thread 0x000002224b73fbe0 DEOPT PACKING pc=0x000002225d25d060 sp=0x0000007a6dbfdcb0
Event: 32.902 Thread 0x000002224b73fbe0 DEOPT UNPACKING pc=0x000002225cdbf482 sp=0x0000007a6dbfdc48 mode 2
Event: 32.911 Thread 0x000002224b73fbe0 Uncommon trap: trap_request=0xffffff45 fr.pc=0x000002225d258f20 relative=0x00000000000001a0
Event: 32.911 Thread 0x000002224b73fbe0 Uncommon trap: reason=unstable_if action=reinterpret pc=0x000002225d258f20 method=java.lang.AbstractStringBuilder.needsNewBuffer([BBIB)Z @ 8 c2
Event: 32.911 Thread 0x000002224b73fbe0 DEOPT PACKING pc=0x000002225d258f20 sp=0x0000007a6dbfe360
Event: 32.911 Thread 0x000002224b73fbe0 DEOPT UNPACKING pc=0x000002225cdbf482 sp=0x0000007a6dbfe208 mode 2
Event: 32.911 Thread 0x000002224b73fbe0 Uncommon trap: trap_request=0xffffff45 fr.pc=0x000002225d25a454 relative=0x00000000000001d4
Event: 32.911 Thread 0x000002224b73fbe0 Uncommon trap: reason=unstable_if action=reinterpret pc=0x000002225d25a454 method=java.lang.AbstractStringBuilder.isLatin1(B)Z @ 7 c2
Event: 32.911 Thread 0x000002224b73fbe0 DEOPT PACKING pc=0x000002225d25a454 sp=0x0000007a6dbfe300
Event: 32.911 Thread 0x000002224b73fbe0 DEOPT UNPACKING pc=0x000002225cdbf482 sp=0x0000007a6dbfe240 mode 2
Event: 32.913 Thread 0x000002224b73fbe0 Uncommon trap: trap_request=0xffffff45 fr.pc=0x000002225d24f080 relative=0x0000000000000100
Event: 32.913 Thread 0x000002224b73fbe0 Uncommon trap: reason=unstable_if action=reinterpret pc=0x000002225d24f080 method=java.lang.String.getBytes([BIB)V @ 5 c2
Event: 32.913 Thread 0x000002224b73fbe0 DEOPT PACKING pc=0x000002225d24f080 sp=0x0000007a6dbfed20
Event: 32.913 Thread 0x000002224b73fbe0 DEOPT UNPACKING pc=0x000002225cdbf482 sp=0x0000007a6dbfecc8 mode 2
Event: 32.913 Thread 0x000002224b73fbe0 Uncommon trap: trap_request=0xffffff45 fr.pc=0x000002225d25cd3c relative=0x00000000000002bc
Event: 32.913 Thread 0x000002224b73fbe0 Uncommon trap: reason=unstable_if action=reinterpret pc=0x000002225d25cd3c method=java.lang.String.getChars(II[CI)V @ 24 c2
Event: 32.913 Thread 0x000002224b73fbe0 DEOPT PACKING pc=0x000002225d25cd3c sp=0x0000007a6dbfede0
Event: 32.913 Thread 0x000002224b73fbe0 DEOPT UNPACKING pc=0x000002225cdbf482 sp=0x0000007a6dbfeda0 mode 2

Classes loaded (20 events):
Event: 340.137 Loading class jdk/internal/logger/AbstractLoggerWrapper
Event: 340.137 Loading class jdk/internal/logger/AbstractLoggerWrapper done
Event: 340.137 Loading class jdk/internal/logger/LazyLoggers$LazyLoggerWrapper done
Event: 340.137 Loading class jdk/internal/logger/LazyLoggers$JdkLazyLogger done
Event: 340.137 Loading class jdk/internal/logger/LazyLoggers$LazyLoggerAccessor
Event: 340.137 Loading class jdk/internal/logger/LazyLoggers$LoggerAccessor
Event: 340.137 Loading class jdk/internal/logger/LazyLoggers$LoggerAccessor done
Event: 340.137 Loading class jdk/internal/logger/LazyLoggers$LazyLoggerAccessor done
Event: 340.137 Loading class java/lang/System$Logger$Level
Event: 340.137 Loading class java/lang/System$Logger$Level done
Event: 340.137 Loading class jdk/internal/logger/SurrogateLogger
Event: 340.137 Loading class jdk/internal/logger/SimpleConsoleLogger
Event: 340.137 Loading class sun/util/logging/PlatformLogger$ConfigurableBridge$LoggerConfiguration
Event: 340.137 Loading class sun/util/logging/PlatformLogger$ConfigurableBridge$LoggerConfiguration done
Event: 340.137 Loading class jdk/internal/logger/SimpleConsoleLogger done
Event: 340.137 Loading class jdk/internal/logger/SurrogateLogger done
Event: 340.138 Loading class sun/util/logging/PlatformLogger
Event: 340.138 Loading class sun/util/logging/PlatformLogger done
Event: 340.138 Loading class sun/util/logging/PlatformLogger$Level
Event: 340.138 Loading class sun/util/logging/PlatformLogger$Level done

Classes unloaded (0 events):
No events

Classes redefined (0 events):
No events

Internal exceptions (7 events):
Event: 0.122 Thread 0x000002224b73fbe0 Exception <a 'java/lang/NoSuchMethodError'{0x000000008b1bd1a8}: 'void java.lang.invoke.DirectMethodHandle$Holder.invokeStatic(java.lang.Object, java.lang.Object, java.lang.Object)'> (0x000000008b1bd1a8) 
thrown [s\open\src\hotspot\share\interpreter\linkResolver.cpp, line 804]
Event: 0.128 Thread 0x000002224b73fbe0 Exception <a 'java/lang/NoSuchMethodError'{0x000000008b1f2040}: 'java.lang.Object java.lang.invoke.Invokers$Holder.invokeExact_MT(java.lang.Object, java.lang.Object, java.lang.Object, java.lang.Object, java.lang.Object)'> (0x000000008b1f2040) 
thrown [s\open\src\hotspot\share\interpreter\linkResolver.cpp, line 804]
Event: 0.149 Thread 0x000002226a573a70 Exception <a 'java/lang/NoSuchMethodError'{0x000000008b08d1b0}: 'java.lang.Object java.lang.invoke.DirectMethodHandle$Holder.invokeStaticInit(java.lang.Object)'> (0x000000008b08d1b0) 
thrown [s\open\src\hotspot\share\interpreter\linkResolver.cpp, line 804]
Event: 0.153 Thread 0x000002226a573a70 Exception <a 'java/lang/NoSuchMethodError'{0x000000008b097e40}: 'void java.lang.invoke.DirectMethodHandle$Holder.invokeStatic(java.lang.Object, java.lang.Object)'> (0x000000008b097e40) 
thrown [s\open\src\hotspot\share\interpreter\linkResolver.cpp, line 804]
Event: 0.230 Thread 0x000002224b73fbe0 Exception <a 'java/lang/NoSuchMethodError'{0x000000008af40140}: 'java.lang.Object java.lang.invoke.DirectMethodHandle$Holder.invokeInterface(java.lang.Object, java.lang.Object)'> (0x000000008af40140) 
thrown [s\open\src\hotspot\share\interpreter\linkResolver.cpp, line 804]
Event: 0.250 Thread 0x000002224b73fbe0 Exception <a 'java/lang/NoSuchMethodError'{0x000000008afb4990}: 'void java.lang.invoke.DirectMethodHandle$Holder.invokeSpecial(java.lang.Object, java.lang.Object, java.lang.Object)'> (0x000000008afb4990) 
thrown [s\open\src\hotspot\share\interpreter\linkResolver.cpp, line 804]
Event: 0.322 Thread 0x000002224b73fbe0 Exception <a 'java/lang/NoSuchMethodError'{0x000000008ad4c858}: 'java.lang.Object java.lang.invoke.DirectMethodHandle$Holder.invokeStatic(java.lang.Object, int, java.lang.Object)'> (0x000000008ad4c858) 
thrown [s\open\src\hotspot\share\interpreter\linkResolver.cpp, line 804]

VM Operations (11 events):
Event: 0.086 Executing non-safepoint VM operation: HandshakeAllThreads (Deoptimize)
Event: 0.086 Executing non-safepoint VM operation: HandshakeAllThreads (Deoptimize) done
Event: 0.342 Executing non-safepoint VM operation: HandshakeAllThreads (Deoptimize)
Event: 0.342 Executing non-safepoint VM operation: HandshakeAllThreads (Deoptimize) done
Event: 1.107 Executing non-safepoint VM operation: HandshakeAllThreads (Deoptimize)
Event: 1.107 Executing non-safepoint VM operation: HandshakeAllThreads (Deoptimize) done
Event: 60.202 Executing non-safepoint VM operation: HandshakeAllThreads (HandshakeForDeflation)
Event: 60.202 Executing non-safepoint VM operation: HandshakeAllThreads (HandshakeForDeflation) done
Event: 60.202 Executing non-safepoint VM operation: RendezvousGCThreads
Event: 60.202 Executing non-safepoint VM operation: RendezvousGCThreads done
Event: 340.139 Executing safepoint VM operation: Exit

Memory protections (0 events):
No events

Nmethod flushes (0 events):
No events

Events (19 events):
Event: 0.035 Thread 0x000002224b73fbe0 Thread added: 0x000002224b73fbe0
Event: 0.054 Thread 0x000002224b73fbe0 Thread added: 0x000002226a3419e0
Event: 0.054 Thread 0x000002224b73fbe0 Thread added: 0x000002226a342440
Event: 0.055 Thread 0x000002224b73fbe0 Thread added: 0x000002226a347b40
Event: 0.055 Thread 0x000002224b73fbe0 Thread added: 0x000002226a350710
Event: 0.055 Thread 0x000002224b73fbe0 Thread added: 0x000002226a353410
Event: 0.055 Thread 0x000002224b73fbe0 Thread added: 0x000002226a35c110
Event: 0.055 Thread 0x000002224b73fbe0 Thread added: 0x000002226a35fae0
Event: 0.055 Thread 0x000002224b73fbe0 Thread added: 0x000002226a364710
Event: 0.108 Thread 0x000002224b73fbe0 Thread added: 0x000002226a5263a0
Event: 0.131 Thread 0x000002224b73fbe0 Thread added: 0x000002226a573a70
Event: 0.131 Thread 0x000002224b73fbe0 Thread added: 0x000002226a574230
Event: 0.311 Thread 0x000002226a364710 Thread added: 0x000002226aca3dd0
Event: 0.339 Thread 0x000002224b73fbe0 Thread added: 0x000002226a7dd140
Event: 0.684 Thread 0x000002226a364710 Thread added: 0x000002226ae18d40
Event: 6.128 Thread 0x000002226ae18d40 Thread exited: 0x000002226ae18d40
Event: 6.128 Thread 0x000002226aca3dd0 Thread exited: 0x000002226aca3dd0
Event: 340.135 Thread 0x000002226a347b40 Thread added: 0x000002224b1cba90
Event: 340.138 Thread 0x000002224b1cba90 Before exit entered


Dynamic libraries:
0x00007ff6beda0000 - 0x00007ff6bedae000 	C:\Users\Ivan\.jdks\openjdk-25.0.1\bin\java.exe
0x00007ff863280000 - 0x00007ff8634e7000 	C:\WINDOWS\SYSTEM32\ntdll.dll
0x00007ff861c80000 - 0x00007ff861d49000 	C:\WINDOWS\System32\KERNEL32.DLL
0x00007ff860490000 - 0x00007ff86087f000 	C:\WINDOWS\System32\KERNELBASE.dll
0x00007ff860ca0000 - 0x00007ff860deb000 	C:\WINDOWS\System32\ucrtbase.dll
0x00007ff858700000 - 0x00007ff85871e000 	C:\Users\Ivan\.jdks\openjdk-25.0.1\bin\VCRUNTIME140.dll
0x00007ff84f750000 - 0x00007ff84f767000 	C:\Users\Ivan\.jdks\openjdk-25.0.1\bin\jli.dll
0x00007ff8612c0000 - 0x00007ff861485000 	C:\WINDOWS\System32\USER32.dll
0x00007ff84a080000 - 0x00007ff84a313000 	C:\WINDOWS\WinSxS\amd64_microsoft.windows.common-controls_6595b64144ccf1df_6.0.26100.7309_none_3e05feeae336a044\COMCTL32.dll
0x00007ff8603d0000 - 0x00007ff8603f7000 	C:\WINDOWS\System32\win32u.dll
0x00007ff8626d0000 - 0x00007ff862779000 	C:\WINDOWS\System32\msvcrt.dll
0x00007ff8628f0000 - 0x00007ff86291b000 	C:\WINDOWS\System32\GDI32.dll
0x00007ff860b70000 - 0x00007ff860c9c000 	C:\WINDOWS\System32\gdi32full.dll
0x00007ff860890000 - 0x00007ff860933000 	C:\WINDOWS\System32\msvcp_win.dll
0x00007ff861490000 - 0x00007ff8614c1000 	C:\WINDOWS\System32\IMM32.DLL
0x00007ff858c50000 - 0x00007ff858c5c000 	C:\Users\Ivan\.jdks\openjdk-25.0.1\bin\vcruntime140_1.dll
0x00007ff8463a0000 - 0x00007ff84642d000 	C:\Users\Ivan\.jdks\openjdk-25.0.1\bin\msvcp140.dll
0x00007fffbe770000 - 0x00007fffbf5cf000 	C:\Users\Ivan\.jdks\openjdk-25.0.1\bin\server\jvm.dll
0x00007ff861e50000 - 0x00007ff861f04000 	C:\WINDOWS\System32\ADVAPI32.dll
0x00007ff861540000 - 0x00007ff8615e6000 	C:\WINDOWS\System32\sechost.dll
0x00007ff8615f0000 - 0x00007ff861708000 	C:\WINDOWS\System32\RPCRT4.dll
0x00007ff861130000 - 0x00007ff8611a4000 	C:\WINDOWS\System32\WS2_32.dll
0x00007ff85f350000 - 0x00007ff85f3ae000 	C:\WINDOWS\SYSTEM32\POWRPROF.dll
0x00007ff84b620000 - 0x00007ff84b655000 	C:\WINDOWS\SYSTEM32\WINMM.dll
0x00007ff84f7b0000 - 0x00007ff84f7bb000 	C:\WINDOWS\SYSTEM32\VERSION.dll
0x00007ff85f330000 - 0x00007ff85f344000 	C:\WINDOWS\SYSTEM32\UMPDC.dll
0x00007ff85f1f0000 - 0x00007ff85f20b000 	C:\WINDOWS\SYSTEM32\kernel.appcore.dll
0x00007ff858590000 - 0x00007ff85859a000 	C:\Users\Ivan\.jdks\openjdk-25.0.1\bin\jimage.dll
0x00007ff85da90000 - 0x00007ff85dcd2000 	C:\WINDOWS\SYSTEM32\DBGHELP.DLL
0x00007ff862920000 - 0x00007ff862ca6000 	C:\WINDOWS\System32\combase.dll
0x00007ff861020000 - 0x00007ff8610f6000 	C:\WINDOWS\System32\OLEAUT32.dll
0x00007ff839730000 - 0x00007ff83976c000 	C:\WINDOWS\SYSTEM32\dbgcore.DLL
0x00007ff860ac0000 - 0x00007ff860b65000 	C:\WINDOWS\System32\bcryptPrimitives.dll
0x00007ff84f740000 - 0x00007ff84f750000 	C:\Users\Ivan\.jdks\openjdk-25.0.1\bin\instrument.dll
0x00007ff84f720000 - 0x00007ff84f73f000 	C:\Users\Ivan\.jdks\openjdk-25.0.1\bin\java.dll
0x00007ff861a20000 - 0x00007ff861bb7000 	C:\WINDOWS\System32\ole32.dll
0x00007ff861f70000 - 0x00007ff8626c3000 	C:\WINDOWS\System32\SHELL32.dll
0x00007ff860eb0000 - 0x00007ff86101a000 	C:\WINDOWS\System32\wintypes.dll
0x00007ff85dfb0000 - 0x00007ff85e80e000 	C:\WINDOWS\SYSTEM32\windows.storage.dll
0x00007ff8611b0000 - 0x00007ff8612a5000 	C:\WINDOWS\System32\SHCORE.dll
0x00007ff8631d0000 - 0x00007ff863236000 	C:\WINDOWS\System32\shlwapi.dll
0x00007ff8602f0000 - 0x00007ff860319000 	C:\WINDOWS\SYSTEM32\profapi.dll
0x00007ff84ece0000 - 0x00007ff84ecf7000 	C:\Users\Ivan\.jdks\openjdk-25.0.1\bin\zip.dll
0x00007ff84e660000 - 0x00007ff84e672000 	C:\Users\Ivan\.jdks\openjdk-25.0.1\bin\net.dll
0x00007ff85f810000 - 0x00007ff85f87b000 	C:\WINDOWS\system32\mswsock.dll
0x00007ff84b0b0000 - 0x00007ff84b0c6000 	C:\Users\Ivan\.jdks\openjdk-25.0.1\bin\nio.dll
0x00007ff84f710000 - 0x00007ff84f719000 	C:\Users\Ivan\.jdks\openjdk-25.0.1\bin\extnet.dll
0x00007ff82abd0000 - 0x00007ff82ace0000 	C:\Windows\System32\opengl32.dll
0x00007ff82ab60000 - 0x00007ff82ab8d000 	C:\WINDOWS\SYSTEM32\GLU32.dll
0x00007ff85ab40000 - 0x00007ff85ab84000 	C:\WINDOWS\SYSTEM32\dxcore.dll
0x00007ff82b770000 - 0x00007ff82b9c5000 	C:\Users\Ivan\.javacpp\cache\jaylib-5.5.0-2.jar\com\raylib\windows-x86_64\jniRaylib.dll
0x000002224b810000 - 0x000002224b814000 	C:\Users\Ivan\.jdks\openjdk-25.0.1\bin\api-ms-win-crt-locale-l1-1-0.dll
0x000002224b820000 - 0x000002224b825000 	C:\Users\Ivan\.jdks\openjdk-25.0.1\bin\api-ms-win-crt-string-l1-1-0.dll
0x000002224b830000 - 0x000002224b835000 	C:\Users\Ivan\.jdks\openjdk-25.0.1\bin\api-ms-win-crt-stdio-l1-1-0.dll
0x000002224b840000 - 0x000002224b846000 	C:\Users\Ivan\.jdks\openjdk-25.0.1\bin\api-ms-win-crt-math-l1-1-0.dll
0x000002224b850000 - 0x000002224b854000 	C:\Users\Ivan\.jdks\openjdk-25.0.1\bin\api-ms-win-crt-heap-l1-1-0.dll
0x000002224b860000 - 0x000002224b865000 	C:\Users\Ivan\.jdks\openjdk-25.0.1\bin\api-ms-win-crt-runtime-l1-1-0.dll
0x000002226aff0000 - 0x000002226aff5000 	C:\Users\Ivan\.jdks\openjdk-25.0.1\bin\api-ms-win-crt-convert-l1-1-0.dll
0x000002226f000000 - 0x000002226f004000 	C:\Users\Ivan\.jdks\openjdk-25.0.1\bin\api-ms-win-crt-environment-l1-1-0.dll
0x000002226f010000 - 0x000002226f014000 	C:\Users\Ivan\.jdks\openjdk-25.0.1\bin\api-ms-win-crt-time-l1-1-0.dll
0x000002226f020000 - 0x000002226f024000 	C:\Users\Ivan\.jdks\openjdk-25.0.1\bin\api-ms-win-crt-filesystem-l1-1-0.dll
0x000002226f030000 - 0x000002226f034000 	C:\Users\Ivan\.jdks\openjdk-25.0.1\bin\api-ms-win-crt-utility-l1-1-0.dll
0x000002226f040000 - 0x000002226f046000 	C:\Users\Ivan\.jdks\openjdk-25.0.1\bin\api-ms-win-crt-multibyte-l1-1-0.dll
0x000002226f050000 - 0x000002226f054000 	C:\Users\Ivan\.jdks\openjdk-25.0.1\bin\api-ms-win-crt-conio-l1-1-0.dll
0x000002226f060000 - 0x000002226f071000 	C:\Users\Ivan\.jdks\openjdk-25.0.1\bin\api-ms-win-crt-private-l1-1-0.dll
0x000002226f080000 - 0x000002226f084000 	C:\Users\Ivan\.jdks\openjdk-25.0.1\bin\api-ms-win-crt-process-l1-1-0.dll
0x000002226f090000 - 0x000002226f094000 	C:\Users\Ivan\.jdks\openjdk-25.0.1\bin\api-ms-win-core-console-l1-2-0.dll
0x000002226f0a0000 - 0x000002226f0a4000 	C:\Users\Ivan\.jdks\openjdk-25.0.1\bin\api-ms-win-core-string-l1-1-0.dll
0x000002226f0b0000 - 0x000002226f0b4000 	C:\Users\Ivan\.jdks\openjdk-25.0.1\bin\api-ms-win-core-errorhandling-l1-1-0.dll
0x000002226f0c0000 - 0x000002226f0c4000 	C:\Users\Ivan\.jdks\openjdk-25.0.1\bin\api-ms-win-core-timezone-l1-1-0.dll
0x000002226f0d0000 - 0x000002226f0d5000 	C:\Users\Ivan\.jdks\openjdk-25.0.1\bin\api-ms-win-core-file-l1-1-0.dll
0x000002226f0e0000 - 0x000002226f0e4000 	C:\Users\Ivan\.jdks\openjdk-25.0.1\bin\api-ms-win-core-namedpipe-l1-1-0.dll
0x000002226f0f0000 - 0x000002226f0f4000 	C:\Users\Ivan\.jdks\openjdk-25.0.1\bin\api-ms-win-core-handle-l1-1-0.dll
0x000002226f100000 - 0x000002226f104000 	C:\Users\Ivan\.jdks\openjdk-25.0.1\bin\api-ms-win-core-file-l2-1-0.dll
0x000002226f110000 - 0x000002226f114000 	C:\Users\Ivan\.jdks\openjdk-25.0.1\bin\api-ms-win-core-heap-l1-1-0.dll
0x000002226f120000 - 0x000002226f124000 	C:\Users\Ivan\.jdks\openjdk-25.0.1\bin\api-ms-win-core-libraryloader-l1-1-0.dll
0x000002226f130000 - 0x000002226f134000 	C:\Users\Ivan\.jdks\openjdk-25.0.1\bin\api-ms-win-core-synch-l1-1-0.dll
0x000002226f140000 - 0x000002226f144000 	C:\Users\Ivan\.jdks\openjdk-25.0.1\bin\api-ms-win-core-processthreads-l1-1-0.dll
0x000002226f150000 - 0x000002226f154000 	C:\Users\Ivan\.jdks\openjdk-25.0.1\bin\api-ms-win-core-processenvironment-l1-1-0.dll
0x000002226f160000 - 0x000002226f164000 	C:\Users\Ivan\.jdks\openjdk-25.0.1\bin\api-ms-win-core-datetime-l1-1-0.dll
0x000002226f170000 - 0x000002226f174000 	C:\Users\Ivan\.jdks\openjdk-25.0.1\bin\api-ms-win-core-localization-l1-2-0.dll
0x000002226f180000 - 0x000002226f184000 	C:\Users\Ivan\.jdks\openjdk-25.0.1\bin\api-ms-win-core-sysinfo-l1-1-0.dll
0x000002226f190000 - 0x000002226f194000 	C:\Users\Ivan\.jdks\openjdk-25.0.1\bin\api-ms-win-core-synch-l1-2-0.dll
0x000002226f1a0000 - 0x000002226f1a4000 	C:\Users\Ivan\.jdks\openjdk-25.0.1\bin\api-ms-win-core-console-l1-1-0.dll
0x000002226f1b0000 - 0x000002226f1b4000 	C:\Users\Ivan\.jdks\openjdk-25.0.1\bin\api-ms-win-core-debug-l1-1-0.dll
0x000002226f1c0000 - 0x000002226f1c4000 	C:\Users\Ivan\.jdks\openjdk-25.0.1\bin\api-ms-win-core-rtlsupport-l1-1-0.dll
0x000002226f1d0000 - 0x000002226f1d4000 	C:\Users\Ivan\.jdks\openjdk-25.0.1\bin\api-ms-win-core-processthreads-l1-1-1.dll
0x000002226f1e0000 - 0x000002226f1e4000 	C:\Users\Ivan\.jdks\openjdk-25.0.1\bin\api-ms-win-core-file-l1-2-0.dll
0x000002226f1f0000 - 0x000002226f1f4000 	C:\Users\Ivan\.jdks\openjdk-25.0.1\bin\api-ms-win-core-profile-l1-1-0.dll
0x00000222701d0000 - 0x00000222701d4000 	C:\Users\Ivan\.jdks\openjdk-25.0.1\bin\api-ms-win-core-memory-l1-1-0.dll
0x00000222701e0000 - 0x00000222701e4000 	C:\Users\Ivan\.jdks\openjdk-25.0.1\bin\api-ms-win-core-util-l1-1-0.dll
0x00000222701f0000 - 0x00000222701f4000 	C:\Users\Ivan\.jdks\openjdk-25.0.1\bin\api-ms-win-core-interlocked-l1-1-0.dll
0x00007ff839c20000 - 0x00007ff839d6b000 	C:\Users\Ivan\.jdks\openjdk-25.0.1\bin\ucrtbase.dll
0x00007ff84b030000 - 0x00007ff84b039000 	C:\Windows\System32\msvcp140_1.dll
0x00007ff846350000 - 0x00007ff84639e000 	C:\Windows\System32\concrt140.dll
0x00007ff847280000 - 0x00007ff8472b0000 	C:\Windows\System32\vcomp140.dll
0x00007ff846300000 - 0x00007ff84634b000 	C:\WINDOWS\SYSTEM32\dinput8.dll
0x00007ff8465b0000 - 0x00007ff8465cc000 	C:\WINDOWS\SYSTEM32\xinput1_4.dll
0x00007ff860060000 - 0x00007ff8600b7000 	C:\WINDOWS\SYSTEM32\cfgmgr32.dll
0x00007ff860030000 - 0x00007ff86005d000 	C:\WINDOWS\SYSTEM32\DEVOBJ.dll
0x00007ff85acf0000 - 0x00007ff85ad20000 	C:\WINDOWS\SYSTEM32\dwmapi.dll
0x00007ff82e750000 - 0x00007ff82e935000 	C:\WINDOWS\SYSTEM32\inputhost.dll
0x00007ff85a560000 - 0x00007ff85a687000 	C:\WINDOWS\SYSTEM32\CoreMessaging.dll
0x00007ff85aa30000 - 0x00007ff85aadb000 	C:\WINDOWS\system32\uxtheme.dll
0x00007ff862780000 - 0x00007ff8628de000 	C:\WINDOWS\System32\MSCTF.dll
0x00007ff85faf0000 - 0x00007ff85fafc000 	C:\WINDOWS\SYSTEM32\CRYPTBASE.DLL
0x00007ff85e820000 - 0x00007ff85e82f000 	C:\WINDOWS\SYSTEM32\HID.DLL
0x00007ff862d40000 - 0x00007ff8631ca000 	C:\WINDOWS\System32\SETUPAPI.DLL
0x00007ff860400000 - 0x00007ff860480000 	C:\WINDOWS\System32\WINTRUST.dll
0x00007ff860940000 - 0x00007ff860ab7000 	C:\WINDOWS\System32\CRYPT32.dll
0x00007ff85fb40000 - 0x00007ff85fb53000 	C:\WINDOWS\SYSTEM32\MSASN1.dll
0x00007ff8580d0000 - 0x00007ff858133000 	C:\WINDOWS\SYSTEM32\directxdatabasehelper.dll
0x00007ff84c3a0000 - 0x00007ff84c3ba000 	C:\WINDOWS\SYSTEM32\windows.staterepositorycore.dll
0x00007fffb7090000 - 0x00007fffb809b000 	C:\Windows\System32\DriverStore\FileRepository\iigd_dch.inf_amd64_38b23bd92a6775fe\igxelpicd64.dll
0x00007ff85ab90000 - 0x00007ff85accb000 	C:\WINDOWS\system32\dxgi.dll
0x00007ff82b2a0000 - 0x00007ff82b58e000 	C:\Windows\System32\DriverStore\FileRepository\iigd_dch.inf_amd64_38b23bd92a6775fe\igdml64.dll
0x00007ff8552c0000 - 0x00007ff855688000 	C:\Windows\System32\DriverStore\FileRepository\iigd_dch.inf_amd64_38b23bd92a6775fe\igdgmm64.dll
0x00007ff851bb0000 - 0x00007ff855196000 	C:\Windows\System32\DriverStore\FileRepository\iigd_dch.inf_amd64_38b23bd92a6775fe\igc64.dll
0x00007ff829fc0000 - 0x00007ff82a108000 	C:\WINDOWS\SYSTEM32\textinputframework.dll
0x00007ff857260000 - 0x00007ff857542000 	C:\WINDOWS\SYSTEM32\CoreUIComponents.dll

JVMTI agents:
C:\Program Files\JetBrains\IntelliJ IDEA 2025.2.1\lib\idea_rt.jar path:C:\Users\Ivan\.jdks\openjdk-25.0.1\bin\instrument.dll, loaded, initialized, instrumentlib options:50105

dbghelp: loaded successfully - version: 4.0.5 - missing functions: none
symbol engine: initialized successfully - sym options: 0x614 - pdb path: .;C:\Users\Ivan\.jdks\openjdk-25.0.1\bin;C:\WINDOWS\SYSTEM32;C:\WINDOWS\WinSxS\amd64_microsoft.windows.common-controls_6595b64144ccf1df_6.0.26100.7309_none_3e05feeae336a044;C:\Users\Ivan\.jdks\openjdk-25.0.1\bin\server;C:\Users\Ivan\.javacpp\cache\jaylib-5.5.0-2.jar\com\raylib\windows-x86_64;C:\Windows\System32\DriverStore\FileRepository\iigd_dch.inf_amd64_38b23bd92a6775fe

VM Arguments:
jvm_args: -javaagent:C:\Program Files\JetBrains\IntelliJ IDEA 2025.2.1\lib\idea_rt.jar=50105 -Dfile.encoding=UTF-8 -Dsun.stdout.encoding=UTF-8 -Dsun.stderr.encoding=UTF-8 
java_command: Main
java_class_path (initial): C:\Users\Ivan\Desktop\simulatoreiscaldamento\out\production\simulatore consumi casa;C:\Users\Ivan\Downloads\jaylib-5.5.0-2.jar
Launcher Type: SUN_STANDARD

[Global flags]
     intx CICompilerCount                          = 4                                         {product} {ergonomic}
     uint ConcGCThreads                            = 2                                         {product} {ergonomic}
     uint G1ConcRefinementThreads                  = 8                                         {product} {ergonomic}
   size_t G1HeapRegionSize                         = 1048576                                   {product} {ergonomic}
   size_t InitialHeapSize                          = 132120576                                 {product} {ergonomic}
   size_t MarkStackSize                            = 4194304                                   {product} {ergonomic}
   size_t MarkStackSizeMax                         = 536870912                                 {product} {ergonomic}
   size_t MaxHeapSize                              = 2090860544                                {product} {ergonomic}
   size_t MaxNewSize                               = 1254096896                                {product} {ergonomic}
   size_t MinHeapDeltaBytes                        = 1048576                                   {product} {ergonomic}
   size_t MinHeapSize                              = 8388608                                   {product} {ergonomic}
    uintx NonNMethodCodeHeapSize                   = 5832704                                {pd product} {ergonomic}
    uintx NonProfiledCodeHeapSize                  = 122945536                              {pd product} {ergonomic}
    uintx ProfiledCodeHeapSize                     = 122880000                              {pd product} {ergonomic}
    uintx ReservedCodeCacheSize                    = 251658240                              {pd product} {ergonomic}
     bool SegmentedCodeCache                       = true                                      {product} {ergonomic}
   size_t SoftMaxHeapSize                          = 2090860544                             {manageable} {ergonomic}
     bool UseCompressedOops                        = true                           {product lp64_product} {ergonomic}
     bool UseG1GC                                  = true                                      {product} {ergonomic}
     bool UseLargePagesIndividualAllocation        = false                                  {pd product} {ergonomic}

Logging:
Log output configuration:
 #0: stdout all=off uptime,level,tags foldmultilines=false
 #1: stderr all=off uptime,level,tags foldmultilines=false

Release file:
IMPLEMENTOR="Oracle Corporation" 
JAVA_RUNTIME_VERSION="25.0.1+8-27" 
JAVA_VERSION="25.0.1" 
JAVA_VERSION_DATE="2025-10-21" 
LIBC="default" 
MODULES="java.base java.compiler java.datatransfer java.xml java.prefs java.desktop java.instrument java.logging java.management java.security.sasl java.naming java.rmi java.management.rmi java.net.http java.scripting java.security.jgss java.transaction.xa java.sql java.sql.rowset java.xml.crypto java.se java.smartcardio jdk.accessibility jdk.internal.jvmstat jdk.attach jdk.charsets jdk.internal.opt jdk.zipfs jdk.compiler jdk.crypto.cryptoki jdk.crypto.ec jdk.crypto.mscapi jdk.dynalink jdk.internal.ed jdk.editpad jdk.internal.vm.ci jdk.graal.compiler jdk.graal.compiler.management jdk.hotspot.agent jdk.httpserver jdk.incubator.vector jdk.internal.le jdk.internal.md jdk.jartool jdk.javadoc jdk.jcmd jdk.management jdk.management.agent jdk.jconsole jdk.jdeps jdk.jdwp.agent jdk.jdi jdk.jfr jdk.jlink jdk.jpackage jdk.jshell jdk.jsobject jdk.jstatd jdk.localedata jdk.management.jfr jdk.naming.dns jdk.naming.rmi jdk.net jdk.nio.mapmode jdk.sctp jdk.security.auth jdk.security.jgss jdk.unsupported jdk.unsupported.desktop jdk.xml.dom" 
OS_ARCH="x86_64" 
OS_NAME="Windows" 
SOURCE=".:git:78770bfaefd2" 

Environment Variables:
PATH=C:\ProgramData\Oracle\Java\javapath;C:\WINDOWS\system32;C:\WINDOWS;C:\WINDOWS\System32\Wbem;C:\WINDOWS\System32\WindowsPowerShell\v1.0\;C:\WINDOWS\System32\OpenSSH\;C:\Program Files\dotnet\;C:\Program Files (x86)\Windows Kits\10\Windows Performance Toolkit\;C:\Program Files\Git\cmd;C:\Users\Ivan\AppData\Local\Microsoft\WindowsApps;C:\Users\Ivan\AppData\Local\Programs\Microsoft VS Code\bin;C:\Program Files\JetBrains\IntelliJ IDEA 2025.2.1\bin
USERNAME=Ivan
OS=Windows_NT
PROCESSOR_IDENTIFIER=Intel64 Family 6 Model 140 Stepping 1, GenuineIntel
TMP=C:\Users\Ivan\AppData\Local\Temp
TEMP=C:\Users\Ivan\AppData\Local\Temp




Compilation memory statistics disabled.

Periodic native trim disabled

---------------  S Y S T E M  ---------------

OS:
 Windows 11 , 64 bit Build 26100 (10.0.26100.7623)
OS uptime: 0 days 1:11 hours
Hyper-V role detected

CPU: total 8 (initial active 8) (4 cores per cpu, 2 threads per core) family 6 model 140 stepping 1 microcode 0x8a, cx8, cmov, fxsr, ht, mmx, 3dnowpref, sse, sse2, sse3, ssse3, sse4.1, sse4.2, popcnt, lzcnt, tsc, tscinvbit, avx, avx2, aes, erms, clmul, bmi1, bmi2, adx, avx512f, avx512dq, avx512cd, avx512bw, avx512vl, sha, fma, vzeroupper, avx512_vpopcntdq, avx512_vpclmulqdq, avx512_vaes, avx512_vnni, clflush, clflushopt, clwb, avx512_vbmi2, avx512_vbmi, hv, rdtscp, rdpid, fsrm, gfni, avx512_bitalg, f16c, cet_ibt, cet_ss, avx512_ifma
Processor Information for processor 0
  Max Mhz: 2803, Current Mhz: 2803, Mhz Limit: 2803
Processor Information for processor 1
  Max Mhz: 2803, Current Mhz: 2803, Mhz Limit: 2803
Processor Information for processor 2
  Max Mhz: 2803, Current Mhz: 2803, Mhz Limit: 2803
Processor Information for processor 3
  Max Mhz: 2803, Current Mhz: 2803, Mhz Limit: 2803
Processor Information for processor 4
  Max Mhz: 2803, Current Mhz: 2803, Mhz Limit: 2803
Processor Information for processor 5
  Max Mhz: 2803, Current Mhz: 1201, Mhz Limit: 2803
Processor Information for processor 6
  Max Mhz: 2803, Current Mhz: 2803, Mhz Limit: 2803
Processor Information for processor 7
  Max Mhz: 2803, Current Mhz: 2803, Mhz Limit: 2803

Memory: 4k page, system-wide physical 7971M (1129M free)
TotalPageFile size 16675M (AvailPageFile size 5249M)
current process WorkingSet (physical memory assigned to process): 179M, peak: 206M
current process commit charge ("private bytes"): 296M, peak: 334M

vm_info: OpenJDK 64-Bit Server VM (25.0.1+8-27) for windows-amd64 JRE (25.0.1+8-27), built on 2025-09-25T16:41:16Z with unknown MS VC++:1943

END.
