#
# A fatal error has been detected by the Java Runtime Environment:
#
#  EXCEPTION_ACCESS_VIOLATION (0xc0000005) at pc=0x00007ffb869f3bcc, pid=5372, tid=14600
#
# JRE version: OpenJDK Runtime Environment (25.0.1+8) (build 25.0.1+8-27)
# Java VM: OpenJDK 64-Bit Server VM (25.0.1+8-27, mixed mode, sharing, tiered, compressed oops, compressed class ptrs, g1 gc, windows-amd64)
# Problematic frame:
# C  [igxelpicd64.dll+0x2c3bcc]
#
# No core dump will be written. Minidumps are not enabled by default on client versions of Windows
#
# If you would like to submit a bug report, please visit:
#   https://bugreport.java.com/bugreport/crash.jsp
#

---------------  S U M M A R Y ------------

Command Line: -javaagent:C:\Program Files\JetBrains\IntelliJ IDEA 2025.2.1\lib\idea_rt.jar=57233 -Dfile.encoding=UTF-8 -Dsun.stdout.encoding=UTF-8 -Dsun.stderr.encoding=UTF-8 Main

Host: 11th Gen Intel(R) Core(TM) i7-1165G7 @ 2.80GHz, 8 cores, 7G,  Windows 11 , 64 bit Build 26100 (10.0.26100.7623)
Time: Sat Feb  7 11:30:01 2026 ora solare Europa occidentale elapsed time: 140.146026 seconds (0d 0h 2m 20s)

---------------  T H R E A D  ---------------

Current thread (0x0000022efcfd1750):  VMThread "VM Thread"          [id=14600, stack(0x000000bc12600000,0x000000bc12700000) (1024K)]

Stack: [0x000000bc12600000,0x000000bc12700000],  sp=0x000000bc126fe280,  free space=1016k
Native frames: (J=compiled Java code, j=interpreted, Vv=VM code, C=native code)
C  [igxelpicd64.dll+0x2c3bcc]  (no source info available)
C  [igxelpicd64.dll+0x29e02c]  (no source info available)
C  [igxelpicd64.dll+0x2c1f8f]  (no source info available)
C  [igxelpicd64.dll+0x265efb]  (no source info available)
C  [igxelpicd64.dll+0x297beb]  (no source info available)
C  [igxelpicd64.dll+0x297d9b]  (no source info available)
C  [igxelpicd64.dll+0x2a697f]  (no source info available)
C  [igxelpicd64.dll+0x2a67b4]  (no source info available)
C  [igxelpicd64.dll+0x7dc7eb]  (no source info available)
C  [ntdll.dll+0x15f86e]  (no source info available)
C  [ntdll.dll+0xbcae]  (no source info available)
C  [ntdll.dll+0x8d4af]  (no source info available)
C  [ntdll.dll+0x8c67e]  (no source info available)
C  [KERNEL32.DLL+0x418ab]  (no source info available)
C  [ucrtbase.dll+0xa0093]  (no source info available)
V  [jvm.dll+0x79eb3a]  (no source info available)
V  [jvm.dll+0x79f001]  (no source info available)
V  [jvm.dll+0x79eb20]  (no source info available)
V  [jvm.dll+0x47a184]  (no source info available)
V  [jvm.dll+0x96f091]  (no source info available)
V  [jvm.dll+0x9703ad]  (no source info available)
V  [jvm.dll+0x970929]  (no source info available)
V  [jvm.dll+0x970bd3]  (no source info available)
V  [jvm.dll+0x906a0d]  (no source info available)
V  [jvm.dll+0x7a5135]  (no source info available)
C  [ucrtbase.dll+0x37b0]  (no source info available)
C  [KERNEL32.DLL+0x2e8d7]  (no source info available)
C  [ntdll.dll+0x8c53c]  (no source info available)


siginfo: EXCEPTION_ACCESS_VIOLATION (0xc0000005), reading address 0x0000000000035718


Registers:
RAX=0x0000022efed76b10, RBX=0x0000022efed769c0, RCX=0x0000000000000000, RDX=0x0000000000000001
RSP=0x000000bc126fe280, RBP=0x0000000000000000, RSI=0x0000022efed76f90, RDI=0x0000022efd937f90
R8 =0x0000000000000014, R9 =0x000000bc11abd000, R10=0x0000000000000000, R11=0x0000000000000000
R12=0x0000000000000000, R13=0x0000000000000000, R14=0x0000000000000000, R15=0x0000000000000016
RIP=0x00007ffb869f3bcc, EFLAGS=0x0000000000010202

XMM[0]=0x0000000000000000 0x0000000000000000
XMM[1]=0x0000000000000000 0x0000000000000000
XMM[2]=0x0000000000000000 0x0000000000000000
XMM[3]=0x0000000000000000 0x0000000000000000
XMM[4]=0x0000000000000000 0x0000000000000000
XMM[5]=0x0000000000000000 0x0000000000000000
XMM[6]=0x0000000000000000 0x0000000000000000
XMM[7]=0x0000000000000000 0x0000000000000000
XMM[8]=0x0000000000000000 0x404e000000000000
XMM[9]=0x0000000000000000 0x0000000000000000
XMM[10]=0x0000000000000000 0x0000000000000000
XMM[11]=0x0000000000000000 0x0000000000000000
XMM[12]=0x0000000000000000 0x0000000000000000
XMM[13]=0x0000000000000000 0x0000000000000000
XMM[14]=0x0000000000000000 0x0000000000000000
XMM[15]=0x0000000000000000 0x0000000000000000
  MXCSR=0x00001fa0


Register to memory mapping:

RAX=0x0000022efed76b10 points into unknown readable memory: 0x0000000000000039 | 39 00 00 00 00 00 00 00
RBX=0x0000022efed769c0 points into unknown readable memory: 0x0000022efd9cf230 | 30 f2 9c fd 2e 02 00 00
RCX=0x0 is null
RDX=0x0000000000000001 is an unknown value
RSP=0x000000bc126fe280 points into unknown readable memory: 0x0000022efdb6ebe0 | e0 eb b6 fd 2e 02 00 00
RBP=0x0 is null
RSI=0x0000022efed76f90 points into unknown readable memory: 0x0000000000000000 | 00 00 00 00 00 00 00 00
RDI=0x0000022efd937f90 points into unknown readable memory: 0x0000022efe081b00 | 00 1b 08 fe 2e 02 00 00
R8 =0x0000000000000014 is an unknown value
R9 =0x000000bc11abd000 points into unknown readable memory: 0x0000000000000000 | 00 00 00 00 00 00 00 00
R10=0x0 is null
R11=0x0 is null
R12=0x0 is null
R13=0x0 is null
R14=0x0 is null
R15=0x0000000000000016 is an unknown value

Top of Stack: (sp=0x000000bc126fe280)
0x000000bc126fe280:   0000022efdb6ebe0 0000000000000000   ................
0x000000bc126fe290:   000000bc126fe4ff 00007ffc29365be4   ..o......[6)....
0x000000bc126fe2a0:   0000000000000001 0000000000000000   ................
0x000000bc126fe2b0:   0000000000000000 0000000000000000   ................
0x000000bc126fe2c0:   0000022efe830f20 000000000000003a    .......:.......
0x000000bc126fe2d0:   0000000000000000 0000000000000012   ................
0x000000bc126fe2e0:   0000000000000000 0000000000000000   ................
0x000000bc126fe2f0:   000000bc126fe400 00007ffb869ce02c   ..o.....,.......
0x000000bc126fe300:   0000022efdb6ebe0 0000022efd937f90   ................
0x000000bc126fe310:   0000000000000000 0000000000000000   ................
0x000000bc126fe320:   000000bc0000086c 0000b80219620000   l.........b.....
0x000000bc126fe330:   0000000000000000 0000000000000000   ................
0x000000bc126fe340:   0000000000000000 0000000000000000   ................
0x000000bc126fe350:   0000000000000000 0000000000000000   ................
0x000000bc126fe360:   0000000000000000 00007ffb86a4fdff   ................
0x000000bc126fe370:   0000000000000000 0000000000000000   ................
0x000000bc126fe380:   0000000000000000 0000000000000000   ................
0x000000bc126fe390:   0000000000000000 0000000000000000   ................
0x000000bc126fe3a0:   0000000000000000 00007ffb867d2257   ........W"}.....
0x000000bc126fe3b0:   0000b80219620000 000000000000086c   ..b.....l.......
0x000000bc126fe3c0:   0000000000000000 4000250000000001   .............%.@
0x000000bc126fe3d0:   0000000000000000 0000000000000000   ................
0x000000bc126fe3e0:   0000000000000000 0000000000000000   ................
0x000000bc126fe3f0:   0000000000000000 0000000000000000   ................
0x000000bc126fe400:   0000000000000000 0000000000000000   ................
0x000000bc126fe410:   0000000000000000 0000000000000000   ................
0x000000bc126fe420:   0000000000000000 0000000000000000   ................
0x000000bc126fe430:   0000000000000000 0000000000000000   ................
0x000000bc126fe440:   0000000000000000 0000000000000000   ................
0x000000bc126fe450:   0000000000000000 0000000000000000   ................
0x000000bc126fe460:   0000000000000000 0000000000000000   ................
0x000000bc126fe470:   0000000000000000 0000000000000000   ................

Instructions: (pc=0x00007ffb869f3bcc)
  0x00007ffb869f3acc:   ec 40 45 8a e1 48 8b fa 48 8b e9 48 8b 1d b2 a2
  0x00007ffb869f3adc:   c8 00 48 89 58 08 48 8b cb ff 15 25 16 82 00 90
  0x00007ffb869f3aec:   4c 8b af 78 02 00 00 48 8b 05 f6 83 b8 00 44 8b
  0x00007ffb869f3afc:   b8 58 0b 00 00 45 33 db 45 8a f3 4c 89 9f 78 02
  0x00007ffb869f3b0c:   00 00 44 89 9f 80 02 00 00 4c 89 9f 98 02 00 00
  0x00007ffb869f3b1c:   4c 89 9f 88 02 00 00 48 85 ed 75 38 8b 35 9a 7c
  0x00007ffb869f3b2c:   c8 00 65 48 8b 04 25 58 00 00 00 b9 14 00 00 00
  0x00007ffb869f3b3c:   48 8b 04 f0 44 38 1c 01 0f 84 ab 1f 70 00 65 48
  0x00007ffb869f3b4c:   8b 04 25 58 00 00 00 bd 20 00 00 00 48 8b 04 f0
  0x00007ffb869f3b5c:   48 8b 2c 28 48 3b 2d a9 a1 c8 00 45 0f 44 fb 4d
  0x00007ffb869f3b6c:   85 ed 0f 84 21 01 00 00 44 8a a4 24 90 00 00 00
  0x00007ffb869f3b7c:   49 8b dd 49 8d b5 d0 05 00 00 4c 8b 2e 45 84 e4
  0x00007ffb869f3b8c:   0f 85 2a 03 00 00 8b 97 c8 01 00 00 48 8b 05 51
  0x00007ffb869f3b9c:   83 b8 00 83 b8 78 03 00 00 02 75 31 83 fa 10 0f
  0x00007ffb869f3bac:   83 17 01 00 00 48 8d 04 d5 21 00 00 00 48 03 c2
  0x00007ffb869f3bbc:   48 8d 04 c3 48 85 c0 0f 85 2e 01 00 00 49 8b cb
=>0x00007ffb869f3bcc:   48 3b 8d 18 57 03 00 0f 87 f3 02 00 00 4c 39 9b
  0x00007ffb869f3bdc:   48 06 00 00 0f 85 4f 1f 70 00 44 8b 97 c8 01 00
  0x00007ffb869f3bec:   00 48 8b 87 e0 01 00 00 4c 8b 08 8b 97 c8 01 00
  0x00007ffb869f3bfc:   00 83 fa 10 0f 83 03 01 00 00 48 8d 04 d5 21 00
  0x00007ffb869f3c0c:   00 00 48 03 c2 48 8d 04 c3 48 85 c0 0f 85 e2 00
  0x00007ffb869f3c1c:   00 00 49 8b cb 49 3b c9 0f 86 0e 01 00 00 48 8b
  0x00007ffb869f3c2c:   87 78 02 00 00 48 89 06 48 89 9f 78 02 00 00 ff
  0x00007ffb869f3c3c:   87 80 02 00 00 48 8b 43 08 48 8b 88 18 01 00 00
  0x00007ffb869f3c4c:   48 81 e1 00 00 ff ff 48 81 c1 00 00 01 00 48 01
  0x00007ffb869f3c5c:   8f 88 02 00 00 48 8b 43 08 48 8b 88 18 01 00 00
  0x00007ffb869f3c6c:   48 01 8f 98 02 00 00 4d 85 ed 0f 85 00 ff ff ff
  0x00007ffb869f3c7c:   45 84 f6 44 8a a4 24 98 00 00 00 0f 85 82 03 00
  0x00007ffb869f3c8c:   00 48 8b 9c 24 80 00 00 00 48 8b cf 45 84 e4 0f
  0x00007ffb869f3c9c:   85 8a 03 00 00 e8 8a fa ff ff 90 48 8b cb 48 8b
  0x00007ffb869f3cac:   9c 24 88 00 00 00 48 83 c4 40 41 5f 41 5e 41 5d
  0x00007ffb869f3cbc:   41 5c 5f 5e 5d 48 ff 25 50 14 82 00 8d 4a f0 8b


Stack slot to memory mapping:

stack at sp + 0 slots: 0x0000022efdb6ebe0 points into unknown readable memory: 0xffffffffffffffff | ff ff ff ff ff ff ff ff
stack at sp + 1 slots: 0x0 is null
stack at sp + 2 slots: 0x000000bc126fe4ff points into unknown readable memory: 00
stack at sp + 3 slots: 0x00007ffc29365be4 ntdll.dll
stack at sp + 4 slots: 0x0000000000000001 is an unknown value
stack at sp + 5 slots: 0x0 is null
stack at sp + 6 slots: 0x0 is null
stack at sp + 7 slots: 0x0 is null

VM_Operation (0x000000bc11cfee40): Exit, mode: safepoint, requested by thread 0x0000022efe17b160


---------------  P R O C E S S  ---------------

Threads class SMR info:
_java_thread_list=0x0000022efd952d30, length=14, elements={
0x0000022eecd52eb0, 0x0000022efcfe5180, 0x0000022efcfe6750, 0x0000022efcfe9d70,
0x0000022efcfeabb0, 0x0000022efcfee6f0, 0x0000022efcff7f60, 0x0000022efcff9af0,
0x0000022efcffd3b0, 0x0000022efcff1ee0, 0x0000022efcff0f40, 0x0000022efcff45f0,
0x0000022efcff74d0, 0x0000022efe17b160
}

Java Threads: ( => current thread )
  0x0000022eecd52eb0 JavaThread "main"                              [_thread_blocked, id=15352, stack(0x000000bc11f00000,0x000000bc12000000) (1024K)]
  0x0000022efcfe5180 JavaThread "Reference Handler"          daemon [_thread_blocked, id=14396, stack(0x000000bc12700000,0x000000bc12800000) (1024K)]
  0x0000022efcfe6750 JavaThread "Finalizer"                  daemon [_thread_blocked, id=820, stack(0x000000bc12800000,0x000000bc12900000) (1024K)]
  0x0000022efcfe9d70 JavaThread "Signal Dispatcher"          daemon [_thread_blocked, id=8744, stack(0x000000bc12900000,0x000000bc12a00000) (1024K)]
  0x0000022efcfeabb0 JavaThread "Attach Listener"            daemon [_thread_blocked, id=13516, stack(0x000000bc12a00000,0x000000bc12b00000) (1024K)]
  0x0000022efcfee6f0 JavaThread "Service Thread"             daemon [_thread_blocked, id=6924, stack(0x000000bc12b00000,0x000000bc12c00000) (1024K)]
  0x0000022efcff7f60 JavaThread "Monitor Deflation Thread"   daemon [_thread_blocked, id=644, stack(0x000000bc12c00000,0x000000bc12d00000) (1024K)]
  0x0000022efcff9af0 JavaThread "C2 CompilerThread0"         daemon [_thread_blocked, id=12016, stack(0x000000bc12d00000,0x000000bc12e00000) (1024K)]
  0x0000022efcffd3b0 JavaThread "C1 CompilerThread0"         daemon [_thread_blocked, id=7496, stack(0x000000bc12e00000,0x000000bc12f00000) (1024K)]
  0x0000022efcff1ee0 JavaThread "Common-Cleaner"             daemon [_thread_blocked, id=11712, stack(0x000000bc12f00000,0x000000bc13000000) (1024K)]
  0x0000022efcff0f40 JavaThread "Monitor Ctrl-Break"         daemon [_thread_in_native, id=6912, stack(0x000000bc13000000,0x000000bc13100000) (1024K)]
  0x0000022efcff45f0 JavaThread "Notification Thread"        daemon [_thread_blocked, id=9540, stack(0x000000bc13100000,0x000000bc13200000) (1024K)]
  0x0000022efcff74d0 JavaThread "JavaCPP Deallocator"        daemon [_thread_blocked, id=4040, stack(0x000000bc13200000,0x000000bc13300000) (1024K)]
  0x0000022efe17b160 JavaThread "SIGINT handler"             daemon [_thread_blocked, id=13964, stack(0x000000bc11c00000,0x000000bc11d00000) (1024K)]
Total: 14

Other Threads:
=>0x0000022efcfd1750 VMThread "VM Thread"                           [id=14600, stack(0x000000bc12600000,0x000000bc12700000) (1024K)]
  0x0000022eef1e3950 WorkerThread "GC Thread#0"                     [id=9740, stack(0x000000bc12000000,0x000000bc12100000) (1024K)]
  0x0000022eef1fcef0 ConcurrentGCThread "G1 Main Marker"            terminated
  0x0000022eef1fe230 WorkerThread "G1 Conc#0"                       [id=14752, stack(0x000000bc12200000,0x000000bc12300000) (1024K)]
  0x0000022eef24d0e0 ConcurrentGCThread "G1 Refine#0"               terminated
  0x0000022efce96800 ConcurrentGCThread "G1 Service"                terminated
Total: 6

Threads with active compile tasks:
Total: 0

VM state: at safepoint (shutting down)

VM Mutex/Monitor currently owned by a thread:  ([mutex/lock_event])
[0x00007ffbeaa594e8] Threads_lock - owner thread: 0x0000022efcfd1750
[0x00007ffbeaa59668] Heap_lock - owner thread: 0x0000022efe17b160

Heap address: 0x0000000083600000, size: 1994 MB, Compressed Oops mode: 32-bit

CDS archive(s) mapped at: [0x0000000029000000-0x0000000029dd0000-0x0000000029dd0000), size 14483456, SharedBaseAddress: 0x0000000029000000, ArchiveRelocationMode: 1.
Compressed class space mapped at: 0x000000002a000000-0x000000006a000000, reserved size: 1073741824
UseCompressedClassPointers 1, UseCompactObjectHeaders 0
Narrow klass pointer bits 32, Max shift 3
Narrow klass base: 0x0000000029000000, Narrow klass shift: 0
Encoding Range: [0x0000000029000000 - 0x0000000129000000), (4294967296 bytes)
Klass Range:    [0x0000000029010000 - 0x000000006a000000), (1090453504 bytes)
Klass ID Range:  [65536 - 1090519033) (1090453497)
Protection zone: [0x0000000029000000 - 0x0000000029010000), (65536 bytes)

GC Precious Log:
 CardTable entry size: 512
 Card Set container configuration: InlinePtr #cards 5 size 8 Array Of Cards #cards 10 size 36 Howl #buckets 4 coarsen threshold 1843 Howl Bitmap #cards 512 size 80 coarsen threshold 460 Card regions per heap region 1 cards per card region 2048
 CPUs: 8 total, 8 available
 Memory: 7971M
 Large Page Support: Disabled
 NUMA Support: Disabled
 Compressed Oops: Enabled (32-bit)
 Heap Region Size: 1M
 Heap Min Capacity: 8M
 Heap Initial Capacity: 126M
 Heap Max Capacity: 1994M
 Pre-touch: Disabled
 Parallel Workers: 8
 Concurrent Workers: 2
 Concurrent Refinement Workers: 8
 Periodic GC: Disabled

Heap:
 garbage-first heap   total reserved 2041856K, committed 131072K, used 23699K [0x0000000083600000, 0x0000000100000000)
  region size 1024K, 23 young (23552K), 0 survivors (0K)

Heap Regions: E=young(eden), S=young(survivor), O=old, HS=humongous(starts), HC=humongous(continues), CS=collection set, F=free, TAMS=top-at-mark-start, PB=parsable bottom
|   0|0x0000000083600000, 0x0000000083600000, 0x0000000083700000|  0%| F|  |TAMS 0x0000000083600000| PB 0x0000000083600000| Untracked |  0
|   1|0x0000000083700000, 0x0000000083700000, 0x0000000083800000|  0%| F|  |TAMS 0x0000000083700000| PB 0x0000000083700000| Untracked |  0
|   2|0x0000000083800000, 0x0000000083800000, 0x0000000083900000|  0%| F|  |TAMS 0x0000000083800000| PB 0x0000000083800000| Untracked |  0
|   3|0x0000000083900000, 0x0000000083900000, 0x0000000083a00000|  0%| F|  |TAMS 0x0000000083900000| PB 0x0000000083900000| Untracked |  0
|   4|0x0000000083a00000, 0x0000000083a00000, 0x0000000083b00000|  0%| F|  |TAMS 0x0000000083a00000| PB 0x0000000083a00000| Untracked |  0
|   5|0x0000000083b00000, 0x0000000083b00000, 0x0000000083c00000|  0%| F|  |TAMS 0x0000000083b00000| PB 0x0000000083b00000| Untracked |  0
|   6|0x0000000083c00000, 0x0000000083c00000, 0x0000000083d00000|  0%| F|  |TAMS 0x0000000083c00000| PB 0x0000000083c00000| Untracked |  0
|   7|0x0000000083d00000, 0x0000000083d00000, 0x0000000083e00000|  0%| F|  |TAMS 0x0000000083d00000| PB 0x0000000083d00000| Untracked |  0
|   8|0x0000000083e00000, 0x0000000083e00000, 0x0000000083f00000|  0%| F|  |TAMS 0x0000000083e00000| PB 0x0000000083e00000| Untracked |  0
|   9|0x0000000083f00000, 0x0000000083f00000, 0x0000000084000000|  0%| F|  |TAMS 0x0000000083f00000| PB 0x0000000083f00000| Untracked |  0
|  10|0x0000000084000000, 0x0000000084000000, 0x0000000084100000|  0%| F|  |TAMS 0x0000000084000000| PB 0x0000000084000000| Untracked |  0
|  11|0x0000000084100000, 0x0000000084100000, 0x0000000084200000|  0%| F|  |TAMS 0x0000000084100000| PB 0x0000000084100000| Untracked |  0
|  12|0x0000000084200000, 0x0000000084200000, 0x0000000084300000|  0%| F|  |TAMS 0x0000000084200000| PB 0x0000000084200000| Untracked |  0
|  13|0x0000000084300000, 0x0000000084300000, 0x0000000084400000|  0%| F|  |TAMS 0x0000000084300000| PB 0x0000000084300000| Untracked |  0
|  14|0x0000000084400000, 0x0000000084400000, 0x0000000084500000|  0%| F|  |TAMS 0x0000000084400000| PB 0x0000000084400000| Untracked |  0
|  15|0x0000000084500000, 0x0000000084500000, 0x0000000084600000|  0%| F|  |TAMS 0x0000000084500000| PB 0x0000000084500000| Untracked |  0
|  16|0x0000000084600000, 0x0000000084600000, 0x0000000084700000|  0%| F|  |TAMS 0x0000000084600000| PB 0x0000000084600000| Untracked |  0
|  17|0x0000000084700000, 0x0000000084700000, 0x0000000084800000|  0%| F|  |TAMS 0x0000000084700000| PB 0x0000000084700000| Untracked |  0
|  18|0x0000000084800000, 0x0000000084800000, 0x0000000084900000|  0%| F|  |TAMS 0x0000000084800000| PB 0x0000000084800000| Untracked |  0
|  19|0x0000000084900000, 0x0000000084900000, 0x0000000084a00000|  0%| F|  |TAMS 0x0000000084900000| PB 0x0000000084900000| Untracked |  0
|  20|0x0000000084a00000, 0x0000000084a00000, 0x0000000084b00000|  0%| F|  |TAMS 0x0000000084a00000| PB 0x0000000084a00000| Untracked |  0
|  21|0x0000000084b00000, 0x0000000084b00000, 0x0000000084c00000|  0%| F|  |TAMS 0x0000000084b00000| PB 0x0000000084b00000| Untracked |  0
|  22|0x0000000084c00000, 0x0000000084c00000, 0x0000000084d00000|  0%| F|  |TAMS 0x0000000084c00000| PB 0x0000000084c00000| Untracked |  0
|  23|0x0000000084d00000, 0x0000000084d00000, 0x0000000084e00000|  0%| F|  |TAMS 0x0000000084d00000| PB 0x0000000084d00000| Untracked |  0
|  24|0x0000000084e00000, 0x0000000084e00000, 0x0000000084f00000|  0%| F|  |TAMS 0x0000000084e00000| PB 0x0000000084e00000| Untracked |  0
|  25|0x0000000084f00000, 0x0000000084f00000, 0x0000000085000000|  0%| F|  |TAMS 0x0000000084f00000| PB 0x0000000084f00000| Untracked |  0
|  26|0x0000000085000000, 0x0000000085000000, 0x0000000085100000|  0%| F|  |TAMS 0x0000000085000000| PB 0x0000000085000000| Untracked |  0
|  27|0x0000000085100000, 0x0000000085100000, 0x0000000085200000|  0%| F|  |TAMS 0x0000000085100000| PB 0x0000000085100000| Untracked |  0
|  28|0x0000000085200000, 0x0000000085200000, 0x0000000085300000|  0%| F|  |TAMS 0x0000000085200000| PB 0x0000000085200000| Untracked |  0
|  29|0x0000000085300000, 0x0000000085300000, 0x0000000085400000|  0%| F|  |TAMS 0x0000000085300000| PB 0x0000000085300000| Untracked |  0
|  30|0x0000000085400000, 0x0000000085400000, 0x0000000085500000|  0%| F|  |TAMS 0x0000000085400000| PB 0x0000000085400000| Untracked |  0
|  31|0x0000000085500000, 0x0000000085500000, 0x0000000085600000|  0%| F|  |TAMS 0x0000000085500000| PB 0x0000000085500000| Untracked |  0
|  32|0x0000000085600000, 0x0000000085600000, 0x0000000085700000|  0%| F|  |TAMS 0x0000000085600000| PB 0x0000000085600000| Untracked |  0
|  33|0x0000000085700000, 0x0000000085700000, 0x0000000085800000|  0%| F|  |TAMS 0x0000000085700000| PB 0x0000000085700000| Untracked |  0
|  34|0x0000000085800000, 0x0000000085800000, 0x0000000085900000|  0%| F|  |TAMS 0x0000000085800000| PB 0x0000000085800000| Untracked |  0
|  35|0x0000000085900000, 0x0000000085900000, 0x0000000085a00000|  0%| F|  |TAMS 0x0000000085900000| PB 0x0000000085900000| Untracked |  0
|  36|0x0000000085a00000, 0x0000000085a00000, 0x0000000085b00000|  0%| F|  |TAMS 0x0000000085a00000| PB 0x0000000085a00000| Untracked |  0
|  37|0x0000000085b00000, 0x0000000085b00000, 0x0000000085c00000|  0%| F|  |TAMS 0x0000000085b00000| PB 0x0000000085b00000| Untracked |  0
|  38|0x0000000085c00000, 0x0000000085c00000, 0x0000000085d00000|  0%| F|  |TAMS 0x0000000085c00000| PB 0x0000000085c00000| Untracked |  0
|  39|0x0000000085d00000, 0x0000000085d00000, 0x0000000085e00000|  0%| F|  |TAMS 0x0000000085d00000| PB 0x0000000085d00000| Untracked |  0
|  40|0x0000000085e00000, 0x0000000085e00000, 0x0000000085f00000|  0%| F|  |TAMS 0x0000000085e00000| PB 0x0000000085e00000| Untracked |  0
|  41|0x0000000085f00000, 0x0000000085f00000, 0x0000000086000000|  0%| F|  |TAMS 0x0000000085f00000| PB 0x0000000085f00000| Untracked |  0
|  42|0x0000000086000000, 0x0000000086000000, 0x0000000086100000|  0%| F|  |TAMS 0x0000000086000000| PB 0x0000000086000000| Untracked |  0
|  43|0x0000000086100000, 0x0000000086100000, 0x0000000086200000|  0%| F|  |TAMS 0x0000000086100000| PB 0x0000000086100000| Untracked |  0
|  44|0x0000000086200000, 0x0000000086200000, 0x0000000086300000|  0%| F|  |TAMS 0x0000000086200000| PB 0x0000000086200000| Untracked |  0
|  45|0x0000000086300000, 0x0000000086300000, 0x0000000086400000|  0%| F|  |TAMS 0x0000000086300000| PB 0x0000000086300000| Untracked |  0
|  46|0x0000000086400000, 0x0000000086400000, 0x0000000086500000|  0%| F|  |TAMS 0x0000000086400000| PB 0x0000000086400000| Untracked |  0
|  47|0x0000000086500000, 0x0000000086500000, 0x0000000086600000|  0%| F|  |TAMS 0x0000000086500000| PB 0x0000000086500000| Untracked |  0
|  48|0x0000000086600000, 0x0000000086600000, 0x0000000086700000|  0%| F|  |TAMS 0x0000000086600000| PB 0x0000000086600000| Untracked |  0
|  49|0x0000000086700000, 0x0000000086700000, 0x0000000086800000|  0%| F|  |TAMS 0x0000000086700000| PB 0x0000000086700000| Untracked |  0
|  50|0x0000000086800000, 0x0000000086800000, 0x0000000086900000|  0%| F|  |TAMS 0x0000000086800000| PB 0x0000000086800000| Untracked |  0
|  51|0x0000000086900000, 0x0000000086900000, 0x0000000086a00000|  0%| F|  |TAMS 0x0000000086900000| PB 0x0000000086900000| Untracked |  0
|  52|0x0000000086a00000, 0x0000000086a00000, 0x0000000086b00000|  0%| F|  |TAMS 0x0000000086a00000| PB 0x0000000086a00000| Untracked |  0
|  53|0x0000000086b00000, 0x0000000086b00000, 0x0000000086c00000|  0%| F|  |TAMS 0x0000000086b00000| PB 0x0000000086b00000| Untracked |  0
|  54|0x0000000086c00000, 0x0000000086c00000, 0x0000000086d00000|  0%| F|  |TAMS 0x0000000086c00000| PB 0x0000000086c00000| Untracked |  0
|  55|0x0000000086d00000, 0x0000000086d00000, 0x0000000086e00000|  0%| F|  |TAMS 0x0000000086d00000| PB 0x0000000086d00000| Untracked |  0
|  56|0x0000000086e00000, 0x0000000086e00000, 0x0000000086f00000|  0%| F|  |TAMS 0x0000000086e00000| PB 0x0000000086e00000| Untracked |  0
|  57|0x0000000086f00000, 0x0000000086f00000, 0x0000000087000000|  0%| F|  |TAMS 0x0000000086f00000| PB 0x0000000086f00000| Untracked |  0
|  58|0x0000000087000000, 0x0000000087000000, 0x0000000087100000|  0%| F|  |TAMS 0x0000000087000000| PB 0x0000000087000000| Untracked |  0
|  59|0x0000000087100000, 0x0000000087100000, 0x0000000087200000|  0%| F|  |TAMS 0x0000000087100000| PB 0x0000000087100000| Untracked |  0
|  60|0x0000000087200000, 0x0000000087200000, 0x0000000087300000|  0%| F|  |TAMS 0x0000000087200000| PB 0x0000000087200000| Untracked |  0
|  61|0x0000000087300000, 0x0000000087300000, 0x0000000087400000|  0%| F|  |TAMS 0x0000000087300000| PB 0x0000000087300000| Untracked |  0
|  62|0x0000000087400000, 0x0000000087400000, 0x0000000087500000|  0%| F|  |TAMS 0x0000000087400000| PB 0x0000000087400000| Untracked |  0
|  63|0x0000000087500000, 0x0000000087500000, 0x0000000087600000|  0%| F|  |TAMS 0x0000000087500000| PB 0x0000000087500000| Untracked |  0
|  64|0x0000000087600000, 0x0000000087600000, 0x0000000087700000|  0%| F|  |TAMS 0x0000000087600000| PB 0x0000000087600000| Untracked |  0
|  65|0x0000000087700000, 0x0000000087700000, 0x0000000087800000|  0%| F|  |TAMS 0x0000000087700000| PB 0x0000000087700000| Untracked |  0
|  66|0x0000000087800000, 0x0000000087800000, 0x0000000087900000|  0%| F|  |TAMS 0x0000000087800000| PB 0x0000000087800000| Untracked |  0
|  67|0x0000000087900000, 0x0000000087900000, 0x0000000087a00000|  0%| F|  |TAMS 0x0000000087900000| PB 0x0000000087900000| Untracked |  0
|  68|0x0000000087a00000, 0x0000000087a00000, 0x0000000087b00000|  0%| F|  |TAMS 0x0000000087a00000| PB 0x0000000087a00000| Untracked |  0
|  69|0x0000000087b00000, 0x0000000087b00000, 0x0000000087c00000|  0%| F|  |TAMS 0x0000000087b00000| PB 0x0000000087b00000| Untracked |  0
|  70|0x0000000087c00000, 0x0000000087c00000, 0x0000000087d00000|  0%| F|  |TAMS 0x0000000087c00000| PB 0x0000000087c00000| Untracked |  0
|  71|0x0000000087d00000, 0x0000000087d00000, 0x0000000087e00000|  0%| F|  |TAMS 0x0000000087d00000| PB 0x0000000087d00000| Untracked |  0
|  72|0x0000000087e00000, 0x0000000087e00000, 0x0000000087f00000|  0%| F|  |TAMS 0x0000000087e00000| PB 0x0000000087e00000| Untracked |  0
|  73|0x0000000087f00000, 0x0000000087f00000, 0x0000000088000000|  0%| F|  |TAMS 0x0000000087f00000| PB 0x0000000087f00000| Untracked |  0
|  74|0x0000000088000000, 0x0000000088000000, 0x0000000088100000|  0%| F|  |TAMS 0x0000000088000000| PB 0x0000000088000000| Untracked |  0
|  75|0x0000000088100000, 0x0000000088100000, 0x0000000088200000|  0%| F|  |TAMS 0x0000000088100000| PB 0x0000000088100000| Untracked |  0
|  76|0x0000000088200000, 0x0000000088200000, 0x0000000088300000|  0%| F|  |TAMS 0x0000000088200000| PB 0x0000000088200000| Untracked |  0
|  77|0x0000000088300000, 0x0000000088300000, 0x0000000088400000|  0%| F|  |TAMS 0x0000000088300000| PB 0x0000000088300000| Untracked |  0
|  78|0x0000000088400000, 0x0000000088400000, 0x0000000088500000|  0%| F|  |TAMS 0x0000000088400000| PB 0x0000000088400000| Untracked |  0
|  79|0x0000000088500000, 0x0000000088500000, 0x0000000088600000|  0%| F|  |TAMS 0x0000000088500000| PB 0x0000000088500000| Untracked |  0
|  80|0x0000000088600000, 0x0000000088600000, 0x0000000088700000|  0%| F|  |TAMS 0x0000000088600000| PB 0x0000000088600000| Untracked |  0
|  81|0x0000000088700000, 0x0000000088700000, 0x0000000088800000|  0%| F|  |TAMS 0x0000000088700000| PB 0x0000000088700000| Untracked |  0
|  82|0x0000000088800000, 0x0000000088800000, 0x0000000088900000|  0%| F|  |TAMS 0x0000000088800000| PB 0x0000000088800000| Untracked |  0
|  83|0x0000000088900000, 0x0000000088900000, 0x0000000088a00000|  0%| F|  |TAMS 0x0000000088900000| PB 0x0000000088900000| Untracked |  0
|  84|0x0000000088a00000, 0x0000000088a00000, 0x0000000088b00000|  0%| F|  |TAMS 0x0000000088a00000| PB 0x0000000088a00000| Untracked |  0
|  85|0x0000000088b00000, 0x0000000088b00000, 0x0000000088c00000|  0%| F|  |TAMS 0x0000000088b00000| PB 0x0000000088b00000| Untracked |  0
|  86|0x0000000088c00000, 0x0000000088c00000, 0x0000000088d00000|  0%| F|  |TAMS 0x0000000088c00000| PB 0x0000000088c00000| Untracked |  0
|  87|0x0000000088d00000, 0x0000000088d00000, 0x0000000088e00000|  0%| F|  |TAMS 0x0000000088d00000| PB 0x0000000088d00000| Untracked |  0
|  88|0x0000000088e00000, 0x0000000088e00000, 0x0000000088f00000|  0%| F|  |TAMS 0x0000000088e00000| PB 0x0000000088e00000| Untracked |  0
|  89|0x0000000088f00000, 0x0000000088f00000, 0x0000000089000000|  0%| F|  |TAMS 0x0000000088f00000| PB 0x0000000088f00000| Untracked |  0
|  90|0x0000000089000000, 0x0000000089000000, 0x0000000089100000|  0%| F|  |TAMS 0x0000000089000000| PB 0x0000000089000000| Untracked |  0
|  91|0x0000000089100000, 0x0000000089100000, 0x0000000089200000|  0%| F|  |TAMS 0x0000000089100000| PB 0x0000000089100000| Untracked |  0
|  92|0x0000000089200000, 0x0000000089200000, 0x0000000089300000|  0%| F|  |TAMS 0x0000000089200000| PB 0x0000000089200000| Untracked |  0
|  93|0x0000000089300000, 0x0000000089300000, 0x0000000089400000|  0%| F|  |TAMS 0x0000000089300000| PB 0x0000000089300000| Untracked |  0
|  94|0x0000000089400000, 0x0000000089400000, 0x0000000089500000|  0%| F|  |TAMS 0x0000000089400000| PB 0x0000000089400000| Untracked |  0
|  95|0x0000000089500000, 0x0000000089500000, 0x0000000089600000|  0%| F|  |TAMS 0x0000000089500000| PB 0x0000000089500000| Untracked |  0
|  96|0x0000000089600000, 0x0000000089600000, 0x0000000089700000|  0%| F|  |TAMS 0x0000000089600000| PB 0x0000000089600000| Untracked |  0
|  97|0x0000000089700000, 0x0000000089700000, 0x0000000089800000|  0%| F|  |TAMS 0x0000000089700000| PB 0x0000000089700000| Untracked |  0
|  98|0x0000000089800000, 0x0000000089800000, 0x0000000089900000|  0%| F|  |TAMS 0x0000000089800000| PB 0x0000000089800000| Untracked |  0
|  99|0x0000000089900000, 0x0000000089900000, 0x0000000089a00000|  0%| F|  |TAMS 0x0000000089900000| PB 0x0000000089900000| Untracked |  0
| 100|0x0000000089a00000, 0x0000000089a00000, 0x0000000089b00000|  0%| F|  |TAMS 0x0000000089a00000| PB 0x0000000089a00000| Untracked |  0
| 101|0x0000000089b00000, 0x0000000089b00000, 0x0000000089c00000|  0%| F|  |TAMS 0x0000000089b00000| PB 0x0000000089b00000| Untracked |  0
| 102|0x0000000089c00000, 0x0000000089c00000, 0x0000000089d00000|  0%| F|  |TAMS 0x0000000089c00000| PB 0x0000000089c00000| Untracked |  0
| 103|0x0000000089d00000, 0x0000000089d80000, 0x0000000089e00000| 50%| E|  |TAMS 0x0000000089d00000| PB 0x0000000089d00000| Complete |  0
| 104|0x0000000089e00000, 0x0000000089f00000, 0x0000000089f00000|100%| E|CS|TAMS 0x0000000089e00000| PB 0x0000000089e00000| Complete |  0
| 105|0x0000000089f00000, 0x000000008a000000, 0x000000008a000000|100%| E|CS|TAMS 0x0000000089f00000| PB 0x0000000089f00000| Complete |  0
| 106|0x000000008a000000, 0x000000008a100000, 0x000000008a100000|100%| E|CS|TAMS 0x000000008a000000| PB 0x000000008a000000| Complete |  0
| 107|0x000000008a100000, 0x000000008a200000, 0x000000008a200000|100%| E|CS|TAMS 0x000000008a100000| PB 0x000000008a100000| Complete |  0
| 108|0x000000008a200000, 0x000000008a300000, 0x000000008a300000|100%| E|CS|TAMS 0x000000008a200000| PB 0x000000008a200000| Complete |  0
| 109|0x000000008a300000, 0x000000008a400000, 0x000000008a400000|100%| E|CS|TAMS 0x000000008a300000| PB 0x000000008a300000| Complete |  0
| 110|0x000000008a400000, 0x000000008a500000, 0x000000008a500000|100%| E|CS|TAMS 0x000000008a400000| PB 0x000000008a400000| Complete |  0
| 111|0x000000008a500000, 0x000000008a600000, 0x000000008a600000|100%| E|CS|TAMS 0x000000008a500000| PB 0x000000008a500000| Complete |  0
| 112|0x000000008a600000, 0x000000008a700000, 0x000000008a700000|100%| E|CS|TAMS 0x000000008a600000| PB 0x000000008a600000| Complete |  0
| 113|0x000000008a700000, 0x000000008a800000, 0x000000008a800000|100%| E|CS|TAMS 0x000000008a700000| PB 0x000000008a700000| Complete |  0
| 114|0x000000008a800000, 0x000000008a900000, 0x000000008a900000|100%| E|CS|TAMS 0x000000008a800000| PB 0x000000008a800000| Complete |  0
| 115|0x000000008a900000, 0x000000008aa00000, 0x000000008aa00000|100%| E|CS|TAMS 0x000000008a900000| PB 0x000000008a900000| Complete |  0
| 116|0x000000008aa00000, 0x000000008ab00000, 0x000000008ab00000|100%| E|CS|TAMS 0x000000008aa00000| PB 0x000000008aa00000| Complete |  0
| 117|0x000000008ab00000, 0x000000008ac00000, 0x000000008ac00000|100%| E|CS|TAMS 0x000000008ab00000| PB 0x000000008ab00000| Complete |  0
| 118|0x000000008ac00000, 0x000000008ad00000, 0x000000008ad00000|100%| E|CS|TAMS 0x000000008ac00000| PB 0x000000008ac00000| Complete |  0
| 119|0x000000008ad00000, 0x000000008ae00000, 0x000000008ae00000|100%| E|CS|TAMS 0x000000008ad00000| PB 0x000000008ad00000| Complete |  0
| 120|0x000000008ae00000, 0x000000008af00000, 0x000000008af00000|100%| E|CS|TAMS 0x000000008ae00000| PB 0x000000008ae00000| Complete |  0
| 121|0x000000008af00000, 0x000000008b000000, 0x000000008b000000|100%| E|CS|TAMS 0x000000008af00000| PB 0x000000008af00000| Complete |  0
| 122|0x000000008b000000, 0x000000008b100000, 0x000000008b100000|100%| E|CS|TAMS 0x000000008b000000| PB 0x000000008b000000| Complete |  0
| 123|0x000000008b100000, 0x000000008b200000, 0x000000008b200000|100%| E|CS|TAMS 0x000000008b100000| PB 0x000000008b100000| Complete |  0
| 124|0x000000008b200000, 0x000000008b300000, 0x000000008b300000|100%| E|CS|TAMS 0x000000008b200000| PB 0x000000008b200000| Complete |  0
| 125|0x000000008b300000, 0x000000008b400000, 0x000000008b400000|100%| E|CS|TAMS 0x000000008b300000| PB 0x000000008b300000| Complete |  0
|1992|0x00000000ffe00000, 0x00000000fff00000, 0x00000000fff00000|100%| O|  |TAMS 0x00000000ffe00000| PB 0x00000000ffe00000| Untracked |  0
|1993|0x00000000fff00000, 0x00000000fff24ea8, 0x0000000100000000| 14%| O|  |TAMS 0x00000000fff00000| PB 0x00000000fff00000| Untracked |  0

Card table byte_map: [0x0000022ef8250000,0x0000022ef8640000] _byte_map_base: 0x0000022ef7e35000

Marking Bits: (CMBitMap*) 0x0000022eef1e40e0
 Bits: [0x0000022ef8640000, 0x0000022efa568000)

Polling page: 0x0000022eecf90000

Metaspace:
Metaspace        used 3165K, committed 3328K, reserved 1114112K
 class space     used 251K, committed 320K, reserved 1048576K

Usage:
  Non-class:      2.85 MB used.
      Class:    251.00 KB used.
       Both:      3.09 MB used.

Virtual space:
  Non-class space:       64.00 MB reserved,       2.94 MB (  5%) committed,  1 nodes.
      Class space:        1.00 GB reserved,     320.00 KB ( <1%) committed,  1 nodes.
             Both:        1.06 GB reserved,       3.25 MB ( <1%) committed. 

Chunk freelists:
   Non-Class:  11.08 MB
       Class:  15.63 MB
        Both:  26.72 MB

MaxMetaspaceSize: unlimited
CompressedClassSpaceSize: 1.00 GB
Initial GC threshold: 21.00 MB
Current GC threshold: 21.00 MB
CDS: on
 - commit_granule_bytes: 65536.
 - commit_granule_words: 8192.
 - virtual_space_node_default_size: 8388608.
 - enlarge_chunks_in_place: 1.
UseCompressedClassPointers 1, UseCompactObjectHeaders 0
Narrow klass pointer bits 32, Max shift 3
Narrow klass base: 0x0000000029000000, Narrow klass shift: 0
Encoding Range: [0x0000000029000000 - 0x0000000129000000), (4294967296 bytes)
Klass Range:    [0x0000000029010000 - 0x000000006a000000), (1090453504 bytes)
Klass ID Range:  [65536 - 1090519033) (1090453497)
Protection zone: [0x0000000029000000 - 0x0000000029010000), (65536 bytes)


Internal statistics:

num_allocs_failed_limit: 0.
num_arena_births: 48.
num_arena_deaths: 0.
num_vsnodes_births: 2.
num_vsnodes_deaths: 0.
num_space_committed: 52.
num_space_uncommitted: 0.
num_chunks_returned_to_freelist: 0.
num_chunks_taken_from_freelist: 100.
num_chunk_merges: 0.
num_chunk_splits: 68.
num_chunks_enlarged: 44.
num_inconsistent_stats: 0.

CodeHeap 'non-profiled nmethods': size=120064Kb used=384Kb max_used=384Kb free=119679Kb
 bounds [0x0000022e87ac0000, 0x0000022e87d30000, 0x0000022e8f000000]
CodeHeap 'profiled nmethods': size=120000Kb used=1397Kb max_used=1397Kb free=118602Kb
 bounds [0x0000022e80000000, 0x0000022e80270000, 0x0000022e87530000]
CodeHeap 'non-nmethods': size=5696Kb used=1526Kb max_used=1561Kb free=4169Kb
 bounds [0x0000022e87530000, 0x0000022e877a0000, 0x0000022e87ac0000]
CodeCache: size=245760Kb, used=3307Kb, max_used=3342Kb, free=242450Kb
 total_blobs=1603, nmethods=1072, adapters=435, full_count=0
Compilation: enabled, stopped_count=0, restarted_count=0

Compilation events (20 events):
Event: 97.952 Thread 0x0000022efcff9af0 nmethod 1072 0x0000022e87b1fd88 code [0x0000022e87b1fe80, 0x0000022e87b1fef8]
Event: 97.954 Thread 0x0000022efcffd3b0 nmethod 1074 0x0000022e80159e08 code [0x0000022e80159f00, 0x0000022e8015a620]
Event: 97.954 Thread 0x0000022efcffd3b0 1076       3       jdk.internal.classfile.impl.StackMapGenerator$Frame::decStack (29 bytes)
Event: 97.954 Thread 0x0000022efcffd3b0 nmethod 1076 0x0000022e8015a688 code [0x0000022e8015a780, 0x0000022e8015a988]
Event: 97.954 Thread 0x0000022efcffd3b0 1061       3       java.lang.invoke.InvokerBytecodeGenerator::classDesc (88 bytes)
Event: 97.956 Thread 0x0000022efcffd3b0 nmethod 1061 0x0000022e8015aa08 code [0x0000022e8015ab00, 0x0000022e8015b738]
Event: 97.956 Thread 0x0000022efcffd3b0 1078       3       java.nio.ByteBuffer::array (35 bytes)
Event: 97.956 Thread 0x0000022efcffd3b0 nmethod 1078 0x0000022e8015b788 code [0x0000022e8015b880, 0x0000022e8015bae0]
Event: 97.956 Thread 0x0000022efcffd3b0 1070       3       java.lang.invoke.LambdaForm::parameter (38 bytes)
Event: 97.956 Thread 0x0000022efcffd3b0 nmethod 1070 0x0000022e8015bb08 code [0x0000022e8015bc00, 0x0000022e8015bd40]
Event: 97.956 Thread 0x0000022efcffd3b0 1066       3       java.lang.invoke.MethodType::parameterSlotCount (8 bytes)
Event: 97.957 Thread 0x0000022efcffd3b0 nmethod 1066 0x0000022e8015be08 code [0x0000022e8015bf00, 0x0000022e8015c0a8]
Event: 97.957 Thread 0x0000022efcffd3b0 1071       3       java.lang.invoke.LambdaForm::parameterType (9 bytes)
Event: 97.957 Thread 0x0000022efcffd3b0 nmethod 1071 0x0000022e8015c108 code [0x0000022e8015c200, 0x0000022e8015c358]
Event: 97.957 Thread 0x0000022efcffd3b0 1075       3       jdk.internal.classfile.impl.BufWriterImpl::writeU1U1 (39 bytes)
Event: 97.957 Thread 0x0000022efcffd3b0 nmethod 1075 0x0000022e8015c408 code [0x0000022e8015c500, 0x0000022e8015c7d0]
Event: 97.957 Thread 0x0000022efcffd3b0 1059       3       java.lang.invoke.LambdaForm::prepare (92 bytes)
Event: 97.958 Thread 0x0000022efcffd3b0 nmethod 1059 0x0000022e8015c808 code [0x0000022e8015c900, 0x0000022e8015d108]
Event: 97.959 Thread 0x0000022efcffd3b0 1068       3       java.lang.invoke.MethodType::basicType (8 bytes)
Event: 97.959 Thread 0x0000022efcffd3b0 nmethod 1068 0x0000022e8015d188 code [0x0000022e8015d280, 0x0000022e8015d428]

GC Heap Usage History (0 events):
No events

Metaspace Usage History (0 events):
No events

Dll operation events (20 events):
Event: 0.354 Loaded shared library C:\Users\Ivan\.jdks\openjdk-25.0.1\bin\api-ms-win-core-datetime-l1-1-0.dll
Event: 0.360 Loaded shared library C:\Users\Ivan\.jdks\openjdk-25.0.1\bin\api-ms-win-core-localization-l1-2-0.dll
Event: 0.367 Loaded shared library C:\Users\Ivan\.jdks\openjdk-25.0.1\bin\api-ms-win-core-sysinfo-l1-1-0.dll
Event: 0.373 Loaded shared library C:\Users\Ivan\.jdks\openjdk-25.0.1\bin\api-ms-win-core-synch-l1-2-0.dll
Event: 0.379 Loaded shared library C:\Users\Ivan\.jdks\openjdk-25.0.1\bin\api-ms-win-core-console-l1-1-0.dll
Event: 0.385 Loaded shared library C:\Users\Ivan\.jdks\openjdk-25.0.1\bin\api-ms-win-core-debug-l1-1-0.dll
Event: 0.392 Loaded shared library C:\Users\Ivan\.jdks\openjdk-25.0.1\bin\api-ms-win-core-rtlsupport-l1-1-0.dll
Event: 0.401 Loaded shared library C:\Users\Ivan\.jdks\openjdk-25.0.1\bin\api-ms-win-core-processthreads-l1-1-1.dll
Event: 0.407 Loaded shared library C:\Users\Ivan\.jdks\openjdk-25.0.1\bin\api-ms-win-core-file-l1-2-0.dll
Event: 0.415 Loaded shared library C:\Users\Ivan\.jdks\openjdk-25.0.1\bin\api-ms-win-core-profile-l1-1-0.dll
Event: 0.422 Loaded shared library C:\Users\Ivan\.jdks\openjdk-25.0.1\bin\api-ms-win-core-memory-l1-1-0.dll
Event: 0.428 Loaded shared library C:\Users\Ivan\.jdks\openjdk-25.0.1\bin\api-ms-win-core-util-l1-1-0.dll
Event: 0.434 Loaded shared library C:\Users\Ivan\.jdks\openjdk-25.0.1\bin\api-ms-win-core-interlocked-l1-1-0.dll
Event: 0.440 Loaded shared library C:\Users\Ivan\.jdks\openjdk-25.0.1\bin\ucrtbase.dll
Event: 0.448 Loaded shared library C:\Users\Ivan\.jdks\openjdk-25.0.1\bin\vcruntime140.dll
Event: 0.454 Loaded shared library C:\Users\Ivan\.jdks\openjdk-25.0.1\bin\vcruntime140_1.dll
Event: 0.462 Loaded shared library C:\Users\Ivan\.jdks\openjdk-25.0.1\bin\msvcp140.dll
Event: 0.471 Loaded shared library C:\Windows\System32\msvcp140_1.dll
Event: 0.483 Loaded shared library C:\Windows\System32\concrt140.dll
Event: 0.494 Loaded shared library C:\Windows\System32\vcomp140.dll

Deoptimization events (20 events):
Event: 39.110 Thread 0x0000022eecd52eb0 Uncommon trap: trap_request=0xffffffde fr.pc=0x0000022e87afbfe0 relative=0x00000000000000e0
Event: 39.110 Thread 0x0000022eecd52eb0 Uncommon trap: reason=class_check action=maybe_recompile pc=0x0000022e87afbfe0 method=java.util.ImmutableCollections$AbstractImmutableList.iterator()Ljava/util/Iterator; @ 6 c2
Event: 39.110 Thread 0x0000022eecd52eb0 DEOPT PACKING pc=0x0000022e87afbfe0 sp=0x000000bc11ffdea0
Event: 39.110 Thread 0x0000022eecd52eb0 DEOPT UNPACKING pc=0x0000022e8765e002 sp=0x000000bc11ffde38 mode 2
Event: 97.948 Thread 0x0000022eecd52eb0 Uncommon trap: trap_request=0xffffff45 fr.pc=0x0000022e87af8120 relative=0x00000000000001a0
Event: 97.948 Thread 0x0000022eecd52eb0 Uncommon trap: reason=unstable_if action=reinterpret pc=0x0000022e87af8120 method=java.lang.AbstractStringBuilder.needsNewBuffer([BBIB)Z @ 8 c2
Event: 97.948 Thread 0x0000022eecd52eb0 DEOPT PACKING pc=0x0000022e87af8120 sp=0x000000bc11ffe3f0
Event: 97.948 Thread 0x0000022eecd52eb0 DEOPT UNPACKING pc=0x0000022e8765e002 sp=0x000000bc11ffe298 mode 2
Event: 97.948 Thread 0x0000022eecd52eb0 Uncommon trap: trap_request=0xffffff45 fr.pc=0x0000022e87af85d4 relative=0x00000000000001d4
Event: 97.948 Thread 0x0000022eecd52eb0 Uncommon trap: reason=unstable_if action=reinterpret pc=0x0000022e87af85d4 method=java.lang.AbstractStringBuilder.isLatin1(B)Z @ 7 c2
Event: 97.948 Thread 0x0000022eecd52eb0 DEOPT PACKING pc=0x0000022e87af85d4 sp=0x000000bc11ffe390
Event: 97.948 Thread 0x0000022eecd52eb0 DEOPT UNPACKING pc=0x0000022e8765e002 sp=0x000000bc11ffe2d0 mode 2
Event: 97.953 Thread 0x0000022eecd52eb0 Uncommon trap: trap_request=0xffffff45 fr.pc=0x0000022e87af0280 relative=0x0000000000000100
Event: 97.953 Thread 0x0000022eecd52eb0 Uncommon trap: reason=unstable_if action=reinterpret pc=0x0000022e87af0280 method=java.lang.String.getBytes([BIB)V @ 5 c2
Event: 97.953 Thread 0x0000022eecd52eb0 DEOPT PACKING pc=0x0000022e87af0280 sp=0x000000bc11ffed90
Event: 97.954 Thread 0x0000022eecd52eb0 DEOPT UNPACKING pc=0x0000022e8765e002 sp=0x000000bc11ffed38 mode 2
Event: 97.954 Thread 0x0000022eecd52eb0 Uncommon trap: trap_request=0xffffff45 fr.pc=0x0000022e87afbcbc relative=0x00000000000002bc
Event: 97.954 Thread 0x0000022eecd52eb0 Uncommon trap: reason=unstable_if action=reinterpret pc=0x0000022e87afbcbc method=java.lang.String.getChars(II[CI)V @ 24 c2
Event: 97.954 Thread 0x0000022eecd52eb0 DEOPT PACKING pc=0x0000022e87afbcbc sp=0x000000bc11ffee70
Event: 97.954 Thread 0x0000022eecd52eb0 DEOPT UNPACKING pc=0x0000022e8765e002 sp=0x000000bc11ffee30 mode 2

Classes loaded (20 events):
Event: 139.808 Loading class jdk/internal/logger/AbstractLoggerWrapper
Event: 139.808 Loading class jdk/internal/logger/AbstractLoggerWrapper done
Event: 139.808 Loading class jdk/internal/logger/LazyLoggers$LazyLoggerWrapper done
Event: 139.808 Loading class jdk/internal/logger/LazyLoggers$JdkLazyLogger done
Event: 139.808 Loading class jdk/internal/logger/LazyLoggers$LazyLoggerAccessor
Event: 139.808 Loading class jdk/internal/logger/LazyLoggers$LoggerAccessor
Event: 139.809 Loading class jdk/internal/logger/LazyLoggers$LoggerAccessor done
Event: 139.809 Loading class jdk/internal/logger/LazyLoggers$LazyLoggerAccessor done
Event: 139.809 Loading class java/lang/System$Logger$Level
Event: 139.809 Loading class java/lang/System$Logger$Level done
Event: 139.809 Loading class jdk/internal/logger/SurrogateLogger
Event: 139.809 Loading class jdk/internal/logger/SimpleConsoleLogger
Event: 139.809 Loading class sun/util/logging/PlatformLogger$ConfigurableBridge$LoggerConfiguration
Event: 139.809 Loading class sun/util/logging/PlatformLogger$ConfigurableBridge$LoggerConfiguration done
Event: 139.809 Loading class jdk/internal/logger/SimpleConsoleLogger done
Event: 139.810 Loading class jdk/internal/logger/SurrogateLogger done
Event: 139.810 Loading class sun/util/logging/PlatformLogger
Event: 139.810 Loading class sun/util/logging/PlatformLogger done
Event: 139.810 Loading class sun/util/logging/PlatformLogger$Level
Event: 139.810 Loading class sun/util/logging/PlatformLogger$Level done

Classes unloaded (0 events):
No events

Classes redefined (0 events):
No events

Internal exceptions (7 events):
Event: 0.099 Thread 0x0000022eecd52eb0 Exception <a 'java/lang/NoSuchMethodError'{0x000000008b1bd1c0}: 'void java.lang.invoke.DirectMethodHandle$Holder.invokeStatic(java.lang.Object, java.lang.Object, java.lang.Object)'> (0x000000008b1bd1c0) 
thrown [s\open\src\hotspot\share\interpreter\linkResolver.cpp, line 804]
Event: 0.105 Thread 0x0000022eecd52eb0 Exception <a 'java/lang/NoSuchMethodError'{0x000000008b1f2058}: 'java.lang.Object java.lang.invoke.Invokers$Holder.invokeExact_MT(java.lang.Object, java.lang.Object, java.lang.Object, java.lang.Object, java.lang.Object)'> (0x000000008b1f2058) 
thrown [s\open\src\hotspot\share\interpreter\linkResolver.cpp, line 804]
Event: 0.120 Thread 0x0000022efcff0f40 Exception <a 'java/lang/NoSuchMethodError'{0x000000008b08d1b0}: 'java.lang.Object java.lang.invoke.DirectMethodHandle$Holder.invokeStaticInit(java.lang.Object)'> (0x000000008b08d1b0) 
thrown [s\open\src\hotspot\share\interpreter\linkResolver.cpp, line 804]
Event: 0.123 Thread 0x0000022efcff0f40 Exception <a 'java/lang/NoSuchMethodError'{0x000000008b097e40}: 'void java.lang.invoke.DirectMethodHandle$Holder.invokeStatic(java.lang.Object, java.lang.Object)'> (0x000000008b097e40) 
thrown [s\open\src\hotspot\share\interpreter\linkResolver.cpp, line 804]
Event: 0.127 Thread 0x0000022eecd52eb0 Exception <a 'java/lang/NoSuchMethodError'{0x000000008af2be30}: 'java.lang.Object java.lang.invoke.DirectMethodHandle$Holder.invokeInterface(java.lang.Object, java.lang.Object)'> (0x000000008af2be30) 
thrown [s\open\src\hotspot\share\interpreter\linkResolver.cpp, line 804]
Event: 0.147 Thread 0x0000022eecd52eb0 Exception <a 'java/lang/NoSuchMethodError'{0x000000008afa0580}: 'void java.lang.invoke.DirectMethodHandle$Holder.invokeSpecial(java.lang.Object, java.lang.Object, java.lang.Object)'> (0x000000008afa0580) 
thrown [s\open\src\hotspot\share\interpreter\linkResolver.cpp, line 804]
Event: 0.214 Thread 0x0000022eecd52eb0 Exception <a 'java/lang/NoSuchMethodError'{0x000000008ad37df8}: 'java.lang.Object java.lang.invoke.DirectMethodHandle$Holder.invokeStatic(java.lang.Object, int, java.lang.Object)'> (0x000000008ad37df8) 
thrown [s\open\src\hotspot\share\interpreter\linkResolver.cpp, line 804]

VM Operations (15 events):
Event: 0.064 Executing non-safepoint VM operation: HandshakeAllThreads (Deoptimize)
Event: 0.064 Executing non-safepoint VM operation: HandshakeAllThreads (Deoptimize) done
Event: 0.228 Executing non-safepoint VM operation: HandshakeAllThreads (Deoptimize)
Event: 0.228 Executing non-safepoint VM operation: HandshakeAllThreads (Deoptimize) done
Event: 0.782 Executing non-safepoint VM operation: HandshakeAllThreads (Deoptimize)
Event: 0.782 Executing non-safepoint VM operation: HandshakeAllThreads (Deoptimize) done
Event: 60.085 Executing non-safepoint VM operation: HandshakeAllThreads (HandshakeForDeflation)
Event: 60.085 Executing non-safepoint VM operation: HandshakeAllThreads (HandshakeForDeflation) done
Event: 60.091 Executing non-safepoint VM operation: RendezvousGCThreads
Event: 60.091 Executing non-safepoint VM operation: RendezvousGCThreads done
Event: 120.138 Executing non-safepoint VM operation: HandshakeAllThreads (HandshakeForDeflation)
Event: 120.138 Executing non-safepoint VM operation: HandshakeAllThreads (HandshakeForDeflation) done
Event: 120.138 Executing non-safepoint VM operation: RendezvousGCThreads
Event: 120.138 Executing non-safepoint VM operation: RendezvousGCThreads done
Event: 139.811 Executing safepoint VM operation: Exit

Memory protections (0 events):
No events

Nmethod flushes (0 events):
No events

Events (19 events):
Event: 0.024 Thread 0x0000022eecd52eb0 Thread added: 0x0000022eecd52eb0
Event: 0.037 Thread 0x0000022eecd52eb0 Thread added: 0x0000022efcfe5180
Event: 0.037 Thread 0x0000022eecd52eb0 Thread added: 0x0000022efcfe6750
Event: 0.038 Thread 0x0000022eecd52eb0 Thread added: 0x0000022efcfe9d70
Event: 0.038 Thread 0x0000022eecd52eb0 Thread added: 0x0000022efcfeabb0
Event: 0.038 Thread 0x0000022eecd52eb0 Thread added: 0x0000022efcfee6f0
Event: 0.038 Thread 0x0000022eecd52eb0 Thread added: 0x0000022efcff7f60
Event: 0.038 Thread 0x0000022eecd52eb0 Thread added: 0x0000022efcff9af0
Event: 0.038 Thread 0x0000022eecd52eb0 Thread added: 0x0000022efcffd3b0
Event: 0.085 Thread 0x0000022eecd52eb0 Thread added: 0x0000022efcff1ee0
Event: 0.107 Thread 0x0000022eecd52eb0 Thread added: 0x0000022efcff0f40
Event: 0.107 Thread 0x0000022eecd52eb0 Thread added: 0x0000022efcff45f0
Event: 0.225 Thread 0x0000022eecd52eb0 Thread added: 0x0000022efcff74d0
Event: 0.266 Thread 0x0000022efcffd3b0 Thread added: 0x0000022efd94e130
Event: 0.462 Thread 0x0000022efcffd3b0 Thread added: 0x0000022efdb5b1c0
Event: 0.775 Thread 0x0000022efdb5b1c0 Thread exited: 0x0000022efdb5b1c0
Event: 0.776 Thread 0x0000022efd94e130 Thread exited: 0x0000022efd94e130
Event: 139.805 Thread 0x0000022efcfe9d70 Thread added: 0x0000022efe17b160
Event: 139.810 Thread 0x0000022efe17b160 Before exit entered


Dynamic libraries:
0x00007ff76c420000 - 0x00007ff76c42e000 	C:\Users\Ivan\.jdks\openjdk-25.0.1\bin\java.exe
0x00007ffc29200000 - 0x00007ffc29467000 	C:\WINDOWS\SYSTEM32\ntdll.dll
0x00007ffc284c0000 - 0x00007ffc28589000 	C:\WINDOWS\System32\KERNEL32.DLL
0x00007ffc26880000 - 0x00007ffc26c6f000 	C:\WINDOWS\System32\KERNELBASE.dll
0x00007ffc265c0000 - 0x00007ffc2670b000 	C:\WINDOWS\System32\ucrtbase.dll
0x00007ffc15060000 - 0x00007ffc15077000 	C:\Users\Ivan\.jdks\openjdk-25.0.1\bin\jli.dll
0x00007ffc15040000 - 0x00007ffc1505e000 	C:\Users\Ivan\.jdks\openjdk-25.0.1\bin\VCRUNTIME140.dll
0x00007ffc0db10000 - 0x00007ffc0dda3000 	C:\WINDOWS\WinSxS\amd64_microsoft.windows.common-controls_6595b64144ccf1df_6.0.26100.7309_none_3e05feeae336a044\COMCTL32.dll
0x00007ffc27120000 - 0x00007ffc272e5000 	C:\WINDOWS\System32\USER32.dll
0x00007ffc27f30000 - 0x00007ffc27fd9000 	C:\WINDOWS\System32\msvcrt.dll
0x00007ffc26d40000 - 0x00007ffc26d67000 	C:\WINDOWS\System32\win32u.dll
0x00007ffc283b0000 - 0x00007ffc283db000 	C:\WINDOWS\System32\GDI32.dll
0x00007ffc26350000 - 0x00007ffc2647c000 	C:\WINDOWS\System32\gdi32full.dll
0x00007ffc26d70000 - 0x00007ffc26e13000 	C:\WINDOWS\System32\msvcp_win.dll
0x00007ffc272f0000 - 0x00007ffc27321000 	C:\WINDOWS\System32\IMM32.DLL
0x00007ffc1e770000 - 0x00007ffc1e77c000 	C:\Users\Ivan\.jdks\openjdk-25.0.1\bin\vcruntime140_1.dll
0x00007ffc10ea0000 - 0x00007ffc10f2d000 	C:\Users\Ivan\.jdks\openjdk-25.0.1\bin\msvcp140.dll
0x00007ffbe9ce0000 - 0x00007ffbeab3f000 	C:\Users\Ivan\.jdks\openjdk-25.0.1\bin\server\jvm.dll
0x00007ffc28090000 - 0x00007ffc28144000 	C:\WINDOWS\System32\ADVAPI32.dll
0x00007ffc28160000 - 0x00007ffc28206000 	C:\WINDOWS\System32\sechost.dll
0x00007ffc29090000 - 0x00007ffc291a8000 	C:\WINDOWS\System32\RPCRT4.dll
0x00007ffc270a0000 - 0x00007ffc27114000 	C:\WINDOWS\System32\WS2_32.dll
0x00007ffc261b0000 - 0x00007ffc2620e000 	C:\WINDOWS\SYSTEM32\POWRPROF.dll
0x00007ffc104d0000 - 0x00007ffc10505000 	C:\WINDOWS\SYSTEM32\WINMM.dll
0x00007ffc13c60000 - 0x00007ffc13c6b000 	C:\WINDOWS\SYSTEM32\VERSION.dll
0x00007ffc26190000 - 0x00007ffc261a4000 	C:\WINDOWS\SYSTEM32\UMPDC.dll
0x00007ffc25060000 - 0x00007ffc2507b000 	C:\WINDOWS\SYSTEM32\kernel.appcore.dll
0x00007ffc1e6a0000 - 0x00007ffc1e6aa000 	C:\Users\Ivan\.jdks\openjdk-25.0.1\bin\jimage.dll
0x00007ffc23a60000 - 0x00007ffc23ca2000 	C:\WINDOWS\SYSTEM32\DBGHELP.DLL
0x00007ffc28770000 - 0x00007ffc28af6000 	C:\WINDOWS\System32\combase.dll
0x00007ffc27e00000 - 0x00007ffc27ed6000 	C:\WINDOWS\System32\OLEAUT32.dll
0x00007ffbfe950000 - 0x00007ffbfe98c000 	C:\WINDOWS\SYSTEM32\dbgcore.DLL
0x00007ffc26480000 - 0x00007ffc26525000 	C:\WINDOWS\System32\bcryptPrimitives.dll
0x00007ffc157f0000 - 0x00007ffc15800000 	C:\Users\Ivan\.jdks\openjdk-25.0.1\bin\instrument.dll
0x00007ffc15020000 - 0x00007ffc1503f000 	C:\Users\Ivan\.jdks\openjdk-25.0.1\bin\java.dll
0x00007ffc28210000 - 0x00007ffc283a7000 	C:\WINDOWS\System32\ole32.dll
0x00007ffc273e0000 - 0x00007ffc27b33000 	C:\WINDOWS\System32\SHELL32.dll
0x00007ffc26710000 - 0x00007ffc2687a000 	C:\WINDOWS\System32\wintypes.dll
0x00007ffc23f30000 - 0x00007ffc2478e000 	C:\WINDOWS\SYSTEM32\windows.storage.dll
0x00007ffc28b00000 - 0x00007ffc28bf5000 	C:\WINDOWS\System32\SHCORE.dll
0x00007ffc28700000 - 0x00007ffc28766000 	C:\WINDOWS\System32\shlwapi.dll
0x00007ffc26270000 - 0x00007ffc26299000 	C:\WINDOWS\SYSTEM32\profapi.dll
0x00007ffc10e80000 - 0x00007ffc10e97000 	C:\Users\Ivan\.jdks\openjdk-25.0.1\bin\zip.dll
0x00007ffc10e30000 - 0x00007ffc10e42000 	C:\Users\Ivan\.jdks\openjdk-25.0.1\bin\net.dll
0x00007ffc25670000 - 0x00007ffc256db000 	C:\WINDOWS\system32\mswsock.dll
0x00007ffc10db0000 - 0x00007ffc10dc6000 	C:\Users\Ivan\.jdks\openjdk-25.0.1\bin\nio.dll
0x00007ffc10e70000 - 0x00007ffc10e79000 	C:\Users\Ivan\.jdks\openjdk-25.0.1\bin\extnet.dll
0x00007ffbefc30000 - 0x00007ffbefd40000 	C:\Windows\System32\opengl32.dll
0x00007ffbefbc0000 - 0x00007ffbefbed000 	C:\WINDOWS\SYSTEM32\GLU32.dll
0x00007ffc20c20000 - 0x00007ffc20c64000 	C:\WINDOWS\SYSTEM32\dxcore.dll
0x00007ffc017f0000 - 0x00007ffc01a45000 	C:\Users\Ivan\.javacpp\cache\jaylib-5.5.0-2.jar\com\raylib\windows-x86_64\jniRaylib.dll
0x0000022eecfd0000 - 0x0000022eecfd4000 	C:\Users\Ivan\.jdks\openjdk-25.0.1\bin\api-ms-win-crt-locale-l1-1-0.dll
0x0000022eecfe0000 - 0x0000022eecfe5000 	C:\Users\Ivan\.jdks\openjdk-25.0.1\bin\api-ms-win-crt-string-l1-1-0.dll
0x0000022eecff0000 - 0x0000022eecff5000 	C:\Users\Ivan\.jdks\openjdk-25.0.1\bin\api-ms-win-crt-stdio-l1-1-0.dll
0x0000022eed000000 - 0x0000022eed006000 	C:\Users\Ivan\.jdks\openjdk-25.0.1\bin\api-ms-win-crt-math-l1-1-0.dll
0x0000022eed010000 - 0x0000022eed014000 	C:\Users\Ivan\.jdks\openjdk-25.0.1\bin\api-ms-win-crt-heap-l1-1-0.dll
0x0000022eed030000 - 0x0000022eed035000 	C:\Users\Ivan\.jdks\openjdk-25.0.1\bin\api-ms-win-crt-runtime-l1-1-0.dll
0x0000022eed040000 - 0x0000022eed045000 	C:\Users\Ivan\.jdks\openjdk-25.0.1\bin\api-ms-win-crt-convert-l1-1-0.dll
0x0000022eed050000 - 0x0000022eed054000 	C:\Users\Ivan\.jdks\openjdk-25.0.1\bin\api-ms-win-crt-environment-l1-1-0.dll
0x0000022eed060000 - 0x0000022eed064000 	C:\Users\Ivan\.jdks\openjdk-25.0.1\bin\api-ms-win-crt-time-l1-1-0.dll
0x0000022eef0f0000 - 0x0000022eef0f4000 	C:\Users\Ivan\.jdks\openjdk-25.0.1\bin\api-ms-win-crt-filesystem-l1-1-0.dll
0x0000022eef100000 - 0x0000022eef104000 	C:\Users\Ivan\.jdks\openjdk-25.0.1\bin\api-ms-win-crt-utility-l1-1-0.dll
0x0000022eef110000 - 0x0000022eef116000 	C:\Users\Ivan\.jdks\openjdk-25.0.1\bin\api-ms-win-crt-multibyte-l1-1-0.dll
0x0000022eef120000 - 0x0000022eef124000 	C:\Users\Ivan\.jdks\openjdk-25.0.1\bin\api-ms-win-crt-conio-l1-1-0.dll
0x0000022eef130000 - 0x0000022eef141000 	C:\Users\Ivan\.jdks\openjdk-25.0.1\bin\api-ms-win-crt-private-l1-1-0.dll
0x0000022efdc90000 - 0x0000022efdc94000 	C:\Users\Ivan\.jdks\openjdk-25.0.1\bin\api-ms-win-crt-process-l1-1-0.dll
0x0000022efdca0000 - 0x0000022efdca4000 	C:\Users\Ivan\.jdks\openjdk-25.0.1\bin\api-ms-win-core-console-l1-2-0.dll
0x0000022efdcb0000 - 0x0000022efdcb4000 	C:\Users\Ivan\.jdks\openjdk-25.0.1\bin\api-ms-win-core-string-l1-1-0.dll
0x0000022efdcc0000 - 0x0000022efdcc4000 	C:\Users\Ivan\.jdks\openjdk-25.0.1\bin\api-ms-win-core-errorhandling-l1-1-0.dll
0x0000022efdcd0000 - 0x0000022efdcd4000 	C:\Users\Ivan\.jdks\openjdk-25.0.1\bin\api-ms-win-core-timezone-l1-1-0.dll
0x0000022efdce0000 - 0x0000022efdce5000 	C:\Users\Ivan\.jdks\openjdk-25.0.1\bin\api-ms-win-core-file-l1-1-0.dll
0x0000022efdcf0000 - 0x0000022efdcf4000 	C:\Users\Ivan\.jdks\openjdk-25.0.1\bin\api-ms-win-core-namedpipe-l1-1-0.dll
0x0000022efdd00000 - 0x0000022efdd04000 	C:\Users\Ivan\.jdks\openjdk-25.0.1\bin\api-ms-win-core-handle-l1-1-0.dll
0x0000022efdd10000 - 0x0000022efdd14000 	C:\Users\Ivan\.jdks\openjdk-25.0.1\bin\api-ms-win-core-file-l2-1-0.dll
0x0000022efdd20000 - 0x0000022efdd24000 	C:\Users\Ivan\.jdks\openjdk-25.0.1\bin\api-ms-win-core-heap-l1-1-0.dll
0x0000022efdd30000 - 0x0000022efdd34000 	C:\Users\Ivan\.jdks\openjdk-25.0.1\bin\api-ms-win-core-libraryloader-l1-1-0.dll
0x0000022efdd40000 - 0x0000022efdd44000 	C:\Users\Ivan\.jdks\openjdk-25.0.1\bin\api-ms-win-core-synch-l1-1-0.dll
0x0000022efdd50000 - 0x0000022efdd54000 	C:\Users\Ivan\.jdks\openjdk-25.0.1\bin\api-ms-win-core-processthreads-l1-1-0.dll
0x0000022efdd60000 - 0x0000022efdd64000 	C:\Users\Ivan\.jdks\openjdk-25.0.1\bin\api-ms-win-core-processenvironment-l1-1-0.dll
0x0000022efdd70000 - 0x0000022efdd74000 	C:\Users\Ivan\.jdks\openjdk-25.0.1\bin\api-ms-win-core-datetime-l1-1-0.dll
0x0000022efdd80000 - 0x0000022efdd84000 	C:\Users\Ivan\.jdks\openjdk-25.0.1\bin\api-ms-win-core-localization-l1-2-0.dll
0x0000022efdd90000 - 0x0000022efdd94000 	C:\Users\Ivan\.jdks\openjdk-25.0.1\bin\api-ms-win-core-sysinfo-l1-1-0.dll
0x0000022efe000000 - 0x0000022efe004000 	C:\Users\Ivan\.jdks\openjdk-25.0.1\bin\api-ms-win-core-synch-l1-2-0.dll
0x0000022efdda0000 - 0x0000022efdda4000 	C:\Users\Ivan\.jdks\openjdk-25.0.1\bin\api-ms-win-core-console-l1-1-0.dll
0x0000022efddb0000 - 0x0000022efddb4000 	C:\Users\Ivan\.jdks\openjdk-25.0.1\bin\api-ms-win-core-debug-l1-1-0.dll
0x0000022efddc0000 - 0x0000022efddc4000 	C:\Users\Ivan\.jdks\openjdk-25.0.1\bin\api-ms-win-core-rtlsupport-l1-1-0.dll
0x0000022efddd0000 - 0x0000022efddd4000 	C:\Users\Ivan\.jdks\openjdk-25.0.1\bin\api-ms-win-core-processthreads-l1-1-1.dll
0x0000022efdde0000 - 0x0000022efdde4000 	C:\Users\Ivan\.jdks\openjdk-25.0.1\bin\api-ms-win-core-file-l1-2-0.dll
0x0000022efddf0000 - 0x0000022efddf4000 	C:\Users\Ivan\.jdks\openjdk-25.0.1\bin\api-ms-win-core-profile-l1-1-0.dll
0x0000022efde00000 - 0x0000022efde04000 	C:\Users\Ivan\.jdks\openjdk-25.0.1\bin\api-ms-win-core-memory-l1-1-0.dll
0x0000022efde10000 - 0x0000022efde14000 	C:\Users\Ivan\.jdks\openjdk-25.0.1\bin\api-ms-win-core-util-l1-1-0.dll
0x0000022efde20000 - 0x0000022efde24000 	C:\Users\Ivan\.jdks\openjdk-25.0.1\bin\api-ms-win-core-interlocked-l1-1-0.dll
0x00007ffc10af0000 - 0x00007ffc10c3b000 	C:\Users\Ivan\.jdks\openjdk-25.0.1\bin\ucrtbase.dll
0x00007ffc10d70000 - 0x00007ffc10d79000 	C:\Windows\System32\msvcp140_1.dll
0x00007ffc10d20000 - 0x00007ffc10d6e000 	C:\Windows\System32\concrt140.dll
0x00007ffc10cf0000 - 0x00007ffc10d20000 	C:\Windows\System32\vcomp140.dll
0x00007ffc10ca0000 - 0x00007ffc10ceb000 	C:\WINDOWS\SYSTEM32\dinput8.dll
0x00007ffc10c80000 - 0x00007ffc10c9c000 	C:\WINDOWS\SYSTEM32\xinput1_4.dll
0x00007ffc25e90000 - 0x00007ffc25ee7000 	C:\WINDOWS\SYSTEM32\cfgmgr32.dll
0x00007ffc25ef0000 - 0x00007ffc25f1d000 	C:\WINDOWS\SYSTEM32\DEVOBJ.dll
0x00007ffc20c70000 - 0x00007ffc20ca0000 	C:\WINDOWS\SYSTEM32\dwmapi.dll
0x00007ffc110c0000 - 0x00007ffc112a5000 	C:\WINDOWS\SYSTEM32\inputhost.dll
0x00007ffc204f0000 - 0x00007ffc20617000 	C:\WINDOWS\SYSTEM32\CoreMessaging.dll
0x00007ffc20af0000 - 0x00007ffc20b9b000 	C:\WINDOWS\system32\uxtheme.dll
0x00007ffc28590000 - 0x00007ffc286ee000 	C:\WINDOWS\System32\MSCTF.dll
0x00007ffc25950000 - 0x00007ffc2595c000 	C:\WINDOWS\SYSTEM32\CRYPTBASE.DLL
0x00007ffc247a0000 - 0x00007ffc247af000 	C:\WINDOWS\SYSTEM32\HID.DLL
0x00007ffc28c00000 - 0x00007ffc2908a000 	C:\WINDOWS\System32\SETUPAPI.DLL
0x00007ffc26530000 - 0x00007ffc265b0000 	C:\WINDOWS\System32\WINTRUST.dll
0x00007ffc26e20000 - 0x00007ffc26f97000 	C:\WINDOWS\System32\CRYPT32.dll
0x00007ffc259a0000 - 0x00007ffc259b3000 	C:\WINDOWS\SYSTEM32\MSASN1.dll
0x00007ffc1e430000 - 0x00007ffc1e493000 	C:\WINDOWS\SYSTEM32\directxdatabasehelper.dll
0x00007ffc13e60000 - 0x00007ffc13e7a000 	C:\WINDOWS\SYSTEM32\windows.staterepositorycore.dll
0x00007ffb86730000 - 0x00007ffb8773b000 	C:\Windows\System32\DriverStore\FileRepository\iigd_dch.inf_amd64_38b23bd92a6775fe\igxelpicd64.dll
0x00007ffc20910000 - 0x00007ffc20a4b000 	C:\WINDOWS\system32\dxgi.dll
0x00007ffc01500000 - 0x00007ffc017ee000 	C:\Windows\System32\DriverStore\FileRepository\iigd_dch.inf_amd64_38b23bd92a6775fe\igdml64.dll
0x00007ffc1b2c0000 - 0x00007ffc1b688000 	C:\Windows\System32\DriverStore\FileRepository\iigd_dch.inf_amd64_38b23bd92a6775fe\igdgmm64.dll
0x00007ffc17bb0000 - 0x00007ffc1b196000 	C:\Windows\System32\DriverStore\FileRepository\iigd_dch.inf_amd64_38b23bd92a6775fe\igc64.dll
0x00007ffc117d0000 - 0x00007ffc11918000 	C:\WINDOWS\SYSTEM32\textinputframework.dll
0x00007ffc1d320000 - 0x00007ffc1d602000 	C:\WINDOWS\SYSTEM32\CoreUIComponents.dll

JVMTI agents:
C:\Program Files\JetBrains\IntelliJ IDEA 2025.2.1\lib\idea_rt.jar path:C:\Users\Ivan\.jdks\openjdk-25.0.1\bin\instrument.dll, loaded, initialized, instrumentlib options:57233

dbghelp: loaded successfully - version: 4.0.5 - missing functions: none
symbol engine: initialized successfully - sym options: 0x614 - pdb path: .;C:\Users\Ivan\.jdks\openjdk-25.0.1\bin;C:\WINDOWS\SYSTEM32;C:\WINDOWS\WinSxS\amd64_microsoft.windows.common-controls_6595b64144ccf1df_6.0.26100.7309_none_3e05feeae336a044;C:\Users\Ivan\.jdks\openjdk-25.0.1\bin\server;C:\Users\Ivan\.javacpp\cache\jaylib-5.5.0-2.jar\com\raylib\windows-x86_64;C:\Windows\System32\DriverStore\FileRepository\iigd_dch.inf_amd64_38b23bd92a6775fe

VM Arguments:
jvm_args: -javaagent:C:\Program Files\JetBrains\IntelliJ IDEA 2025.2.1\lib\idea_rt.jar=57233 -Dfile.encoding=UTF-8 -Dsun.stdout.encoding=UTF-8 -Dsun.stderr.encoding=UTF-8 
java_command: Main
java_class_path (initial): C:\Users\Ivan\Desktop\simulatoreiscaldamento\out\production\simulatore consumi casa;C:\Users\Ivan\Downloads\jaylib-5.5.0-2.jar
Launcher Type: SUN_STANDARD

[Global flags]
     intx CICompilerCount                          = 4                                         {product} {ergonomic}
     uint ConcGCThreads                            = 2                                         {product} {ergonomic}
     uint G1ConcRefinementThreads                  = 8                                         {product} {ergonomic}
   size_t G1HeapRegionSize                         = 1048576                                   {product} {ergonomic}
   size_t InitialHeapSize                          = 132120576                                 {product} {ergonomic}
   size_t MarkStackSize                            = 4194304                                   {product} {ergonomic}
   size_t MarkStackSizeMax                         = 536870912                                 {product} {ergonomic}
   size_t MaxHeapSize                              = 2090860544                                {product} {ergonomic}
   size_t MaxNewSize                               = 1254096896                                {product} {ergonomic}
   size_t MinHeapDeltaBytes                        = 1048576                                   {product} {ergonomic}
   size_t MinHeapSize                              = 8388608                                   {product} {ergonomic}
    uintx NonNMethodCodeHeapSize                   = 5832704                                {pd product} {ergonomic}
    uintx NonProfiledCodeHeapSize                  = 122945536                              {pd product} {ergonomic}
    uintx ProfiledCodeHeapSize                     = 122880000                              {pd product} {ergonomic}
    uintx ReservedCodeCacheSize                    = 251658240                              {pd product} {ergonomic}
     bool SegmentedCodeCache                       = true                                      {product} {ergonomic}
   size_t SoftMaxHeapSize                          = 2090860544                             {manageable} {ergonomic}
     bool UseCompressedOops                        = true                           {product lp64_product} {ergonomic}
     bool UseG1GC                                  = true                                      {product} {ergonomic}
     bool UseLargePagesIndividualAllocation        = false                                  {pd product} {ergonomic}

Logging:
Log output configuration:
 #0: stdout all=off uptime,level,tags foldmultilines=false
 #1: stderr all=off uptime,level,tags foldmultilines=false

Release file:
IMPLEMENTOR="Oracle Corporation" 
JAVA_RUNTIME_VERSION="25.0.1+8-27" 
JAVA_VERSION="25.0.1" 
JAVA_VERSION_DATE="2025-10-21" 
LIBC="default" 
MODULES="java.base java.compiler java.datatransfer java.xml java.prefs java.desktop java.instrument java.logging java.management java.security.sasl java.naming java.rmi java.management.rmi java.net.http java.scripting java.security.jgss java.transaction.xa java.sql java.sql.rowset java.xml.crypto java.se java.smartcardio jdk.accessibility jdk.internal.jvmstat jdk.attach jdk.charsets jdk.internal.opt jdk.zipfs jdk.compiler jdk.crypto.cryptoki jdk.crypto.ec jdk.crypto.mscapi jdk.dynalink jdk.internal.ed jdk.editpad jdk.internal.vm.ci jdk.graal.compiler jdk.graal.compiler.management jdk.hotspot.agent jdk.httpserver jdk.incubator.vector jdk.internal.le jdk.internal.md jdk.jartool jdk.javadoc jdk.jcmd jdk.management jdk.management.agent jdk.jconsole jdk.jdeps jdk.jdwp.agent jdk.jdi jdk.jfr jdk.jlink jdk.jpackage jdk.jshell jdk.jsobject jdk.jstatd jdk.localedata jdk.management.jfr jdk.naming.dns jdk.naming.rmi jdk.net jdk.nio.mapmode jdk.sctp jdk.security.auth jdk.security.jgss jdk.unsupported jdk.unsupported.desktop jdk.xml.dom" 
OS_ARCH="x86_64" 
OS_NAME="Windows" 
SOURCE=".:git:78770bfaefd2" 

Environment Variables:
PATH=C:\ProgramData\Oracle\Java\javapath;C:\WINDOWS\system32;C:\WINDOWS;C:\WINDOWS\System32\Wbem;C:\WINDOWS\System32\WindowsPowerShell\v1.0\;C:\WINDOWS\System32\OpenSSH\;C:\Program Files\dotnet\;C:\Program Files (x86)\Windows Kits\10\Windows Performance Toolkit\;C:\Program Files\Git\cmd;C:\Users\Ivan\AppData\Local\Microsoft\WindowsApps;C:\Users\Ivan\AppData\Local\Programs\Microsoft VS Code\bin;C:\Program Files\JetBrains\IntelliJ IDEA 2025.2.1\bin
USERNAME=Ivan
OS=Windows_NT
PROCESSOR_IDENTIFIER=Intel64 Family 6 Model 140 Stepping 1, GenuineIntel
TMP=C:\Users\Ivan\AppData\Local\Temp
TEMP=C:\Users\Ivan\AppData\Local\Temp




Compilation memory statistics disabled.

Periodic native trim disabled

---------------  S Y S T E M  ---------------

OS:
 Windows 11 , 64 bit Build 26100 (10.0.26100.7623)
OS uptime: 0 days 0:29 hours
Hyper-V role detected

CPU: total 8 (initial active 8) (4 cores per cpu, 2 threads per core) family 6 model 140 stepping 1 microcode 0x8a, cx8, cmov, fxsr, ht, mmx, 3dnowpref, sse, sse2, sse3, ssse3, sse4.1, sse4.2, popcnt, lzcnt, tsc, tscinvbit, avx, avx2, aes, erms, clmul, bmi1, bmi2, adx, avx512f, avx512dq, avx512cd, avx512bw, avx512vl, sha, fma, vzeroupper, avx512_vpopcntdq, avx512_vpclmulqdq, avx512_vaes, avx512_vnni, clflush, clflushopt, clwb, avx512_vbmi2, avx512_vbmi, hv, rdtscp, rdpid, fsrm, gfni, avx512_bitalg, f16c, cet_ibt, cet_ss, avx512_ifma
Processor Information for processor 0
  Max Mhz: 2803, Current Mhz: 2803, Mhz Limit: 2803
Processor Information for processor 1
  Max Mhz: 2803, Current Mhz: 2803, Mhz Limit: 2803
Processor Information for processor 2
  Max Mhz: 2803, Current Mhz: 2803, Mhz Limit: 2803
Processor Information for processor 3
  Max Mhz: 2803, Current Mhz: 2803, Mhz Limit: 2803
Processor Information for processor 4
  Max Mhz: 2803, Current Mhz: 1001, Mhz Limit: 2803
Processor Information for processor 5
  Max Mhz: 2803, Current Mhz: 1001, Mhz Limit: 2803
Processor Information for processor 6
  Max Mhz: 2803, Current Mhz: 1001, Mhz Limit: 2803
Processor Information for processor 7
  Max Mhz: 2803, Current Mhz: 1001, Mhz Limit: 2803

Memory: 4k page, system-wide physical 7971M (1154M free)
TotalPageFile size 16675M (AvailPageFile size 7712M)
current process WorkingSet (physical memory assigned to process): 177M, peak: 189M
current process commit charge ("private bytes"): 293M, peak: 307M

vm_info: OpenJDK 64-Bit Server VM (25.0.1+8-27) for windows-amd64 JRE (25.0.1+8-27), built on 2025-09-25T16:41:16Z with unknown MS VC++:1943

END.
