#
# A fatal error has been detected by the Java Runtime Environment:
#
#  EXCEPTION_ACCESS_VIOLATION (0xc0000005) at pc=0x00007ffb7e6a3bcc, pid=4232, tid=2988
#
# JRE version: OpenJDK Runtime Environment (25.0.1+8) (build 25.0.1+8-27)
# Java VM: OpenJDK 64-Bit Server VM (25.0.1+8-27, mixed mode, sharing, tiered, compressed oops, compressed class ptrs, g1 gc, windows-amd64)
# Problematic frame:
# C  [igxelpicd64.dll+0x2c3bcc]
#
# No core dump will be written. Minidumps are not enabled by default on client versions of Windows
#
# If you would like to submit a bug report, please visit:
#   https://bugreport.java.com/bugreport/crash.jsp
#

---------------  S U M M A R Y ------------

Command Line: -javaagent:C:\Program Files\JetBrains\IntelliJ IDEA 2025.2.1\lib\idea_rt.jar=51249 -Dfile.encoding=UTF-8 -Dsun.stdout.encoding=UTF-8 -Dsun.stderr.encoding=UTF-8 Main

Host: 11th Gen Intel(R) Core(TM) i7-1165G7 @ 2.80GHz, 8 cores, 7G,  Windows 11 , 64 bit Build 26100 (10.0.26100.7623)
Time: Sat Feb  7 11:50:01 2026 ora solare Europa occidentale elapsed time: 59.900991 seconds (0d 0h 0m 59s)

---------------  T H R E A D  ---------------

Current thread (0x0000019a5d6e3170):  VMThread "VM Thread"          [id=2988, stack(0x0000006e75700000,0x0000006e75800000) (1024K)]

Stack: [0x0000006e75700000,0x0000006e75800000],  sp=0x0000006e757fe4e0,  free space=1017k
Native frames: (J=compiled Java code, j=interpreted, Vv=VM code, C=native code)
C  [igxelpicd64.dll+0x2c3bcc]  (no source info available)
C  [igxelpicd64.dll+0x29e02c]  (no source info available)
C  [igxelpicd64.dll+0x2c1f8f]  (no source info available)
C  [igxelpicd64.dll+0x265efb]  (no source info available)
C  [igxelpicd64.dll+0x297beb]  (no source info available)
C  [igxelpicd64.dll+0x297d9b]  (no source info available)
C  [igxelpicd64.dll+0x2a697f]  (no source info available)
C  [igxelpicd64.dll+0x2a67b4]  (no source info available)
C  [igxelpicd64.dll+0x7dc7eb]  (no source info available)
C  [ntdll.dll+0x15f86e]  (no source info available)
C  [ntdll.dll+0xbcae]  (no source info available)
C  [ntdll.dll+0x8d4af]  (no source info available)
C  [ntdll.dll+0x8c67e]  (no source info available)
C  [KERNEL32.DLL+0x418ab]  (no source info available)
C  [ucrtbase.dll+0xa0093]  (no source info available)
V  [jvm.dll+0x79eb3a]  (no source info available)
V  [jvm.dll+0x79f001]  (no source info available)
V  [jvm.dll+0x79eb20]  (no source info available)
V  [jvm.dll+0x47a184]  (no source info available)
V  [jvm.dll+0x96f091]  (no source info available)
V  [jvm.dll+0x9703ad]  (no source info available)
V  [jvm.dll+0x970929]  (no source info available)
V  [jvm.dll+0x970bd3]  (no source info available)
V  [jvm.dll+0x906a0d]  (no source info available)
V  [jvm.dll+0x7a5135]  (no source info available)
C  [ucrtbase.dll+0x37b0]  (no source info available)
C  [KERNEL32.DLL+0x2e8d7]  (no source info available)
C  [ntdll.dll+0x8c53c]  (no source info available)


siginfo: EXCEPTION_ACCESS_VIOLATION (0xc0000005), reading address 0x0000000000035718


Registers:
RAX=0x0000019a6252f4b0, RBX=0x0000019a6252f360, RCX=0x0000000000000000, RDX=0x0000000000000001
RSP=0x0000006e757fe4e0, RBP=0x0000000000000000, RSI=0x0000019a6252f930, RDI=0x0000019a62a70070
R8 =0x0000000000000014, R9 =0x0000006e74b2e000, R10=0x0000000000000000, R11=0x0000000000000000
R12=0x0000000000000000, R13=0x0000000000000000, R14=0x0000000000000000, R15=0x0000000000000016
RIP=0x00007ffb7e6a3bcc, EFLAGS=0x0000000000010202

XMM[0]=0x0000000000000000 0x0000000000000000
XMM[1]=0x0000000000000000 0x0000000000000000
XMM[2]=0x0000000000000000 0x0000000000000000
XMM[3]=0x0000000000000000 0x0000000000000000
XMM[4]=0x0000000000000000 0x0000000000000000
XMM[5]=0x0000000000000000 0x0000000000000000
XMM[6]=0x0000000000000000 0x0000000000000000
XMM[7]=0x0000000000000000 0x0000000000000000
XMM[8]=0x0000000000000000 0x404e000000000000
XMM[9]=0x0000000000000000 0x0000000000000000
XMM[10]=0x0000000000000000 0x0000000000000000
XMM[11]=0x0000000000000000 0x0000000000000000
XMM[12]=0x0000000000000000 0x0000000000000000
XMM[13]=0x0000000000000000 0x0000000000000000
XMM[14]=0x0000000000000000 0x0000000000000000
XMM[15]=0x0000000000000000 0x0000000000000000
  MXCSR=0x00001fa0


Register to memory mapping:

RAX=0x0000019a6252f4b0 points into unknown readable memory: 0x0000000000000039 | 39 00 00 00 00 00 00 00
RBX=0x0000019a6252f360 points into unknown readable memory: 0x0000019a6259c4d0 | d0 c4 59 62 9a 01 00 00
RCX=0x0 is null
RDX=0x0000000000000001 is an unknown value
RSP=0x0000006e757fe4e0 points into unknown readable memory: 0x0000019a62fa32e0 | e0 32 fa 62 9a 01 00 00
RBP=0x0 is null
RSI=0x0000019a6252f930 points into unknown readable memory: 0x0000000000000000 | 00 00 00 00 00 00 00 00
RDI=0x0000019a62a70070 points into unknown readable memory: 0x0000019a6261ed00 | 00 ed 61 62 9a 01 00 00
R8 =0x0000000000000014 is an unknown value
R9 =0x0000006e74b2e000 points into unknown readable memory: 0x0000000000000000 | 00 00 00 00 00 00 00 00
R10=0x0 is null
R11=0x0 is null
R12=0x0 is null
R13=0x0 is null
R14=0x0 is null
R15=0x0000000000000016 is an unknown value

Top of Stack: (sp=0x0000006e757fe4e0)
0x0000006e757fe4e0:   0000019a62fa32e0 0000000000000000   .2.b............
0x0000006e757fe4f0:   0000006e757fe75f 00007ffc29365be4   _..un....[6)....
0x0000006e757fe500:   0000000000000001 0000000000000000   ................
0x0000006e757fe510:   0000000000000000 0000000000000000   ................
0x0000006e757fe520:   0000019a6293eee0 000000000000003a   ...b....:.......
0x0000006e757fe530:   0000000000000000 0000000000000012   ................
0x0000006e757fe540:   0000000000000000 0000000000000000   ................
0x0000006e757fe550:   0000006e757fe660 00007ffb7e67e02c   `..un...,.g~....
0x0000006e757fe560:   0000019a62fa32e0 0000019a62a70070   .2.b....p..b....
0x0000006e757fe570:   0000000000000000 0000000000000000   ................
0x0000006e757fe580:   0000006e0000086c 0000b80219620000   l...n.....b.....
0x0000006e757fe590:   0000000000000000 0000000000000000   ................
0x0000006e757fe5a0:   0000000000000000 0000000000000000   ................
0x0000006e757fe5b0:   0000000000000000 0000000000000000   ................
0x0000006e757fe5c0:   0000000000000000 00007ffb7e6ffdff   ..........o~....
0x0000006e757fe5d0:   0000000000000000 0000000000000000   ................
0x0000006e757fe5e0:   0000000000000000 0000000000000000   ................
0x0000006e757fe5f0:   0000000000000000 0000000000000000   ................
0x0000006e757fe600:   0000000000000000 00007ffb7e482257   ........W"H~....
0x0000006e757fe610:   0000b80219620000 000000000000086c   ..b.....l.......
0x0000006e757fe620:   0000000000000000 4000250000000001   .............%.@
0x0000006e757fe630:   0000000000000000 0000000000000000   ................
0x0000006e757fe640:   0000000000000000 0000000000000000   ................
0x0000006e757fe650:   0000000000000000 0000000000000000   ................
0x0000006e757fe660:   0000000000000000 0000000000000000   ................
0x0000006e757fe670:   0000000000000000 0000000000000000   ................
0x0000006e757fe680:   0000000000000000 0000000000000000   ................
0x0000006e757fe690:   0000000000000000 0000000000000000   ................
0x0000006e757fe6a0:   0000000000000000 0000000000000000   ................
0x0000006e757fe6b0:   0000000000000000 0000000000000000   ................
0x0000006e757fe6c0:   0000000000000000 0000000000000000   ................
0x0000006e757fe6d0:   0000000000000000 0000000000000000   ................

Instructions: (pc=0x00007ffb7e6a3bcc)
  0x00007ffb7e6a3acc:   ec 40 45 8a e1 48 8b fa 48 8b e9 48 8b 1d b2 a2
  0x00007ffb7e6a3adc:   c8 00 48 89 58 08 48 8b cb ff 15 25 16 82 00 90
  0x00007ffb7e6a3aec:   4c 8b af 78 02 00 00 48 8b 05 f6 83 b8 00 44 8b
  0x00007ffb7e6a3afc:   b8 58 0b 00 00 45 33 db 45 8a f3 4c 89 9f 78 02
  0x00007ffb7e6a3b0c:   00 00 44 89 9f 80 02 00 00 4c 89 9f 98 02 00 00
  0x00007ffb7e6a3b1c:   4c 89 9f 88 02 00 00 48 85 ed 75 38 8b 35 9a 7c
  0x00007ffb7e6a3b2c:   c8 00 65 48 8b 04 25 58 00 00 00 b9 14 00 00 00
  0x00007ffb7e6a3b3c:   48 8b 04 f0 44 38 1c 01 0f 84 ab 1f 70 00 65 48
  0x00007ffb7e6a3b4c:   8b 04 25 58 00 00 00 bd 20 00 00 00 48 8b 04 f0
  0x00007ffb7e6a3b5c:   48 8b 2c 28 48 3b 2d a9 a1 c8 00 45 0f 44 fb 4d
  0x00007ffb7e6a3b6c:   85 ed 0f 84 21 01 00 00 44 8a a4 24 90 00 00 00
  0x00007ffb7e6a3b7c:   49 8b dd 49 8d b5 d0 05 00 00 4c 8b 2e 45 84 e4
  0x00007ffb7e6a3b8c:   0f 85 2a 03 00 00 8b 97 c8 01 00 00 48 8b 05 51
  0x00007ffb7e6a3b9c:   83 b8 00 83 b8 78 03 00 00 02 75 31 83 fa 10 0f
  0x00007ffb7e6a3bac:   83 17 01 00 00 48 8d 04 d5 21 00 00 00 48 03 c2
  0x00007ffb7e6a3bbc:   48 8d 04 c3 48 85 c0 0f 85 2e 01 00 00 49 8b cb
=>0x00007ffb7e6a3bcc:   48 3b 8d 18 57 03 00 0f 87 f3 02 00 00 4c 39 9b
  0x00007ffb7e6a3bdc:   48 06 00 00 0f 85 4f 1f 70 00 44 8b 97 c8 01 00
  0x00007ffb7e6a3bec:   00 48 8b 87 e0 01 00 00 4c 8b 08 8b 97 c8 01 00
  0x00007ffb7e6a3bfc:   00 83 fa 10 0f 83 03 01 00 00 48 8d 04 d5 21 00
  0x00007ffb7e6a3c0c:   00 00 48 03 c2 48 8d 04 c3 48 85 c0 0f 85 e2 00
  0x00007ffb7e6a3c1c:   00 00 49 8b cb 49 3b c9 0f 86 0e 01 00 00 48 8b
  0x00007ffb7e6a3c2c:   87 78 02 00 00 48 89 06 48 89 9f 78 02 00 00 ff
  0x00007ffb7e6a3c3c:   87 80 02 00 00 48 8b 43 08 48 8b 88 18 01 00 00
  0x00007ffb7e6a3c4c:   48 81 e1 00 00 ff ff 48 81 c1 00 00 01 00 48 01
  0x00007ffb7e6a3c5c:   8f 88 02 00 00 48 8b 43 08 48 8b 88 18 01 00 00
  0x00007ffb7e6a3c6c:   48 01 8f 98 02 00 00 4d 85 ed 0f 85 00 ff ff ff
  0x00007ffb7e6a3c7c:   45 84 f6 44 8a a4 24 98 00 00 00 0f 85 82 03 00
  0x00007ffb7e6a3c8c:   00 48 8b 9c 24 80 00 00 00 48 8b cf 45 84 e4 0f
  0x00007ffb7e6a3c9c:   85 8a 03 00 00 e8 8a fa ff ff 90 48 8b cb 48 8b
  0x00007ffb7e6a3cac:   9c 24 88 00 00 00 48 83 c4 40 41 5f 41 5e 41 5d
  0x00007ffb7e6a3cbc:   41 5c 5f 5e 5d 48 ff 25 50 14 82 00 8d 4a f0 8b


Stack slot to memory mapping:

stack at sp + 0 slots: 0x0000019a62fa32e0 points into unknown readable memory: 0xffffffffffffffff | ff ff ff ff ff ff ff ff
stack at sp + 1 slots: 0x0 is null
stack at sp + 2 slots: 0x0000006e757fe75f points into unknown readable memory: 00
stack at sp + 3 slots: 0x00007ffc29365be4 ntdll.dll
stack at sp + 4 slots: 0x0000000000000001 is an unknown value
stack at sp + 5 slots: 0x0 is null
stack at sp + 6 slots: 0x0 is null
stack at sp + 7 slots: 0x0 is null

VM_Operation (0x0000006e764fee70): Exit, mode: safepoint, requested by thread 0x0000019a625f16c0


---------------  P R O C E S S  ---------------

Threads class SMR info:
_java_thread_list=0x0000019a633d9220, length=14, elements={
0x0000019a408abe40, 0x0000019a5d6f58f0, 0x0000019a5d6f6210, 0x0000019a5d6fbd20,
0x0000019a5d6fc8e0, 0x0000019a5d7024e0, 0x0000019a5d707850, 0x0000019a5d72d770,
0x0000019a5d731840, 0x0000019a5d8c5f20, 0x0000019a5d973f30, 0x0000019a5d9746f0,
0x0000019a62562fb0, 0x0000019a625f16c0
}

Java Threads: ( => current thread )
  0x0000019a408abe40 JavaThread "main"                              [_thread_in_native, id=11804, stack(0x0000006e75000000,0x0000006e75100000) (1024K)]
  0x0000019a5d6f58f0 JavaThread "Reference Handler"          daemon [_thread_blocked, id=4792, stack(0x0000006e75800000,0x0000006e75900000) (1024K)]
  0x0000019a5d6f6210 JavaThread "Finalizer"                  daemon [_thread_blocked, id=4068, stack(0x0000006e75900000,0x0000006e75a00000) (1024K)]
  0x0000019a5d6fbd20 JavaThread "Signal Dispatcher"          daemon [_thread_blocked, id=4764, stack(0x0000006e75a00000,0x0000006e75b00000) (1024K)]
  0x0000019a5d6fc8e0 JavaThread "Attach Listener"            daemon [_thread_blocked, id=9888, stack(0x0000006e75b00000,0x0000006e75c00000) (1024K)]
  0x0000019a5d7024e0 JavaThread "Service Thread"             daemon [_thread_blocked, id=7664, stack(0x0000006e75c00000,0x0000006e75d00000) (1024K)]
  0x0000019a5d707850 JavaThread "Monitor Deflation Thread"   daemon [_thread_blocked, id=13860, stack(0x0000006e75d00000,0x0000006e75e00000) (1024K)]
  0x0000019a5d72d770 JavaThread "C2 CompilerThread0"         daemon [_thread_blocked, id=14868, stack(0x0000006e75e00000,0x0000006e75f00000) (1024K)]
  0x0000019a5d731840 JavaThread "C1 CompilerThread0"         daemon [_thread_blocked, id=14516, stack(0x0000006e75f00000,0x0000006e76000000) (1024K)]
  0x0000019a5d8c5f20 JavaThread "Common-Cleaner"             daemon [_thread_blocked, id=10016, stack(0x0000006e76000000,0x0000006e76100000) (1024K)]
  0x0000019a5d973f30 JavaThread "Monitor Ctrl-Break"         daemon [_thread_in_native, id=9832, stack(0x0000006e76100000,0x0000006e76200000) (1024K)]
  0x0000019a5d9746f0 JavaThread "Notification Thread"        daemon [_thread_blocked, id=10080, stack(0x0000006e76200000,0x0000006e76300000) (1024K)]
  0x0000019a62562fb0 JavaThread "JavaCPP Deallocator"        daemon [_thread_blocked, id=1512, stack(0x0000006e76300000,0x0000006e76400000) (1024K)]
  0x0000019a625f16c0 JavaThread "SIGINT handler"             daemon [_thread_blocked, id=5748, stack(0x0000006e76400000,0x0000006e76500000) (1024K)]
Total: 14

Other Threads:
=>0x0000019a5d6e3170 VMThread "VM Thread"                           [id=2988, stack(0x0000006e75700000,0x0000006e75800000) (1024K)]
  0x0000019a40903130 WorkerThread "GC Thread#0"                     [id=10692, stack(0x0000006e75100000,0x0000006e75200000) (1024K)]
  0x0000019a4091c6d0 ConcurrentGCThread "G1 Main Marker"            terminated
  0x0000019a4091da10 WorkerThread "G1 Conc#0"                       [id=8768, stack(0x0000006e75300000,0x0000006e75400000) (1024K)]
  0x0000019a4096eae0 ConcurrentGCThread "G1 Refine#0"               terminated
  0x0000019a5d5a66c0 ConcurrentGCThread "G1 Service"                terminated
Total: 6

Threads with active compile tasks:
Total: 0

VM state: at safepoint (shutting down)

VM Mutex/Monitor currently owned by a thread:  ([mutex/lock_event])
[0x00007ffbeaa591e8] ThreadsLockThrottle_lock - owner thread: 0x0000019a5d6fbd20
[0x00007ffbeaa594e8] Threads_lock - owner thread: 0x0000019a5d6e3170
[0x00007ffbeaa59668] Heap_lock - owner thread: 0x0000019a625f16c0

Heap address: 0x0000000083600000, size: 1994 MB, Compressed Oops mode: 32-bit

CDS archive(s) mapped at: [0x000000002f000000-0x000000002fdd0000-0x000000002fdd0000), size 14483456, SharedBaseAddress: 0x000000002f000000, ArchiveRelocationMode: 1.
Compressed class space mapped at: 0x0000000030000000-0x0000000070000000, reserved size: 1073741824
UseCompressedClassPointers 1, UseCompactObjectHeaders 0
Narrow klass pointer bits 32, Max shift 3
Narrow klass base: 0x000000002f000000, Narrow klass shift: 0
Encoding Range: [0x000000002f000000 - 0x000000012f000000), (4294967296 bytes)
Klass Range:    [0x000000002f010000 - 0x0000000070000000), (1090453504 bytes)
Klass ID Range:  [65536 - 1090519033) (1090453497)
Protection zone: [0x000000002f000000 - 0x000000002f010000), (65536 bytes)

GC Precious Log:
 CardTable entry size: 512
 Card Set container configuration: InlinePtr #cards 5 size 8 Array Of Cards #cards 10 size 36 Howl #buckets 4 coarsen threshold 1843 Howl Bitmap #cards 512 size 80 coarsen threshold 460 Card regions per heap region 1 cards per card region 2048
 CPUs: 8 total, 8 available
 Memory: 7971M
 Large Page Support: Disabled
 NUMA Support: Disabled
 Compressed Oops: Enabled (32-bit)
 Heap Region Size: 1M
 Heap Min Capacity: 8M
 Heap Initial Capacity: 126M
 Heap Max Capacity: 1994M
 Pre-touch: Disabled
 Parallel Workers: 8
 Concurrent Workers: 2
 Concurrent Refinement Workers: 8
 Periodic GC: Disabled

Heap:
 garbage-first heap   total reserved 2041856K, committed 131072K, used 23699K [0x0000000083600000, 0x0000000100000000)
  region size 1024K, 23 young (23552K), 0 survivors (0K)

Heap Regions: E=young(eden), S=young(survivor), O=old, HS=humongous(starts), HC=humongous(continues), CS=collection set, F=free, TAMS=top-at-mark-start, PB=parsable bottom
|   0|0x0000000083600000, 0x0000000083600000, 0x0000000083700000|  0%| F|  |TAMS 0x0000000083600000| PB 0x0000000083600000| Untracked |  0
|   1|0x0000000083700000, 0x0000000083700000, 0x0000000083800000|  0%| F|  |TAMS 0x0000000083700000| PB 0x0000000083700000| Untracked |  0
|   2|0x0000000083800000, 0x0000000083800000, 0x0000000083900000|  0%| F|  |TAMS 0x0000000083800000| PB 0x0000000083800000| Untracked |  0
|   3|0x0000000083900000, 0x0000000083900000, 0x0000000083a00000|  0%| F|  |TAMS 0x0000000083900000| PB 0x0000000083900000| Untracked |  0
|   4|0x0000000083a00000, 0x0000000083a00000, 0x0000000083b00000|  0%| F|  |TAMS 0x0000000083a00000| PB 0x0000000083a00000| Untracked |  0
|   5|0x0000000083b00000, 0x0000000083b00000, 0x0000000083c00000|  0%| F|  |TAMS 0x0000000083b00000| PB 0x0000000083b00000| Untracked |  0
|   6|0x0000000083c00000, 0x0000000083c00000, 0x0000000083d00000|  0%| F|  |TAMS 0x0000000083c00000| PB 0x0000000083c00000| Untracked |  0
|   7|0x0000000083d00000, 0x0000000083d00000, 0x0000000083e00000|  0%| F|  |TAMS 0x0000000083d00000| PB 0x0000000083d00000| Untracked |  0
|   8|0x0000000083e00000, 0x0000000083e00000, 0x0000000083f00000|  0%| F|  |TAMS 0x0000000083e00000| PB 0x0000000083e00000| Untracked |  0
|   9|0x0000000083f00000, 0x0000000083f00000, 0x0000000084000000|  0%| F|  |TAMS 0x0000000083f00000| PB 0x0000000083f00000| Untracked |  0
|  10|0x0000000084000000, 0x0000000084000000, 0x0000000084100000|  0%| F|  |TAMS 0x0000000084000000| PB 0x0000000084000000| Untracked |  0
|  11|0x0000000084100000, 0x0000000084100000, 0x0000000084200000|  0%| F|  |TAMS 0x0000000084100000| PB 0x0000000084100000| Untracked |  0
|  12|0x0000000084200000, 0x0000000084200000, 0x0000000084300000|  0%| F|  |TAMS 0x0000000084200000| PB 0x0000000084200000| Untracked |  0
|  13|0x0000000084300000, 0x0000000084300000, 0x0000000084400000|  0%| F|  |TAMS 0x0000000084300000| PB 0x0000000084300000| Untracked |  0
|  14|0x0000000084400000, 0x0000000084400000, 0x0000000084500000|  0%| F|  |TAMS 0x0000000084400000| PB 0x0000000084400000| Untracked |  0
|  15|0x0000000084500000, 0x0000000084500000, 0x0000000084600000|  0%| F|  |TAMS 0x0000000084500000| PB 0x0000000084500000| Untracked |  0
|  16|0x0000000084600000, 0x0000000084600000, 0x0000000084700000|  0%| F|  |TAMS 0x0000000084600000| PB 0x0000000084600000| Untracked |  0
|  17|0x0000000084700000, 0x0000000084700000, 0x0000000084800000|  0%| F|  |TAMS 0x0000000084700000| PB 0x0000000084700000| Untracked |  0
|  18|0x0000000084800000, 0x0000000084800000, 0x0000000084900000|  0%| F|  |TAMS 0x0000000084800000| PB 0x0000000084800000| Untracked |  0
|  19|0x0000000084900000, 0x0000000084900000, 0x0000000084a00000|  0%| F|  |TAMS 0x0000000084900000| PB 0x0000000084900000| Untracked |  0
|  20|0x0000000084a00000, 0x0000000084a00000, 0x0000000084b00000|  0%| F|  |TAMS 0x0000000084a00000| PB 0x0000000084a00000| Untracked |  0
|  21|0x0000000084b00000, 0x0000000084b00000, 0x0000000084c00000|  0%| F|  |TAMS 0x0000000084b00000| PB 0x0000000084b00000| Untracked |  0
|  22|0x0000000084c00000, 0x0000000084c00000, 0x0000000084d00000|  0%| F|  |TAMS 0x0000000084c00000| PB 0x0000000084c00000| Untracked |  0
|  23|0x0000000084d00000, 0x0000000084d00000, 0x0000000084e00000|  0%| F|  |TAMS 0x0000000084d00000| PB 0x0000000084d00000| Untracked |  0
|  24|0x0000000084e00000, 0x0000000084e00000, 0x0000000084f00000|  0%| F|  |TAMS 0x0000000084e00000| PB 0x0000000084e00000| Untracked |  0
|  25|0x0000000084f00000, 0x0000000084f00000, 0x0000000085000000|  0%| F|  |TAMS 0x0000000084f00000| PB 0x0000000084f00000| Untracked |  0
|  26|0x0000000085000000, 0x0000000085000000, 0x0000000085100000|  0%| F|  |TAMS 0x0000000085000000| PB 0x0000000085000000| Untracked |  0
|  27|0x0000000085100000, 0x0000000085100000, 0x0000000085200000|  0%| F|  |TAMS 0x0000000085100000| PB 0x0000000085100000| Untracked |  0
|  28|0x0000000085200000, 0x0000000085200000, 0x0000000085300000|  0%| F|  |TAMS 0x0000000085200000| PB 0x0000000085200000| Untracked |  0
|  29|0x0000000085300000, 0x0000000085300000, 0x0000000085400000|  0%| F|  |TAMS 0x0000000085300000| PB 0x0000000085300000| Untracked |  0
|  30|0x0000000085400000, 0x0000000085400000, 0x0000000085500000|  0%| F|  |TAMS 0x0000000085400000| PB 0x0000000085400000| Untracked |  0
|  31|0x0000000085500000, 0x0000000085500000, 0x0000000085600000|  0%| F|  |TAMS 0x0000000085500000| PB 0x0000000085500000| Untracked |  0
|  32|0x0000000085600000, 0x0000000085600000, 0x0000000085700000|  0%| F|  |TAMS 0x0000000085600000| PB 0x0000000085600000| Untracked |  0
|  33|0x0000000085700000, 0x0000000085700000, 0x0000000085800000|  0%| F|  |TAMS 0x0000000085700000| PB 0x0000000085700000| Untracked |  0
|  34|0x0000000085800000, 0x0000000085800000, 0x0000000085900000|  0%| F|  |TAMS 0x0000000085800000| PB 0x0000000085800000| Untracked |  0
|  35|0x0000000085900000, 0x0000000085900000, 0x0000000085a00000|  0%| F|  |TAMS 0x0000000085900000| PB 0x0000000085900000| Untracked |  0
|  36|0x0000000085a00000, 0x0000000085a00000, 0x0000000085b00000|  0%| F|  |TAMS 0x0000000085a00000| PB 0x0000000085a00000| Untracked |  0
|  37|0x0000000085b00000, 0x0000000085b00000, 0x0000000085c00000|  0%| F|  |TAMS 0x0000000085b00000| PB 0x0000000085b00000| Untracked |  0
|  38|0x0000000085c00000, 0x0000000085c00000, 0x0000000085d00000|  0%| F|  |TAMS 0x0000000085c00000| PB 0x0000000085c00000| Untracked |  0
|  39|0x0000000085d00000, 0x0000000085d00000, 0x0000000085e00000|  0%| F|  |TAMS 0x0000000085d00000| PB 0x0000000085d00000| Untracked |  0
|  40|0x0000000085e00000, 0x0000000085e00000, 0x0000000085f00000|  0%| F|  |TAMS 0x0000000085e00000| PB 0x0000000085e00000| Untracked |  0
|  41|0x0000000085f00000, 0x0000000085f00000, 0x0000000086000000|  0%| F|  |TAMS 0x0000000085f00000| PB 0x0000000085f00000| Untracked |  0
|  42|0x0000000086000000, 0x0000000086000000, 0x0000000086100000|  0%| F|  |TAMS 0x0000000086000000| PB 0x0000000086000000| Untracked |  0
|  43|0x0000000086100000, 0x0000000086100000, 0x0000000086200000|  0%| F|  |TAMS 0x0000000086100000| PB 0x0000000086100000| Untracked |  0
|  44|0x0000000086200000, 0x0000000086200000, 0x0000000086300000|  0%| F|  |TAMS 0x0000000086200000| PB 0x0000000086200000| Untracked |  0
|  45|0x0000000086300000, 0x0000000086300000, 0x0000000086400000|  0%| F|  |TAMS 0x0000000086300000| PB 0x0000000086300000| Untracked |  0
|  46|0x0000000086400000, 0x0000000086400000, 0x0000000086500000|  0%| F|  |TAMS 0x0000000086400000| PB 0x0000000086400000| Untracked |  0
|  47|0x0000000086500000, 0x0000000086500000, 0x0000000086600000|  0%| F|  |TAMS 0x0000000086500000| PB 0x0000000086500000| Untracked |  0
|  48|0x0000000086600000, 0x0000000086600000, 0x0000000086700000|  0%| F|  |TAMS 0x0000000086600000| PB 0x0000000086600000| Untracked |  0
|  49|0x0000000086700000, 0x0000000086700000, 0x0000000086800000|  0%| F|  |TAMS 0x0000000086700000| PB 0x0000000086700000| Untracked |  0
|  50|0x0000000086800000, 0x0000000086800000, 0x0000000086900000|  0%| F|  |TAMS 0x0000000086800000| PB 0x0000000086800000| Untracked |  0
|  51|0x0000000086900000, 0x0000000086900000, 0x0000000086a00000|  0%| F|  |TAMS 0x0000000086900000| PB 0x0000000086900000| Untracked |  0
|  52|0x0000000086a00000, 0x0000000086a00000, 0x0000000086b00000|  0%| F|  |TAMS 0x0000000086a00000| PB 0x0000000086a00000| Untracked |  0
|  53|0x0000000086b00000, 0x0000000086b00000, 0x0000000086c00000|  0%| F|  |TAMS 0x0000000086b00000| PB 0x0000000086b00000| Untracked |  0
|  54|0x0000000086c00000, 0x0000000086c00000, 0x0000000086d00000|  0%| F|  |TAMS 0x0000000086c00000| PB 0x0000000086c00000| Untracked |  0
|  55|0x0000000086d00000, 0x0000000086d00000, 0x0000000086e00000|  0%| F|  |TAMS 0x0000000086d00000| PB 0x0000000086d00000| Untracked |  0
|  56|0x0000000086e00000, 0x0000000086e00000, 0x0000000086f00000|  0%| F|  |TAMS 0x0000000086e00000| PB 0x0000000086e00000| Untracked |  0
|  57|0x0000000086f00000, 0x0000000086f00000, 0x0000000087000000|  0%| F|  |TAMS 0x0000000086f00000| PB 0x0000000086f00000| Untracked |  0
|  58|0x0000000087000000, 0x0000000087000000, 0x0000000087100000|  0%| F|  |TAMS 0x0000000087000000| PB 0x0000000087000000| Untracked |  0
|  59|0x0000000087100000, 0x0000000087100000, 0x0000000087200000|  0%| F|  |TAMS 0x0000000087100000| PB 0x0000000087100000| Untracked |  0
|  60|0x0000000087200000, 0x0000000087200000, 0x0000000087300000|  0%| F|  |TAMS 0x0000000087200000| PB 0x0000000087200000| Untracked |  0
|  61|0x0000000087300000, 0x0000000087300000, 0x0000000087400000|  0%| F|  |TAMS 0x0000000087300000| PB 0x0000000087300000| Untracked |  0
|  62|0x0000000087400000, 0x0000000087400000, 0x0000000087500000|  0%| F|  |TAMS 0x0000000087400000| PB 0x0000000087400000| Untracked |  0
|  63|0x0000000087500000, 0x0000000087500000, 0x0000000087600000|  0%| F|  |TAMS 0x0000000087500000| PB 0x0000000087500000| Untracked |  0
|  64|0x0000000087600000, 0x0000000087600000, 0x0000000087700000|  0%| F|  |TAMS 0x0000000087600000| PB 0x0000000087600000| Untracked |  0
|  65|0x0000000087700000, 0x0000000087700000, 0x0000000087800000|  0%| F|  |TAMS 0x0000000087700000| PB 0x0000000087700000| Untracked |  0
|  66|0x0000000087800000, 0x0000000087800000, 0x0000000087900000|  0%| F|  |TAMS 0x0000000087800000| PB 0x0000000087800000| Untracked |  0
|  67|0x0000000087900000, 0x0000000087900000, 0x0000000087a00000|  0%| F|  |TAMS 0x0000000087900000| PB 0x0000000087900000| Untracked |  0
|  68|0x0000000087a00000, 0x0000000087a00000, 0x0000000087b00000|  0%| F|  |TAMS 0x0000000087a00000| PB 0x0000000087a00000| Untracked |  0
|  69|0x0000000087b00000, 0x0000000087b00000, 0x0000000087c00000|  0%| F|  |TAMS 0x0000000087b00000| PB 0x0000000087b00000| Untracked |  0
|  70|0x0000000087c00000, 0x0000000087c00000, 0x0000000087d00000|  0%| F|  |TAMS 0x0000000087c00000| PB 0x0000000087c00000| Untracked |  0
|  71|0x0000000087d00000, 0x0000000087d00000, 0x0000000087e00000|  0%| F|  |TAMS 0x0000000087d00000| PB 0x0000000087d00000| Untracked |  0
|  72|0x0000000087e00000, 0x0000000087e00000, 0x0000000087f00000|  0%| F|  |TAMS 0x0000000087e00000| PB 0x0000000087e00000| Untracked |  0
|  73|0x0000000087f00000, 0x0000000087f00000, 0x0000000088000000|  0%| F|  |TAMS 0x0000000087f00000| PB 0x0000000087f00000| Untracked |  0
|  74|0x0000000088000000, 0x0000000088000000, 0x0000000088100000|  0%| F|  |TAMS 0x0000000088000000| PB 0x0000000088000000| Untracked |  0
|  75|0x0000000088100000, 0x0000000088100000, 0x0000000088200000|  0%| F|  |TAMS 0x0000000088100000| PB 0x0000000088100000| Untracked |  0
|  76|0x0000000088200000, 0x0000000088200000, 0x0000000088300000|  0%| F|  |TAMS 0x0000000088200000| PB 0x0000000088200000| Untracked |  0
|  77|0x0000000088300000, 0x0000000088300000, 0x0000000088400000|  0%| F|  |TAMS 0x0000000088300000| PB 0x0000000088300000| Untracked |  0
|  78|0x0000000088400000, 0x0000000088400000, 0x0000000088500000|  0%| F|  |TAMS 0x0000000088400000| PB 0x0000000088400000| Untracked |  0
|  79|0x0000000088500000, 0x0000000088500000, 0x0000000088600000|  0%| F|  |TAMS 0x0000000088500000| PB 0x0000000088500000| Untracked |  0
|  80|0x0000000088600000, 0x0000000088600000, 0x0000000088700000|  0%| F|  |TAMS 0x0000000088600000| PB 0x0000000088600000| Untracked |  0
|  81|0x0000000088700000, 0x0000000088700000, 0x0000000088800000|  0%| F|  |TAMS 0x0000000088700000| PB 0x0000000088700000| Untracked |  0
|  82|0x0000000088800000, 0x0000000088800000, 0x0000000088900000|  0%| F|  |TAMS 0x0000000088800000| PB 0x0000000088800000| Untracked |  0
|  83|0x0000000088900000, 0x0000000088900000, 0x0000000088a00000|  0%| F|  |TAMS 0x0000000088900000| PB 0x0000000088900000| Untracked |  0
|  84|0x0000000088a00000, 0x0000000088a00000, 0x0000000088b00000|  0%| F|  |TAMS 0x0000000088a00000| PB 0x0000000088a00000| Untracked |  0
|  85|0x0000000088b00000, 0x0000000088b00000, 0x0000000088c00000|  0%| F|  |TAMS 0x0000000088b00000| PB 0x0000000088b00000| Untracked |  0
|  86|0x0000000088c00000, 0x0000000088c00000, 0x0000000088d00000|  0%| F|  |TAMS 0x0000000088c00000| PB 0x0000000088c00000| Untracked |  0
|  87|0x0000000088d00000, 0x0000000088d00000, 0x0000000088e00000|  0%| F|  |TAMS 0x0000000088d00000| PB 0x0000000088d00000| Untracked |  0
|  88|0x0000000088e00000, 0x0000000088e00000, 0x0000000088f00000|  0%| F|  |TAMS 0x0000000088e00000| PB 0x0000000088e00000| Untracked |  0
|  89|0x0000000088f00000, 0x0000000088f00000, 0x0000000089000000|  0%| F|  |TAMS 0x0000000088f00000| PB 0x0000000088f00000| Untracked |  0
|  90|0x0000000089000000, 0x0000000089000000, 0x0000000089100000|  0%| F|  |TAMS 0x0000000089000000| PB 0x0000000089000000| Untracked |  0
|  91|0x0000000089100000, 0x0000000089100000, 0x0000000089200000|  0%| F|  |TAMS 0x0000000089100000| PB 0x0000000089100000| Untracked |  0
|  92|0x0000000089200000, 0x0000000089200000, 0x0000000089300000|  0%| F|  |TAMS 0x0000000089200000| PB 0x0000000089200000| Untracked |  0
|  93|0x0000000089300000, 0x0000000089300000, 0x0000000089400000|  0%| F|  |TAMS 0x0000000089300000| PB 0x0000000089300000| Untracked |  0
|  94|0x0000000089400000, 0x0000000089400000, 0x0000000089500000|  0%| F|  |TAMS 0x0000000089400000| PB 0x0000000089400000| Untracked |  0
|  95|0x0000000089500000, 0x0000000089500000, 0x0000000089600000|  0%| F|  |TAMS 0x0000000089500000| PB 0x0000000089500000| Untracked |  0
|  96|0x0000000089600000, 0x0000000089600000, 0x0000000089700000|  0%| F|  |TAMS 0x0000000089600000| PB 0x0000000089600000| Untracked |  0
|  97|0x0000000089700000, 0x0000000089700000, 0x0000000089800000|  0%| F|  |TAMS 0x0000000089700000| PB 0x0000000089700000| Untracked |  0
|  98|0x0000000089800000, 0x0000000089800000, 0x0000000089900000|  0%| F|  |TAMS 0x0000000089800000| PB 0x0000000089800000| Untracked |  0
|  99|0x0000000089900000, 0x0000000089900000, 0x0000000089a00000|  0%| F|  |TAMS 0x0000000089900000| PB 0x0000000089900000| Untracked |  0
| 100|0x0000000089a00000, 0x0000000089a00000, 0x0000000089b00000|  0%| F|  |TAMS 0x0000000089a00000| PB 0x0000000089a00000| Untracked |  0
| 101|0x0000000089b00000, 0x0000000089b00000, 0x0000000089c00000|  0%| F|  |TAMS 0x0000000089b00000| PB 0x0000000089b00000| Untracked |  0
| 102|0x0000000089c00000, 0x0000000089c00000, 0x0000000089d00000|  0%| F|  |TAMS 0x0000000089c00000| PB 0x0000000089c00000| Untracked |  0
| 103|0x0000000089d00000, 0x0000000089d80000, 0x0000000089e00000| 50%| E|  |TAMS 0x0000000089d00000| PB 0x0000000089d00000| Complete |  0
| 104|0x0000000089e00000, 0x0000000089f00000, 0x0000000089f00000|100%| E|CS|TAMS 0x0000000089e00000| PB 0x0000000089e00000| Complete |  0
| 105|0x0000000089f00000, 0x000000008a000000, 0x000000008a000000|100%| E|CS|TAMS 0x0000000089f00000| PB 0x0000000089f00000| Complete |  0
| 106|0x000000008a000000, 0x000000008a100000, 0x000000008a100000|100%| E|CS|TAMS 0x000000008a000000| PB 0x000000008a000000| Complete |  0
| 107|0x000000008a100000, 0x000000008a200000, 0x000000008a200000|100%| E|CS|TAMS 0x000000008a100000| PB 0x000000008a100000| Complete |  0
| 108|0x000000008a200000, 0x000000008a300000, 0x000000008a300000|100%| E|CS|TAMS 0x000000008a200000| PB 0x000000008a200000| Complete |  0
| 109|0x000000008a300000, 0x000000008a400000, 0x000000008a400000|100%| E|CS|TAMS 0x000000008a300000| PB 0x000000008a300000| Complete |  0
| 110|0x000000008a400000, 0x000000008a500000, 0x000000008a500000|100%| E|CS|TAMS 0x000000008a400000| PB 0x000000008a400000| Complete |  0
| 111|0x000000008a500000, 0x000000008a600000, 0x000000008a600000|100%| E|CS|TAMS 0x000000008a500000| PB 0x000000008a500000| Complete |  0
| 112|0x000000008a600000, 0x000000008a700000, 0x000000008a700000|100%| E|CS|TAMS 0x000000008a600000| PB 0x000000008a600000| Complete |  0
| 113|0x000000008a700000, 0x000000008a800000, 0x000000008a800000|100%| E|CS|TAMS 0x000000008a700000| PB 0x000000008a700000| Complete |  0
| 114|0x000000008a800000, 0x000000008a900000, 0x000000008a900000|100%| E|CS|TAMS 0x000000008a800000| PB 0x000000008a800000| Complete |  0
| 115|0x000000008a900000, 0x000000008aa00000, 0x000000008aa00000|100%| E|CS|TAMS 0x000000008a900000| PB 0x000000008a900000| Complete |  0
| 116|0x000000008aa00000, 0x000000008ab00000, 0x000000008ab00000|100%| E|CS|TAMS 0x000000008aa00000| PB 0x000000008aa00000| Complete |  0
| 117|0x000000008ab00000, 0x000000008ac00000, 0x000000008ac00000|100%| E|CS|TAMS 0x000000008ab00000| PB 0x000000008ab00000| Complete |  0
| 118|0x000000008ac00000, 0x000000008ad00000, 0x000000008ad00000|100%| E|CS|TAMS 0x000000008ac00000| PB 0x000000008ac00000| Complete |  0
| 119|0x000000008ad00000, 0x000000008ae00000, 0x000000008ae00000|100%| E|CS|TAMS 0x000000008ad00000| PB 0x000000008ad00000| Complete |  0
| 120|0x000000008ae00000, 0x000000008af00000, 0x000000008af00000|100%| E|CS|TAMS 0x000000008ae00000| PB 0x000000008ae00000| Complete |  0
| 121|0x000000008af00000, 0x000000008b000000, 0x000000008b000000|100%| E|CS|TAMS 0x000000008af00000| PB 0x000000008af00000| Complete |  0
| 122|0x000000008b000000, 0x000000008b100000, 0x000000008b100000|100%| E|CS|TAMS 0x000000008b000000| PB 0x000000008b000000| Complete |  0
| 123|0x000000008b100000, 0x000000008b200000, 0x000000008b200000|100%| E|CS|TAMS 0x000000008b100000| PB 0x000000008b100000| Complete |  0
| 124|0x000000008b200000, 0x000000008b300000, 0x000000008b300000|100%| E|CS|TAMS 0x000000008b200000| PB 0x000000008b200000| Complete |  0
| 125|0x000000008b300000, 0x000000008b400000, 0x000000008b400000|100%| E|CS|TAMS 0x000000008b300000| PB 0x000000008b300000| Complete |  0
|1992|0x00000000ffe00000, 0x00000000fff00000, 0x00000000fff00000|100%| O|  |TAMS 0x00000000ffe00000| PB 0x00000000ffe00000| Untracked |  0
|1993|0x00000000fff00000, 0x00000000fff24ea8, 0x0000000100000000| 14%| O|  |TAMS 0x00000000fff00000| PB 0x00000000fff00000| Untracked |  0

Card table byte_map: [0x0000019a58970000,0x0000019a58d60000] _byte_map_base: 0x0000019a58555000

Marking Bits: (CMBitMap*) 0x0000019a409038c0
 Bits: [0x0000019a58d60000, 0x0000019a5ac88000)

Polling page: 0x0000019a40070000

Metaspace:
Metaspace        used 3169K, committed 3328K, reserved 1114112K
 class space     used 251K, committed 320K, reserved 1048576K

Usage:
  Non-class:      2.85 MB used.
      Class:    251.02 KB used.
       Both:      3.09 MB used.

Virtual space:
  Non-class space:       64.00 MB reserved,       2.94 MB (  5%) committed,  1 nodes.
      Class space:        1.00 GB reserved,     320.00 KB ( <1%) committed,  1 nodes.
             Both:        1.06 GB reserved,       3.25 MB ( <1%) committed. 

Chunk freelists:
   Non-Class:  11.08 MB
       Class:  15.63 MB
        Both:  26.71 MB

MaxMetaspaceSize: unlimited
CompressedClassSpaceSize: 1.00 GB
Initial GC threshold: 21.00 MB
Current GC threshold: 21.00 MB
CDS: on
 - commit_granule_bytes: 65536.
 - commit_granule_words: 8192.
 - virtual_space_node_default_size: 8388608.
 - enlarge_chunks_in_place: 1.
UseCompressedClassPointers 1, UseCompactObjectHeaders 0
Narrow klass pointer bits 32, Max shift 3
Narrow klass base: 0x000000002f000000, Narrow klass shift: 0
Encoding Range: [0x000000002f000000 - 0x000000012f000000), (4294967296 bytes)
Klass Range:    [0x000000002f010000 - 0x0000000070000000), (1090453504 bytes)
Klass ID Range:  [65536 - 1090519033) (1090453497)
Protection zone: [0x000000002f000000 - 0x000000002f010000), (65536 bytes)


Internal statistics:

num_allocs_failed_limit: 0.
num_arena_births: 46.
num_arena_deaths: 0.
num_vsnodes_births: 2.
num_vsnodes_deaths: 0.
num_space_committed: 52.
num_space_uncommitted: 0.
num_chunks_returned_to_freelist: 0.
num_chunks_taken_from_freelist: 95.
num_chunk_merges: 0.
num_chunk_splits: 64.
num_chunks_enlarged: 44.
num_inconsistent_stats: 0.

CodeHeap 'non-profiled nmethods': size=120064Kb used=392Kb max_used=392Kb free=119671Kb
 bounds [0x0000019a50bf0000, 0x0000019a50e60000, 0x0000019a58130000]
CodeHeap 'profiled nmethods': size=120000Kb used=1401Kb max_used=1401Kb free=118598Kb
 bounds [0x0000019a49130000, 0x0000019a493a0000, 0x0000019a50660000]
CodeHeap 'non-nmethods': size=5696Kb used=1525Kb max_used=1538Kb free=4170Kb
 bounds [0x0000019a50660000, 0x0000019a508d0000, 0x0000019a50bf0000]
CodeCache: size=245760Kb, used=3318Kb, max_used=3331Kb, free=242439Kb
 total_blobs=1604, nmethods=1073, adapters=435, full_count=0
Compilation: enabled, stopped_count=0, restarted_count=0

Compilation events (20 events):
Event: 21.082 Thread 0x0000019a5d731840 1056       3       jdk.internal.classfile.impl.AbstractPoolEntry$AbstractMemberRefEntry::<init> (12 bytes)
Event: 21.083 Thread 0x0000019a5d731840 nmethod 1056 0x0000019a4928bb88 code [0x0000019a4928bc80, 0x0000019a4928bdb0]
Event: 21.083 Thread 0x0000019a5d731840 1079       3       jdk.internal.classfile.impl.BufWriterImpl::writeU2U2 (61 bytes)
Event: 21.083 Thread 0x0000019a5d731840 nmethod 1079 0x0000019a4928be88 code [0x0000019a4928bf80, 0x0000019a4928c2a8]
Event: 21.083 Thread 0x0000019a5d731840 1069       3       java.lang.invoke.MethodHandle::<init> (37 bytes)
Event: 21.084 Thread 0x0000019a5d731840 nmethod 1069 0x0000019a4928c308 code [0x0000019a4928c400, 0x0000019a4928c958]
Event: 21.084 Thread 0x0000019a5d731840 1070       3       java.lang.invoke.LambdaForm::prepare (92 bytes)
Event: 21.085 Thread 0x0000019a5d731840 nmethod 1070 0x0000019a4928c988 code [0x0000019a4928ca80, 0x0000019a4928d288]
Event: 21.085 Thread 0x0000019a5d731840 1081       3       java.lang.invoke.LambdaForm::parameterType (9 bytes)
Event: 21.085 Thread 0x0000019a5d731840 nmethod 1081 0x0000019a4928d308 code [0x0000019a4928d400, 0x0000019a4928d558]
Event: 21.085 Thread 0x0000019a5d731840 1082       3       java.nio.CharBuffer::position (8 bytes)
Event: 21.085 Thread 0x0000019a5d731840 nmethod 1082 0x0000019a4928d608 code [0x0000019a4928d700, 0x0000019a4928d850]
Event: 21.085 Thread 0x0000019a5d731840 1065       3       jdk.internal.constant.MethodTypeDescImpl::ofValidated (27 bytes)
Event: 21.086 Thread 0x0000019a5d731840 nmethod 1065 0x0000019a4928d908 code [0x0000019a4928da00, 0x0000019a4928dee8]
Event: 21.086 Thread 0x0000019a5d731840 1066       3       jdk.internal.constant.MethodTypeDescImpl::<init> (15 bytes)
Event: 21.086 Thread 0x0000019a5d731840 nmethod 1066 0x0000019a4928df08 code [0x0000019a4928e000, 0x0000019a4928e220]
Event: 21.086 Thread 0x0000019a5d731840 1063       1       jdk.internal.classfile.impl.AbstractPoolEntry$FieldRefEntryImpl::tag (3 bytes)
Event: 21.086 Thread 0x0000019a5d731840 nmethod 1063 0x0000019a50c51d88 code [0x0000019a50c51e80, 0x0000019a50c51f48]
Event: 59.562 Thread 0x0000019a5d731840 1083       3       java.nio.Buffer::limit (65 bytes)
Event: 59.562 Thread 0x0000019a5d731840 nmethod 1083 0x0000019a4928e288 code [0x0000019a4928e380, 0x0000019a4928e5f8]

GC Heap Usage History (0 events):
No events

Metaspace Usage History (0 events):
No events

Dll operation events (20 events):
Event: 0.329 Loaded shared library C:\Users\Ivan\.jdks\openjdk-25.0.1\bin\api-ms-win-core-datetime-l1-1-0.dll
Event: 0.334 Loaded shared library C:\Users\Ivan\.jdks\openjdk-25.0.1\bin\api-ms-win-core-localization-l1-2-0.dll
Event: 0.339 Loaded shared library C:\Users\Ivan\.jdks\openjdk-25.0.1\bin\api-ms-win-core-sysinfo-l1-1-0.dll
Event: 0.346 Loaded shared library C:\Users\Ivan\.jdks\openjdk-25.0.1\bin\api-ms-win-core-synch-l1-2-0.dll
Event: 0.352 Loaded shared library C:\Users\Ivan\.jdks\openjdk-25.0.1\bin\api-ms-win-core-console-l1-1-0.dll
Event: 0.356 Loaded shared library C:\Users\Ivan\.jdks\openjdk-25.0.1\bin\api-ms-win-core-debug-l1-1-0.dll
Event: 0.363 Loaded shared library C:\Users\Ivan\.jdks\openjdk-25.0.1\bin\api-ms-win-core-rtlsupport-l1-1-0.dll
Event: 0.368 Loaded shared library C:\Users\Ivan\.jdks\openjdk-25.0.1\bin\api-ms-win-core-processthreads-l1-1-1.dll
Event: 0.373 Loaded shared library C:\Users\Ivan\.jdks\openjdk-25.0.1\bin\api-ms-win-core-file-l1-2-0.dll
Event: 0.379 Loaded shared library C:\Users\Ivan\.jdks\openjdk-25.0.1\bin\api-ms-win-core-profile-l1-1-0.dll
Event: 0.384 Loaded shared library C:\Users\Ivan\.jdks\openjdk-25.0.1\bin\api-ms-win-core-memory-l1-1-0.dll
Event: 0.391 Loaded shared library C:\Users\Ivan\.jdks\openjdk-25.0.1\bin\api-ms-win-core-util-l1-1-0.dll
Event: 0.396 Loaded shared library C:\Users\Ivan\.jdks\openjdk-25.0.1\bin\api-ms-win-core-interlocked-l1-1-0.dll
Event: 0.403 Loaded shared library C:\Users\Ivan\.jdks\openjdk-25.0.1\bin\ucrtbase.dll
Event: 0.410 Loaded shared library C:\Users\Ivan\.jdks\openjdk-25.0.1\bin\vcruntime140.dll
Event: 0.417 Loaded shared library C:\Users\Ivan\.jdks\openjdk-25.0.1\bin\vcruntime140_1.dll
Event: 0.423 Loaded shared library C:\Users\Ivan\.jdks\openjdk-25.0.1\bin\msvcp140.dll
Event: 0.430 Loaded shared library C:\Windows\System32\msvcp140_1.dll
Event: 0.438 Loaded shared library C:\Windows\System32\concrt140.dll
Event: 0.446 Loaded shared library C:\Windows\System32\vcomp140.dll

Deoptimization events (20 events):
Event: 21.076 Thread 0x0000019a408abe40 Uncommon trap: trap_request=0xffffff45 fr.pc=0x0000019a50c2ac20 relative=0x00000000000001a0
Event: 21.076 Thread 0x0000019a408abe40 Uncommon trap: reason=unstable_if action=reinterpret pc=0x0000019a50c2ac20 method=java.lang.AbstractStringBuilder.needsNewBuffer([BBIB)Z @ 8 c2
Event: 21.076 Thread 0x0000019a408abe40 DEOPT PACKING pc=0x0000019a50c2ac20 sp=0x0000006e750fe5a0
Event: 21.076 Thread 0x0000019a408abe40 DEOPT UNPACKING pc=0x0000019a50791202 sp=0x0000006e750fe448 mode 2
Event: 21.076 Thread 0x0000019a408abe40 Uncommon trap: trap_request=0xffffff45 fr.pc=0x0000019a50c2b0d4 relative=0x00000000000001d4
Event: 21.076 Thread 0x0000019a408abe40 Uncommon trap: reason=unstable_if action=reinterpret pc=0x0000019a50c2b0d4 method=java.lang.AbstractStringBuilder.isLatin1(B)Z @ 7 c2
Event: 21.076 Thread 0x0000019a408abe40 DEOPT PACKING pc=0x0000019a50c2b0d4 sp=0x0000006e750fe540
Event: 21.076 Thread 0x0000019a408abe40 DEOPT UNPACKING pc=0x0000019a50791202 sp=0x0000006e750fe480 mode 2
Event: 21.081 Thread 0x0000019a408abe40 Uncommon trap: trap_request=0xffffff45 fr.pc=0x0000019a50c21e80 relative=0x0000000000000100
Event: 21.081 Thread 0x0000019a408abe40 Uncommon trap: reason=unstable_if action=reinterpret pc=0x0000019a50c21e80 method=java.lang.String.getBytes([BIB)V @ 5 c2
Event: 21.081 Thread 0x0000019a408abe40 DEOPT PACKING pc=0x0000019a50c21e80 sp=0x0000006e750fef40
Event: 21.081 Thread 0x0000019a408abe40 DEOPT UNPACKING pc=0x0000019a50791202 sp=0x0000006e750feee8 mode 2
Event: 21.081 Thread 0x0000019a408abe40 Uncommon trap: trap_request=0xffffff45 fr.pc=0x0000019a50c395bc relative=0x00000000000002bc
Event: 21.081 Thread 0x0000019a408abe40 Uncommon trap: reason=unstable_if action=reinterpret pc=0x0000019a50c395bc method=java.lang.String.getChars(II[CI)V @ 24 c2
Event: 21.081 Thread 0x0000019a408abe40 DEOPT PACKING pc=0x0000019a50c395bc sp=0x0000006e750ff020
Event: 21.081 Thread 0x0000019a408abe40 DEOPT UNPACKING pc=0x0000019a50791202 sp=0x0000006e750fefe0 mode 2
Event: 59.561 Thread 0x0000019a408abe40 Uncommon trap: trap_request=0xffffff45 fr.pc=0x0000019a50c13ca4 relative=0x0000000000000124
Event: 59.561 Thread 0x0000019a408abe40 Uncommon trap: reason=unstable_if action=reinterpret pc=0x0000019a50c13ca4 method=java.lang.StringCoding.countPositives([BII)I @ 17 c2
Event: 59.561 Thread 0x0000019a408abe40 DEOPT PACKING pc=0x0000019a50c13ca4 sp=0x0000006e750fece0
Event: 59.561 Thread 0x0000019a408abe40 DEOPT UNPACKING pc=0x0000019a50791202 sp=0x0000006e750fec80 mode 2

Classes loaded (20 events):
Event: 59.564 Loading class jdk/internal/logger/AbstractLoggerWrapper
Event: 59.564 Loading class jdk/internal/logger/AbstractLoggerWrapper done
Event: 59.564 Loading class jdk/internal/logger/LazyLoggers$LazyLoggerWrapper done
Event: 59.564 Loading class jdk/internal/logger/LazyLoggers$JdkLazyLogger done
Event: 59.564 Loading class jdk/internal/logger/LazyLoggers$LazyLoggerAccessor
Event: 59.564 Loading class jdk/internal/logger/LazyLoggers$LoggerAccessor
Event: 59.564 Loading class jdk/internal/logger/LazyLoggers$LoggerAccessor done
Event: 59.564 Loading class jdk/internal/logger/LazyLoggers$LazyLoggerAccessor done
Event: 59.565 Loading class java/lang/System$Logger$Level
Event: 59.565 Loading class java/lang/System$Logger$Level done
Event: 59.565 Loading class jdk/internal/logger/SurrogateLogger
Event: 59.565 Loading class jdk/internal/logger/SimpleConsoleLogger
Event: 59.566 Loading class sun/util/logging/PlatformLogger$ConfigurableBridge$LoggerConfiguration
Event: 59.566 Loading class sun/util/logging/PlatformLogger$ConfigurableBridge$LoggerConfiguration done
Event: 59.566 Loading class jdk/internal/logger/SimpleConsoleLogger done
Event: 59.566 Loading class jdk/internal/logger/SurrogateLogger done
Event: 59.567 Loading class sun/util/logging/PlatformLogger
Event: 59.567 Loading class sun/util/logging/PlatformLogger done
Event: 59.567 Loading class sun/util/logging/PlatformLogger$Level
Event: 59.567 Loading class sun/util/logging/PlatformLogger$Level done

Classes unloaded (0 events):
No events

Classes redefined (0 events):
No events

Internal exceptions (7 events):
Event: 0.089 Thread 0x0000019a408abe40 Exception <a 'java/lang/NoSuchMethodError'{0x000000008b1bd1b0}: 'void java.lang.invoke.DirectMethodHandle$Holder.invokeStatic(java.lang.Object, java.lang.Object, java.lang.Object)'> (0x000000008b1bd1b0) 
thrown [s\open\src\hotspot\share\interpreter\linkResolver.cpp, line 804]
Event: 0.096 Thread 0x0000019a408abe40 Exception <a 'java/lang/NoSuchMethodError'{0x000000008b1f2048}: 'java.lang.Object java.lang.invoke.Invokers$Holder.invokeExact_MT(java.lang.Object, java.lang.Object, java.lang.Object, java.lang.Object, java.lang.Object)'> (0x000000008b1f2048) 
thrown [s\open\src\hotspot\share\interpreter\linkResolver.cpp, line 804]
Event: 0.111 Thread 0x0000019a5d973f30 Exception <a 'java/lang/NoSuchMethodError'{0x000000008b08d1b0}: 'java.lang.Object java.lang.invoke.DirectMethodHandle$Holder.invokeStaticInit(java.lang.Object)'> (0x000000008b08d1b0) 
thrown [s\open\src\hotspot\share\interpreter\linkResolver.cpp, line 804]
Event: 0.116 Thread 0x0000019a5d973f30 Exception <a 'java/lang/NoSuchMethodError'{0x000000008b097e40}: 'void java.lang.invoke.DirectMethodHandle$Holder.invokeStatic(java.lang.Object, java.lang.Object)'> (0x000000008b097e40) 
thrown [s\open\src\hotspot\share\interpreter\linkResolver.cpp, line 804]
Event: 0.117 Thread 0x0000019a408abe40 Exception <a 'java/lang/NoSuchMethodError'{0x000000008af2bea0}: 'java.lang.Object java.lang.invoke.DirectMethodHandle$Holder.invokeInterface(java.lang.Object, java.lang.Object)'> (0x000000008af2bea0) 
thrown [s\open\src\hotspot\share\interpreter\linkResolver.cpp, line 804]
Event: 0.138 Thread 0x0000019a408abe40 Exception <a 'java/lang/NoSuchMethodError'{0x000000008afa0630}: 'void java.lang.invoke.DirectMethodHandle$Holder.invokeSpecial(java.lang.Object, java.lang.Object, java.lang.Object)'> (0x000000008afa0630) 
thrown [s\open\src\hotspot\share\interpreter\linkResolver.cpp, line 804]
Event: 0.204 Thread 0x0000019a408abe40 Exception <a 'java/lang/NoSuchMethodError'{0x000000008ad37e98}: 'java.lang.Object java.lang.invoke.DirectMethodHandle$Holder.invokeStatic(java.lang.Object, int, java.lang.Object)'> (0x000000008ad37e98) 
thrown [s\open\src\hotspot\share\interpreter\linkResolver.cpp, line 804]

VM Operations (7 events):
Event: 0.064 Executing non-safepoint VM operation: HandshakeAllThreads (Deoptimize)
Event: 0.064 Executing non-safepoint VM operation: HandshakeAllThreads (Deoptimize) done
Event: 0.217 Executing non-safepoint VM operation: HandshakeAllThreads (Deoptimize)
Event: 0.217 Executing non-safepoint VM operation: HandshakeAllThreads (Deoptimize) done
Event: 0.676 Executing non-safepoint VM operation: HandshakeAllThreads (Deoptimize)
Event: 0.676 Executing non-safepoint VM operation: HandshakeAllThreads (Deoptimize) done
Event: 59.568 Executing safepoint VM operation: Exit

Memory protections (0 events):
No events

Nmethod flushes (0 events):
No events

Events (20 events):
Event: 0.039 Thread 0x0000019a408abe40 Thread added: 0x0000019a5d6f58f0
Event: 0.039 Thread 0x0000019a408abe40 Thread added: 0x0000019a5d6f6210
Event: 0.039 Thread 0x0000019a408abe40 Thread added: 0x0000019a5d6fbd20
Event: 0.039 Thread 0x0000019a408abe40 Thread added: 0x0000019a5d6fc8e0
Event: 0.040 Thread 0x0000019a408abe40 Thread added: 0x0000019a5d7024e0
Event: 0.040 Thread 0x0000019a408abe40 Thread added: 0x0000019a5d707850
Event: 0.040 Thread 0x0000019a408abe40 Thread added: 0x0000019a5d72d770
Event: 0.040 Thread 0x0000019a408abe40 Thread added: 0x0000019a5d731840
Event: 0.078 Thread 0x0000019a408abe40 Thread added: 0x0000019a5d8c5f20
Event: 0.098 Thread 0x0000019a408abe40 Thread added: 0x0000019a5d973f30
Event: 0.098 Thread 0x0000019a408abe40 Thread added: 0x0000019a5d9746f0
Event: 0.215 Thread 0x0000019a408abe40 Thread added: 0x0000019a62562fb0
Event: 0.246 Thread 0x0000019a5d72d770 Thread added: 0x0000019a6254bdb0
Event: 0.369 Thread 0x0000019a5d731840 Thread added: 0x0000019a625d6060
Event: 0.671 Thread 0x0000019a6254bdb0 Thread exited: 0x0000019a6254bdb0
Event: 0.671 Thread 0x0000019a625d6060 Thread exited: 0x0000019a625d6060
Event: 0.686 Thread 0x0000019a5d72d770 Thread added: 0x0000019a634a1d20
Event: 5.391 Thread 0x0000019a634a1d20 Thread exited: 0x0000019a634a1d20
Event: 59.560 Thread 0x0000019a5d6fbd20 Thread added: 0x0000019a625f16c0
Event: 59.567 Thread 0x0000019a625f16c0 Before exit entered


Dynamic libraries:
0x00007ff76c420000 - 0x00007ff76c42e000 	C:\Users\Ivan\.jdks\openjdk-25.0.1\bin\java.exe
0x00007ffc29200000 - 0x00007ffc29467000 	C:\WINDOWS\SYSTEM32\ntdll.dll
0x00007ffc284c0000 - 0x00007ffc28589000 	C:\WINDOWS\System32\KERNEL32.DLL
0x00007ffc26880000 - 0x00007ffc26c6f000 	C:\WINDOWS\System32\KERNELBASE.dll
0x00007ffc265c0000 - 0x00007ffc2670b000 	C:\WINDOWS\System32\ucrtbase.dll
0x00007ffc15060000 - 0x00007ffc1507e000 	C:\Users\Ivan\.jdks\openjdk-25.0.1\bin\VCRUNTIME140.dll
0x00007ffc15040000 - 0x00007ffc15057000 	C:\Users\Ivan\.jdks\openjdk-25.0.1\bin\jli.dll
0x00007ffc27120000 - 0x00007ffc272e5000 	C:\WINDOWS\System32\USER32.dll
0x00007ffc26d40000 - 0x00007ffc26d67000 	C:\WINDOWS\System32\win32u.dll
0x00007ffc0db10000 - 0x00007ffc0dda3000 	C:\WINDOWS\WinSxS\amd64_microsoft.windows.common-controls_6595b64144ccf1df_6.0.26100.7309_none_3e05feeae336a044\COMCTL32.dll
0x00007ffc283b0000 - 0x00007ffc283db000 	C:\WINDOWS\System32\GDI32.dll
0x00007ffc27f30000 - 0x00007ffc27fd9000 	C:\WINDOWS\System32\msvcrt.dll
0x00007ffc26350000 - 0x00007ffc2647c000 	C:\WINDOWS\System32\gdi32full.dll
0x00007ffc26d70000 - 0x00007ffc26e13000 	C:\WINDOWS\System32\msvcp_win.dll
0x00007ffc272f0000 - 0x00007ffc27321000 	C:\WINDOWS\System32\IMM32.DLL
0x00007ffc1e770000 - 0x00007ffc1e77c000 	C:\Users\Ivan\.jdks\openjdk-25.0.1\bin\vcruntime140_1.dll
0x00007ffc10ea0000 - 0x00007ffc10f2d000 	C:\Users\Ivan\.jdks\openjdk-25.0.1\bin\msvcp140.dll
0x00007ffbe9ce0000 - 0x00007ffbeab3f000 	C:\Users\Ivan\.jdks\openjdk-25.0.1\bin\server\jvm.dll
0x00007ffc28090000 - 0x00007ffc28144000 	C:\WINDOWS\System32\ADVAPI32.dll
0x00007ffc28160000 - 0x00007ffc28206000 	C:\WINDOWS\System32\sechost.dll
0x00007ffc29090000 - 0x00007ffc291a8000 	C:\WINDOWS\System32\RPCRT4.dll
0x00007ffc270a0000 - 0x00007ffc27114000 	C:\WINDOWS\System32\WS2_32.dll
0x00007ffc261b0000 - 0x00007ffc2620e000 	C:\WINDOWS\SYSTEM32\POWRPROF.dll
0x00007ffc13c60000 - 0x00007ffc13c6b000 	C:\WINDOWS\SYSTEM32\VERSION.dll
0x00007ffc104d0000 - 0x00007ffc10505000 	C:\WINDOWS\SYSTEM32\WINMM.dll
0x00007ffc26190000 - 0x00007ffc261a4000 	C:\WINDOWS\SYSTEM32\UMPDC.dll
0x00007ffc25060000 - 0x00007ffc2507b000 	C:\WINDOWS\SYSTEM32\kernel.appcore.dll
0x00007ffc1e6a0000 - 0x00007ffc1e6aa000 	C:\Users\Ivan\.jdks\openjdk-25.0.1\bin\jimage.dll
0x00007ffc23a60000 - 0x00007ffc23ca2000 	C:\WINDOWS\SYSTEM32\DBGHELP.DLL
0x00007ffc28770000 - 0x00007ffc28af6000 	C:\WINDOWS\System32\combase.dll
0x00007ffc27e00000 - 0x00007ffc27ed6000 	C:\WINDOWS\System32\OLEAUT32.dll
0x00007ffbfe950000 - 0x00007ffbfe98c000 	C:\WINDOWS\SYSTEM32\dbgcore.DLL
0x00007ffc26480000 - 0x00007ffc26525000 	C:\WINDOWS\System32\bcryptPrimitives.dll
0x00007ffc1e670000 - 0x00007ffc1e680000 	C:\Users\Ivan\.jdks\openjdk-25.0.1\bin\instrument.dll
0x00007ffc15020000 - 0x00007ffc1503f000 	C:\Users\Ivan\.jdks\openjdk-25.0.1\bin\java.dll
0x00007ffc28210000 - 0x00007ffc283a7000 	C:\WINDOWS\System32\ole32.dll
0x00007ffc273e0000 - 0x00007ffc27b33000 	C:\WINDOWS\System32\SHELL32.dll
0x00007ffc26710000 - 0x00007ffc2687a000 	C:\WINDOWS\System32\wintypes.dll
0x00007ffc23f30000 - 0x00007ffc2478e000 	C:\WINDOWS\SYSTEM32\windows.storage.dll
0x00007ffc28b00000 - 0x00007ffc28bf5000 	C:\WINDOWS\System32\SHCORE.dll
0x00007ffc28700000 - 0x00007ffc28766000 	C:\WINDOWS\System32\shlwapi.dll
0x00007ffc26270000 - 0x00007ffc26299000 	C:\WINDOWS\SYSTEM32\profapi.dll
0x00007ffc10e80000 - 0x00007ffc10e97000 	C:\Users\Ivan\.jdks\openjdk-25.0.1\bin\zip.dll
0x00007ffc10e30000 - 0x00007ffc10e42000 	C:\Users\Ivan\.jdks\openjdk-25.0.1\bin\net.dll
0x00007ffc25670000 - 0x00007ffc256db000 	C:\WINDOWS\system32\mswsock.dll
0x00007ffc10db0000 - 0x00007ffc10dc6000 	C:\Users\Ivan\.jdks\openjdk-25.0.1\bin\nio.dll
0x00007ffc10e70000 - 0x00007ffc10e79000 	C:\Users\Ivan\.jdks\openjdk-25.0.1\bin\extnet.dll
0x00007ffbefc30000 - 0x00007ffbefd40000 	C:\Windows\System32\opengl32.dll
0x00007ffbefbc0000 - 0x00007ffbefbed000 	C:\WINDOWS\SYSTEM32\GLU32.dll
0x00007ffc20c20000 - 0x00007ffc20c64000 	C:\WINDOWS\SYSTEM32\dxcore.dll
0x00007ffb7f540000 - 0x00007ffb7f795000 	C:\Users\Ivan\.javacpp\cache\jaylib-5.5.0-2.jar\com\raylib\windows-x86_64\jniRaylib.dll
0x0000019a40850000 - 0x0000019a40854000 	C:\Users\Ivan\.jdks\openjdk-25.0.1\bin\api-ms-win-crt-locale-l1-1-0.dll
0x0000019a40860000 - 0x0000019a40865000 	C:\Users\Ivan\.jdks\openjdk-25.0.1\bin\api-ms-win-crt-string-l1-1-0.dll
0x0000019a5dba0000 - 0x0000019a5dba5000 	C:\Users\Ivan\.jdks\openjdk-25.0.1\bin\api-ms-win-crt-stdio-l1-1-0.dll
0x0000019a5dbb0000 - 0x0000019a5dbb6000 	C:\Users\Ivan\.jdks\openjdk-25.0.1\bin\api-ms-win-crt-math-l1-1-0.dll
0x0000019a5dbc0000 - 0x0000019a5dbc4000 	C:\Users\Ivan\.jdks\openjdk-25.0.1\bin\api-ms-win-crt-heap-l1-1-0.dll
0x0000019a5dbd0000 - 0x0000019a5dbd5000 	C:\Users\Ivan\.jdks\openjdk-25.0.1\bin\api-ms-win-crt-runtime-l1-1-0.dll
0x0000019a5dbe0000 - 0x0000019a5dbe5000 	C:\Users\Ivan\.jdks\openjdk-25.0.1\bin\api-ms-win-crt-convert-l1-1-0.dll
0x0000019a5dbf0000 - 0x0000019a5dbf4000 	C:\Users\Ivan\.jdks\openjdk-25.0.1\bin\api-ms-win-crt-environment-l1-1-0.dll
0x0000019a5dc00000 - 0x0000019a5dc04000 	C:\Users\Ivan\.jdks\openjdk-25.0.1\bin\api-ms-win-crt-time-l1-1-0.dll
0x0000019a5dc10000 - 0x0000019a5dc14000 	C:\Users\Ivan\.jdks\openjdk-25.0.1\bin\api-ms-win-crt-filesystem-l1-1-0.dll
0x0000019a5dc20000 - 0x0000019a5dc24000 	C:\Users\Ivan\.jdks\openjdk-25.0.1\bin\api-ms-win-crt-utility-l1-1-0.dll
0x0000019a5dc30000 - 0x0000019a5dc36000 	C:\Users\Ivan\.jdks\openjdk-25.0.1\bin\api-ms-win-crt-multibyte-l1-1-0.dll
0x0000019a5dc40000 - 0x0000019a5dc44000 	C:\Users\Ivan\.jdks\openjdk-25.0.1\bin\api-ms-win-crt-conio-l1-1-0.dll
0x0000019a5dc50000 - 0x0000019a5dc61000 	C:\Users\Ivan\.jdks\openjdk-25.0.1\bin\api-ms-win-crt-private-l1-1-0.dll
0x0000019a5dc70000 - 0x0000019a5dc74000 	C:\Users\Ivan\.jdks\openjdk-25.0.1\bin\api-ms-win-crt-process-l1-1-0.dll
0x0000019a5dc80000 - 0x0000019a5dc84000 	C:\Users\Ivan\.jdks\openjdk-25.0.1\bin\api-ms-win-core-console-l1-2-0.dll
0x0000019a5dc90000 - 0x0000019a5dc94000 	C:\Users\Ivan\.jdks\openjdk-25.0.1\bin\api-ms-win-core-string-l1-1-0.dll
0x0000019a5dca0000 - 0x0000019a5dca4000 	C:\Users\Ivan\.jdks\openjdk-25.0.1\bin\api-ms-win-core-errorhandling-l1-1-0.dll
0x0000019a5dcb0000 - 0x0000019a5dcb4000 	C:\Users\Ivan\.jdks\openjdk-25.0.1\bin\api-ms-win-core-timezone-l1-1-0.dll
0x0000019a5dcc0000 - 0x0000019a5dcc5000 	C:\Users\Ivan\.jdks\openjdk-25.0.1\bin\api-ms-win-core-file-l1-1-0.dll
0x0000019a5dcd0000 - 0x0000019a5dcd4000 	C:\Users\Ivan\.jdks\openjdk-25.0.1\bin\api-ms-win-core-namedpipe-l1-1-0.dll
0x0000019a5dce0000 - 0x0000019a5dce4000 	C:\Users\Ivan\.jdks\openjdk-25.0.1\bin\api-ms-win-core-handle-l1-1-0.dll
0x0000019a5dcf0000 - 0x0000019a5dcf4000 	C:\Users\Ivan\.jdks\openjdk-25.0.1\bin\api-ms-win-core-file-l2-1-0.dll
0x0000019a5dd00000 - 0x0000019a5dd04000 	C:\Users\Ivan\.jdks\openjdk-25.0.1\bin\api-ms-win-core-heap-l1-1-0.dll
0x0000019a5dd10000 - 0x0000019a5dd14000 	C:\Users\Ivan\.jdks\openjdk-25.0.1\bin\api-ms-win-core-libraryloader-l1-1-0.dll
0x0000019a5dd20000 - 0x0000019a5dd24000 	C:\Users\Ivan\.jdks\openjdk-25.0.1\bin\api-ms-win-core-synch-l1-1-0.dll
0x0000019a5dd30000 - 0x0000019a5dd34000 	C:\Users\Ivan\.jdks\openjdk-25.0.1\bin\api-ms-win-core-processthreads-l1-1-0.dll
0x0000019a5dd40000 - 0x0000019a5dd44000 	C:\Users\Ivan\.jdks\openjdk-25.0.1\bin\api-ms-win-core-processenvironment-l1-1-0.dll
0x0000019a5dd50000 - 0x0000019a5dd54000 	C:\Users\Ivan\.jdks\openjdk-25.0.1\bin\api-ms-win-core-datetime-l1-1-0.dll
0x0000019a5dd60000 - 0x0000019a5dd64000 	C:\Users\Ivan\.jdks\openjdk-25.0.1\bin\api-ms-win-core-localization-l1-2-0.dll
0x0000019a5dd70000 - 0x0000019a5dd74000 	C:\Users\Ivan\.jdks\openjdk-25.0.1\bin\api-ms-win-core-sysinfo-l1-1-0.dll
0x0000019a5dd80000 - 0x0000019a5dd84000 	C:\Users\Ivan\.jdks\openjdk-25.0.1\bin\api-ms-win-core-synch-l1-2-0.dll
0x0000019a5dd90000 - 0x0000019a5dd94000 	C:\Users\Ivan\.jdks\openjdk-25.0.1\bin\api-ms-win-core-console-l1-1-0.dll
0x0000019a5dda0000 - 0x0000019a5dda4000 	C:\Users\Ivan\.jdks\openjdk-25.0.1\bin\api-ms-win-core-debug-l1-1-0.dll
0x0000019a5ddb0000 - 0x0000019a5ddb4000 	C:\Users\Ivan\.jdks\openjdk-25.0.1\bin\api-ms-win-core-rtlsupport-l1-1-0.dll
0x0000019a5ddc0000 - 0x0000019a5ddc4000 	C:\Users\Ivan\.jdks\openjdk-25.0.1\bin\api-ms-win-core-processthreads-l1-1-1.dll
0x0000019a5ddd0000 - 0x0000019a5ddd4000 	C:\Users\Ivan\.jdks\openjdk-25.0.1\bin\api-ms-win-core-file-l1-2-0.dll
0x0000019a5dde0000 - 0x0000019a5dde4000 	C:\Users\Ivan\.jdks\openjdk-25.0.1\bin\api-ms-win-core-profile-l1-1-0.dll
0x0000019a5ddf0000 - 0x0000019a5ddf4000 	C:\Users\Ivan\.jdks\openjdk-25.0.1\bin\api-ms-win-core-memory-l1-1-0.dll
0x0000019a5de00000 - 0x0000019a5de04000 	C:\Users\Ivan\.jdks\openjdk-25.0.1\bin\api-ms-win-core-util-l1-1-0.dll
0x0000019a5de10000 - 0x0000019a5de14000 	C:\Users\Ivan\.jdks\openjdk-25.0.1\bin\api-ms-win-core-interlocked-l1-1-0.dll
0x00007ffb7f3f0000 - 0x00007ffb7f53b000 	C:\Users\Ivan\.jdks\openjdk-25.0.1\bin\ucrtbase.dll
0x00007ffc10d00000 - 0x00007ffc10d09000 	C:\Windows\System32\msvcp140_1.dll
0x00007ffc10cb0000 - 0x00007ffc10cfe000 	C:\Windows\System32\concrt140.dll
0x00007ffc10c80000 - 0x00007ffc10cb0000 	C:\Windows\System32\vcomp140.dll
0x00007ffc00fd0000 - 0x00007ffc0101b000 	C:\WINDOWS\SYSTEM32\dinput8.dll
0x00007ffc10c60000 - 0x00007ffc10c7c000 	C:\WINDOWS\SYSTEM32\xinput1_4.dll
0x00007ffc25e90000 - 0x00007ffc25ee7000 	C:\WINDOWS\SYSTEM32\cfgmgr32.dll
0x00007ffc25ef0000 - 0x00007ffc25f1d000 	C:\WINDOWS\SYSTEM32\DEVOBJ.dll
0x00007ffc20c70000 - 0x00007ffc20ca0000 	C:\WINDOWS\SYSTEM32\dwmapi.dll
0x00007ffc110c0000 - 0x00007ffc112a5000 	C:\WINDOWS\SYSTEM32\inputhost.dll
0x00007ffc204f0000 - 0x00007ffc20617000 	C:\WINDOWS\SYSTEM32\CoreMessaging.dll
0x00007ffc20af0000 - 0x00007ffc20b9b000 	C:\WINDOWS\system32\uxtheme.dll
0x00007ffc28590000 - 0x00007ffc286ee000 	C:\WINDOWS\System32\MSCTF.dll
0x00007ffc25950000 - 0x00007ffc2595c000 	C:\WINDOWS\SYSTEM32\CRYPTBASE.DLL
0x00007ffc247a0000 - 0x00007ffc247af000 	C:\WINDOWS\SYSTEM32\HID.DLL
0x00007ffc28c00000 - 0x00007ffc2908a000 	C:\WINDOWS\System32\SETUPAPI.DLL
0x00007ffc26530000 - 0x00007ffc265b0000 	C:\WINDOWS\System32\WINTRUST.dll
0x00007ffc26e20000 - 0x00007ffc26f97000 	C:\WINDOWS\System32\CRYPT32.dll
0x00007ffc259a0000 - 0x00007ffc259b3000 	C:\WINDOWS\SYSTEM32\MSASN1.dll
0x00007ffc1e430000 - 0x00007ffc1e493000 	C:\WINDOWS\SYSTEM32\directxdatabasehelper.dll
0x00007ffc13e60000 - 0x00007ffc13e7a000 	C:\WINDOWS\SYSTEM32\windows.staterepositorycore.dll
0x00007ffb7e3e0000 - 0x00007ffb7f3eb000 	C:\Windows\System32\DriverStore\FileRepository\iigd_dch.inf_amd64_38b23bd92a6775fe\igxelpicd64.dll
0x00007ffc20910000 - 0x00007ffc20a4b000 	C:\WINDOWS\system32\dxgi.dll
0x00007ffb7e0f0000 - 0x00007ffb7e3de000 	C:\Windows\System32\DriverStore\FileRepository\iigd_dch.inf_amd64_38b23bd92a6775fe\igdml64.dll
0x00007ffc1b2c0000 - 0x00007ffc1b688000 	C:\Windows\System32\DriverStore\FileRepository\iigd_dch.inf_amd64_38b23bd92a6775fe\igdgmm64.dll
0x00007ffc17bb0000 - 0x00007ffc1b196000 	C:\Windows\System32\DriverStore\FileRepository\iigd_dch.inf_amd64_38b23bd92a6775fe\igc64.dll
0x00007ffc117d0000 - 0x00007ffc11918000 	C:\WINDOWS\SYSTEM32\textinputframework.dll
0x00007ffc1d320000 - 0x00007ffc1d602000 	C:\WINDOWS\SYSTEM32\CoreUIComponents.dll

JVMTI agents:
C:\Program Files\JetBrains\IntelliJ IDEA 2025.2.1\lib\idea_rt.jar path:C:\Users\Ivan\.jdks\openjdk-25.0.1\bin\instrument.dll, loaded, initialized, instrumentlib options:51249

dbghelp: loaded successfully - version: 4.0.5 - missing functions: none
symbol engine: initialized successfully - sym options: 0x614 - pdb path: .;C:\Users\Ivan\.jdks\openjdk-25.0.1\bin;C:\WINDOWS\SYSTEM32;C:\WINDOWS\WinSxS\amd64_microsoft.windows.common-controls_6595b64144ccf1df_6.0.26100.7309_none_3e05feeae336a044;C:\Users\Ivan\.jdks\openjdk-25.0.1\bin\server;C:\Users\Ivan\.javacpp\cache\jaylib-5.5.0-2.jar\com\raylib\windows-x86_64;C:\Windows\System32\DriverStore\FileRepository\iigd_dch.inf_amd64_38b23bd92a6775fe

VM Arguments:
jvm_args: -javaagent:C:\Program Files\JetBrains\IntelliJ IDEA 2025.2.1\lib\idea_rt.jar=51249 -Dfile.encoding=UTF-8 -Dsun.stdout.encoding=UTF-8 -Dsun.stderr.encoding=UTF-8 
java_command: Main
java_class_path (initial): C:\Users\Ivan\Desktop\simulatoreiscaldamento\out\production\simulatore consumi casa;C:\Users\Ivan\Downloads\jaylib-5.5.0-2.jar
Launcher Type: SUN_STANDARD

[Global flags]
     intx CICompilerCount                          = 4                                         {product} {ergonomic}
     uint ConcGCThreads                            = 2                                         {product} {ergonomic}
     uint G1ConcRefinementThreads                  = 8                                         {product} {ergonomic}
   size_t G1HeapRegionSize                         = 1048576                                   {product} {ergonomic}
   size_t InitialHeapSize                          = 132120576                                 {product} {ergonomic}
   size_t MarkStackSize                            = 4194304                                   {product} {ergonomic}
   size_t MarkStackSizeMax                         = 536870912                                 {product} {ergonomic}
   size_t MaxHeapSize                              = 2090860544                                {product} {ergonomic}
   size_t MaxNewSize                               = 1254096896                                {product} {ergonomic}
   size_t MinHeapDeltaBytes                        = 1048576                                   {product} {ergonomic}
   size_t MinHeapSize                              = 8388608                                   {product} {ergonomic}
    uintx NonNMethodCodeHeapSize                   = 5832704                                {pd product} {ergonomic}
    uintx NonProfiledCodeHeapSize                  = 122945536                              {pd product} {ergonomic}
    uintx ProfiledCodeHeapSize                     = 122880000                              {pd product} {ergonomic}
    uintx ReservedCodeCacheSize                    = 251658240                              {pd product} {ergonomic}
     bool SegmentedCodeCache                       = true                                      {product} {ergonomic}
   size_t SoftMaxHeapSize                          = 2090860544                             {manageable} {ergonomic}
     bool UseCompressedOops                        = true                           {product lp64_product} {ergonomic}
     bool UseG1GC                                  = true                                      {product} {ergonomic}
     bool UseLargePagesIndividualAllocation        = false                                  {pd product} {ergonomic}

Logging:
Log output configuration:
 #0: stdout all=off uptime,level,tags foldmultilines=false
 #1: stderr all=off uptime,level,tags foldmultilines=false

Release file:
IMPLEMENTOR="Oracle Corporation" 
JAVA_RUNTIME_VERSION="25.0.1+8-27" 
JAVA_VERSION="25.0.1" 
JAVA_VERSION_DATE="2025-10-21" 
LIBC="default" 
MODULES="java.base java.compiler java.datatransfer java.xml java.prefs java.desktop java.instrument java.logging java.management java.security.sasl java.naming java.rmi java.management.rmi java.net.http java.scripting java.security.jgss java.transaction.xa java.sql java.sql.rowset java.xml.crypto java.se java.smartcardio jdk.accessibility jdk.internal.jvmstat jdk.attach jdk.charsets jdk.internal.opt jdk.zipfs jdk.compiler jdk.crypto.cryptoki jdk.crypto.ec jdk.crypto.mscapi jdk.dynalink jdk.internal.ed jdk.editpad jdk.internal.vm.ci jdk.graal.compiler jdk.graal.compiler.management jdk.hotspot.agent jdk.httpserver jdk.incubator.vector jdk.internal.le jdk.internal.md jdk.jartool jdk.javadoc jdk.jcmd jdk.management jdk.management.agent jdk.jconsole jdk.jdeps jdk.jdwp.agent jdk.jdi jdk.jfr jdk.jlink jdk.jpackage jdk.jshell jdk.jsobject jdk.jstatd jdk.localedata jdk.management.jfr jdk.naming.dns jdk.naming.rmi jdk.net jdk.nio.mapmode jdk.sctp jdk.security.auth jdk.security.jgss jdk.unsupported jdk.unsupported.desktop jdk.xml.dom" 
OS_ARCH="x86_64" 
OS_NAME="Windows" 
SOURCE=".:git:78770bfaefd2" 

Environment Variables:
PATH=C:\ProgramData\Oracle\Java\javapath;C:\WINDOWS\system32;C:\WINDOWS;C:\WINDOWS\System32\Wbem;C:\WINDOWS\System32\WindowsPowerShell\v1.0\;C:\WINDOWS\System32\OpenSSH\;C:\Program Files\dotnet\;C:\Program Files (x86)\Windows Kits\10\Windows Performance Toolkit\;C:\Program Files\Git\cmd;C:\Users\Ivan\AppData\Local\Microsoft\WindowsApps;C:\Users\Ivan\AppData\Local\Programs\Microsoft VS Code\bin;C:\Program Files\JetBrains\IntelliJ IDEA 2025.2.1\bin
USERNAME=Ivan
OS=Windows_NT
PROCESSOR_IDENTIFIER=Intel64 Family 6 Model 140 Stepping 1, GenuineIntel
TMP=C:\Users\Ivan\AppData\Local\Temp
TEMP=C:\Users\Ivan\AppData\Local\Temp




Compilation memory statistics disabled.

Periodic native trim disabled

---------------  S Y S T E M  ---------------

OS:
 Windows 11 , 64 bit Build 26100 (10.0.26100.7623)
OS uptime: 0 days 0:49 hours
Hyper-V role detected

CPU: total 8 (initial active 8) (4 cores per cpu, 2 threads per core) family 6 model 140 stepping 1 microcode 0x8a, cx8, cmov, fxsr, ht, mmx, 3dnowpref, sse, sse2, sse3, ssse3, sse4.1, sse4.2, popcnt, lzcnt, tsc, tscinvbit, avx, avx2, aes, erms, clmul, bmi1, bmi2, adx, avx512f, avx512dq, avx512cd, avx512bw, avx512vl, sha, fma, vzeroupper, avx512_vpopcntdq, avx512_vpclmulqdq, avx512_vaes, avx512_vnni, clflush, clflushopt, clwb, avx512_vbmi2, avx512_vbmi, hv, rdtscp, rdpid, fsrm, gfni, avx512_bitalg, f16c, cet_ibt, cet_ss, avx512_ifma
Processor Information for processor 0
  Max Mhz: 2803, Current Mhz: 2803, Mhz Limit: 2803
Processor Information for processor 1
  Max Mhz: 2803, Current Mhz: 2803, Mhz Limit: 2803
Processor Information for processor 2
  Max Mhz: 2803, Current Mhz: 2803, Mhz Limit: 2803
Processor Information for processor 3
  Max Mhz: 2803, Current Mhz: 2803, Mhz Limit: 2803
Processor Information for processor 4
  Max Mhz: 2803, Current Mhz: 2803, Mhz Limit: 2803
Processor Information for processor 5
  Max Mhz: 2803, Current Mhz: 2803, Mhz Limit: 2803
Processor Information for processor 6
  Max Mhz: 2803, Current Mhz: 1001, Mhz Limit: 2803
Processor Information for processor 7
  Max Mhz: 2803, Current Mhz: 2803, Mhz Limit: 2803

Memory: 4k page, system-wide physical 7971M (1051M free)
TotalPageFile size 16675M (AvailPageFile size 7625M)
current process WorkingSet (physical memory assigned to process): 178M, peak: 189M
current process commit charge ("private bytes"): 297M, peak: 307M

vm_info: OpenJDK 64-Bit Server VM (25.0.1+8-27) for windows-amd64 JRE (25.0.1+8-27), built on 2025-09-25T16:41:16Z with unknown MS VC++:1943

END.
